[2023-05-12T14:08:11.310+0000] {processor.py:156} INFO - Started process (PID=47) to work on /opt/airflow/dags/2-python_operator.py
[2023-05-12T14:08:11.318+0000] {processor.py:799} INFO - Processing file /opt/airflow/dags/2-python_operator.py for tasks to queue
[2023-05-12T14:08:11.321+0000] {logging_mixin.py:149} INFO - [2023-05-12T14:08:11.321+0000] {dagbag.py:541} INFO - Filling up the DagBag from /opt/airflow/dags/2-python_operator.py
[2023-05-12T14:08:11.384+0000] {processor.py:809} INFO - DAG(s) dict_keys(['python_operator']) retrieved from /opt/airflow/dags/2-python_operator.py
[2023-05-12T14:08:11.532+0000] {logging_mixin.py:149} INFO - [2023-05-12T14:08:11.532+0000] {dag.py:2726} INFO - Sync 1 DAGs
[2023-05-12T14:08:11.866+0000] {logging_mixin.py:149} INFO - [2023-05-12T14:08:11.866+0000] {dag.py:3490} INFO - Setting next_dagrun for python_operator to None, run_after=None
[2023-05-12T14:08:12.318+0000] {processor.py:178} INFO - Processing /opt/airflow/dags/2-python_operator.py took 1.044 seconds
[2023-05-12T14:08:50.127+0000] {processor.py:156} INFO - Started process (PID=58) to work on /opt/airflow/dags/2-python_operator.py
[2023-05-12T14:08:50.136+0000] {processor.py:799} INFO - Processing file /opt/airflow/dags/2-python_operator.py for tasks to queue
[2023-05-12T14:08:50.144+0000] {logging_mixin.py:149} INFO - [2023-05-12T14:08:50.143+0000] {dagbag.py:541} INFO - Filling up the DagBag from /opt/airflow/dags/2-python_operator.py
[2023-05-12T14:08:50.256+0000] {processor.py:809} INFO - DAG(s) dict_keys(['python_operator']) retrieved from /opt/airflow/dags/2-python_operator.py
[2023-05-12T14:08:50.518+0000] {logging_mixin.py:149} INFO - [2023-05-12T14:08:50.517+0000] {dag.py:2726} INFO - Sync 1 DAGs
[2023-05-12T14:08:50.861+0000] {logging_mixin.py:149} INFO - [2023-05-12T14:08:50.859+0000] {dag.py:3490} INFO - Setting next_dagrun for python_operator to None, run_after=None
[2023-05-12T14:08:51.309+0000] {processor.py:178} INFO - Processing /opt/airflow/dags/2-python_operator.py took 1.236 seconds
[2023-05-12T14:09:24.666+0000] {processor.py:156} INFO - Started process (PID=71) to work on /opt/airflow/dags/2-python_operator.py
[2023-05-12T14:09:24.695+0000] {processor.py:799} INFO - Processing file /opt/airflow/dags/2-python_operator.py for tasks to queue
[2023-05-12T14:09:24.707+0000] {logging_mixin.py:149} INFO - [2023-05-12T14:09:24.706+0000] {dagbag.py:541} INFO - Filling up the DagBag from /opt/airflow/dags/2-python_operator.py
[2023-05-12T14:09:25.057+0000] {processor.py:809} INFO - DAG(s) dict_keys(['python_operator']) retrieved from /opt/airflow/dags/2-python_operator.py
[2023-05-12T14:09:25.855+0000] {logging_mixin.py:149} INFO - [2023-05-12T14:09:25.854+0000] {dag.py:2726} INFO - Sync 1 DAGs
[2023-05-12T14:09:26.805+0000] {logging_mixin.py:149} INFO - [2023-05-12T14:09:26.805+0000] {dag.py:3490} INFO - Setting next_dagrun for python_operator to None, run_after=None
[2023-05-12T14:09:27.227+0000] {processor.py:178} INFO - Processing /opt/airflow/dags/2-python_operator.py took 2.643 seconds
[2023-05-12T14:09:57.539+0000] {processor.py:156} INFO - Started process (PID=83) to work on /opt/airflow/dags/2-python_operator.py
[2023-05-12T14:09:57.541+0000] {processor.py:799} INFO - Processing file /opt/airflow/dags/2-python_operator.py for tasks to queue
[2023-05-12T14:09:57.542+0000] {logging_mixin.py:149} INFO - [2023-05-12T14:09:57.542+0000] {dagbag.py:541} INFO - Filling up the DagBag from /opt/airflow/dags/2-python_operator.py
[2023-05-12T14:09:57.582+0000] {processor.py:809} INFO - DAG(s) dict_keys(['python_operator']) retrieved from /opt/airflow/dags/2-python_operator.py
[2023-05-12T14:09:57.731+0000] {logging_mixin.py:149} INFO - [2023-05-12T14:09:57.730+0000] {dag.py:2726} INFO - Sync 1 DAGs
[2023-05-12T14:09:57.920+0000] {logging_mixin.py:149} INFO - [2023-05-12T14:09:57.920+0000] {dag.py:3490} INFO - Setting next_dagrun for python_operator to None, run_after=None
[2023-05-12T14:09:58.069+0000] {processor.py:178} INFO - Processing /opt/airflow/dags/2-python_operator.py took 0.537 seconds
[2023-05-12T14:10:28.254+0000] {processor.py:156} INFO - Started process (PID=95) to work on /opt/airflow/dags/2-python_operator.py
[2023-05-12T14:10:28.312+0000] {processor.py:799} INFO - Processing file /opt/airflow/dags/2-python_operator.py for tasks to queue
[2023-05-12T14:10:28.313+0000] {logging_mixin.py:149} INFO - [2023-05-12T14:10:28.313+0000] {dagbag.py:541} INFO - Filling up the DagBag from /opt/airflow/dags/2-python_operator.py
[2023-05-12T14:10:28.356+0000] {processor.py:809} INFO - DAG(s) dict_keys(['python_operator']) retrieved from /opt/airflow/dags/2-python_operator.py
[2023-05-12T14:10:28.427+0000] {logging_mixin.py:149} INFO - [2023-05-12T14:10:28.427+0000] {dag.py:2726} INFO - Sync 1 DAGs
[2023-05-12T14:10:28.559+0000] {logging_mixin.py:149} INFO - [2023-05-12T14:10:28.558+0000] {dag.py:3490} INFO - Setting next_dagrun for python_operator to None, run_after=None
[2023-05-12T14:10:28.632+0000] {processor.py:178} INFO - Processing /opt/airflow/dags/2-python_operator.py took 0.387 seconds
[2023-05-12T14:10:59.009+0000] {processor.py:156} INFO - Started process (PID=108) to work on /opt/airflow/dags/2-python_operator.py
[2023-05-12T14:10:59.016+0000] {processor.py:799} INFO - Processing file /opt/airflow/dags/2-python_operator.py for tasks to queue
[2023-05-12T14:10:59.019+0000] {logging_mixin.py:149} INFO - [2023-05-12T14:10:59.019+0000] {dagbag.py:541} INFO - Filling up the DagBag from /opt/airflow/dags/2-python_operator.py
[2023-05-12T14:10:59.110+0000] {processor.py:809} INFO - DAG(s) dict_keys(['python_operator']) retrieved from /opt/airflow/dags/2-python_operator.py
[2023-05-12T14:10:59.336+0000] {logging_mixin.py:149} INFO - [2023-05-12T14:10:59.335+0000] {dag.py:2726} INFO - Sync 1 DAGs
[2023-05-12T14:11:00.022+0000] {logging_mixin.py:149} INFO - [2023-05-12T14:11:00.022+0000] {dag.py:3490} INFO - Setting next_dagrun for python_operator to None, run_after=None
[2023-05-12T14:11:00.123+0000] {processor.py:178} INFO - Processing /opt/airflow/dags/2-python_operator.py took 1.130 seconds
[2023-05-12T14:11:30.826+0000] {processor.py:156} INFO - Started process (PID=120) to work on /opt/airflow/dags/2-python_operator.py
[2023-05-12T14:11:30.830+0000] {processor.py:799} INFO - Processing file /opt/airflow/dags/2-python_operator.py for tasks to queue
[2023-05-12T14:11:30.836+0000] {logging_mixin.py:149} INFO - [2023-05-12T14:11:30.835+0000] {dagbag.py:541} INFO - Filling up the DagBag from /opt/airflow/dags/2-python_operator.py
[2023-05-12T14:11:30.888+0000] {processor.py:809} INFO - DAG(s) dict_keys(['python_operator']) retrieved from /opt/airflow/dags/2-python_operator.py
[2023-05-12T14:11:31.122+0000] {logging_mixin.py:149} INFO - [2023-05-12T14:11:31.122+0000] {dag.py:2726} INFO - Sync 1 DAGs
[2023-05-12T14:11:31.218+0000] {logging_mixin.py:149} INFO - [2023-05-12T14:11:31.215+0000] {dag.py:3490} INFO - Setting next_dagrun for python_operator to None, run_after=None
[2023-05-12T14:11:31.284+0000] {processor.py:178} INFO - Processing /opt/airflow/dags/2-python_operator.py took 0.492 seconds
[2023-05-12T14:12:01.367+0000] {processor.py:156} INFO - Started process (PID=131) to work on /opt/airflow/dags/2-python_operator.py
[2023-05-12T14:12:01.370+0000] {processor.py:799} INFO - Processing file /opt/airflow/dags/2-python_operator.py for tasks to queue
[2023-05-12T14:12:01.379+0000] {logging_mixin.py:149} INFO - [2023-05-12T14:12:01.378+0000] {dagbag.py:541} INFO - Filling up the DagBag from /opt/airflow/dags/2-python_operator.py
[2023-05-12T14:12:01.395+0000] {processor.py:809} INFO - DAG(s) dict_keys(['python_operator']) retrieved from /opt/airflow/dags/2-python_operator.py
[2023-05-12T14:12:01.456+0000] {logging_mixin.py:149} INFO - [2023-05-12T14:12:01.456+0000] {dag.py:2726} INFO - Sync 1 DAGs
[2023-05-12T14:12:01.511+0000] {logging_mixin.py:149} INFO - [2023-05-12T14:12:01.511+0000] {dag.py:3490} INFO - Setting next_dagrun for python_operator to None, run_after=None
[2023-05-12T14:12:01.588+0000] {processor.py:178} INFO - Processing /opt/airflow/dags/2-python_operator.py took 0.226 seconds
[2023-05-12T14:12:31.630+0000] {processor.py:156} INFO - Started process (PID=144) to work on /opt/airflow/dags/2-python_operator.py
[2023-05-12T14:12:31.632+0000] {processor.py:799} INFO - Processing file /opt/airflow/dags/2-python_operator.py for tasks to queue
[2023-05-12T14:12:31.633+0000] {logging_mixin.py:149} INFO - [2023-05-12T14:12:31.633+0000] {dagbag.py:541} INFO - Filling up the DagBag from /opt/airflow/dags/2-python_operator.py
[2023-05-12T14:12:31.646+0000] {processor.py:809} INFO - DAG(s) dict_keys(['python_operator']) retrieved from /opt/airflow/dags/2-python_operator.py
[2023-05-12T14:12:31.684+0000] {logging_mixin.py:149} INFO - [2023-05-12T14:12:31.684+0000] {dag.py:2726} INFO - Sync 1 DAGs
[2023-05-12T14:12:31.727+0000] {logging_mixin.py:149} INFO - [2023-05-12T14:12:31.727+0000] {dag.py:3490} INFO - Setting next_dagrun for python_operator to None, run_after=None
[2023-05-12T14:12:31.756+0000] {processor.py:178} INFO - Processing /opt/airflow/dags/2-python_operator.py took 0.131 seconds
