[2023-05-12T14:08:09.299+0000] {processor.py:156} INFO - Started process (PID=46) to work on /opt/airflow/dags/3-dependencias.py
[2023-05-12T14:08:09.323+0000] {processor.py:799} INFO - Processing file /opt/airflow/dags/3-dependencias.py for tasks to queue
[2023-05-12T14:08:09.324+0000] {logging_mixin.py:149} INFO - [2023-05-12T14:08:09.324+0000] {dagbag.py:541} INFO - Filling up the DagBag from /opt/airflow/dags/3-dependencias.py
[2023-05-12T14:08:09.709+0000] {processor.py:809} INFO - DAG(s) dict_keys(['Dependencies']) retrieved from /opt/airflow/dags/3-dependencias.py
[2023-05-12T14:08:10.407+0000] {logging_mixin.py:149} INFO - [2023-05-12T14:08:10.407+0000] {dag.py:2726} INFO - Sync 1 DAGs
[2023-05-12T14:08:10.703+0000] {logging_mixin.py:149} INFO - [2023-05-12T14:08:10.702+0000] {dag.py:3490} INFO - Setting next_dagrun for Dependencies to 2022-08-01T00:00:00+00:00, run_after=2022-08-01T00:00:00+00:00
[2023-05-12T14:08:11.152+0000] {processor.py:178} INFO - Processing /opt/airflow/dags/3-dependencias.py took 1.873 seconds
[2023-05-12T14:08:43.385+0000] {processor.py:156} INFO - Started process (PID=57) to work on /opt/airflow/dags/3-dependencias.py
[2023-05-12T14:08:43.614+0000] {processor.py:799} INFO - Processing file /opt/airflow/dags/3-dependencias.py for tasks to queue
[2023-05-12T14:08:43.671+0000] {logging_mixin.py:149} INFO - [2023-05-12T14:08:43.652+0000] {dagbag.py:541} INFO - Filling up the DagBag from /opt/airflow/dags/3-dependencias.py
[2023-05-12T14:08:45.030+0000] {processor.py:809} INFO - DAG(s) dict_keys(['Dependencies']) retrieved from /opt/airflow/dags/3-dependencias.py
[2023-05-12T14:08:46.993+0000] {logging_mixin.py:149} INFO - [2023-05-12T14:08:46.992+0000] {dag.py:2726} INFO - Sync 1 DAGs
[2023-05-12T14:08:49.458+0000] {logging_mixin.py:149} INFO - [2023-05-12T14:08:49.458+0000] {dag.py:3490} INFO - Setting next_dagrun for Dependencies to 2022-08-01T00:00:00+00:00, run_after=2022-08-01T00:00:00+00:00
[2023-05-12T14:08:49.917+0000] {processor.py:178} INFO - Processing /opt/airflow/dags/3-dependencias.py took 7.183 seconds
[2023-05-12T14:09:20.885+0000] {processor.py:156} INFO - Started process (PID=70) to work on /opt/airflow/dags/3-dependencias.py
[2023-05-12T14:09:20.938+0000] {processor.py:799} INFO - Processing file /opt/airflow/dags/3-dependencias.py for tasks to queue
[2023-05-12T14:09:20.940+0000] {logging_mixin.py:149} INFO - [2023-05-12T14:09:20.940+0000] {dagbag.py:541} INFO - Filling up the DagBag from /opt/airflow/dags/3-dependencias.py
[2023-05-12T14:09:21.195+0000] {processor.py:809} INFO - DAG(s) dict_keys(['Dependencies']) retrieved from /opt/airflow/dags/3-dependencias.py
[2023-05-12T14:09:21.962+0000] {logging_mixin.py:149} INFO - [2023-05-12T14:09:21.961+0000] {dag.py:2726} INFO - Sync 1 DAGs
[2023-05-12T14:09:22.849+0000] {logging_mixin.py:149} INFO - [2023-05-12T14:09:22.848+0000] {dag.py:3490} INFO - Setting next_dagrun for Dependencies to 2022-08-01T00:00:00+00:00, run_after=2022-08-01T00:00:00+00:00
[2023-05-12T14:09:24.412+0000] {processor.py:178} INFO - Processing /opt/airflow/dags/3-dependencias.py took 3.694 seconds
