[2023-05-12T14:08:09.092+0000] {processor.py:156} INFO - Started process (PID=45) to work on /opt/airflow/dags/4-custom_operator.py
[2023-05-12T14:08:09.093+0000] {processor.py:799} INFO - Processing file /opt/airflow/dags/4-custom_operator.py for tasks to queue
[2023-05-12T14:08:09.111+0000] {logging_mixin.py:149} INFO - [2023-05-12T14:08:09.110+0000] {dagbag.py:541} INFO - Filling up the DagBag from /opt/airflow/dags/4-custom_operator.py
[2023-05-12T14:08:09.396+0000] {processor.py:809} INFO - DAG(s) dict_keys(['custom_operator']) retrieved from /opt/airflow/dags/4-custom_operator.py
[2023-05-12T14:08:10.411+0000] {logging_mixin.py:149} INFO - [2023-05-12T14:08:10.410+0000] {dag.py:2726} INFO - Sync 1 DAGs
[2023-05-12T14:08:10.957+0000] {logging_mixin.py:149} INFO - [2023-05-12T14:08:10.956+0000] {dag.py:3490} INFO - Setting next_dagrun for custom_operator to None, run_after=None
[2023-05-12T14:08:11.350+0000] {processor.py:178} INFO - Processing /opt/airflow/dags/4-custom_operator.py took 2.292 seconds
[2023-05-12T14:08:43.114+0000] {processor.py:156} INFO - Started process (PID=56) to work on /opt/airflow/dags/4-custom_operator.py
[2023-05-12T14:08:43.213+0000] {processor.py:799} INFO - Processing file /opt/airflow/dags/4-custom_operator.py for tasks to queue
[2023-05-12T14:08:43.465+0000] {logging_mixin.py:149} INFO - [2023-05-12T14:08:43.464+0000] {dagbag.py:541} INFO - Filling up the DagBag from /opt/airflow/dags/4-custom_operator.py
[2023-05-12T14:08:45.038+0000] {processor.py:809} INFO - DAG(s) dict_keys(['custom_operator']) retrieved from /opt/airflow/dags/4-custom_operator.py
[2023-05-12T14:08:46.964+0000] {logging_mixin.py:149} INFO - [2023-05-12T14:08:46.963+0000] {dag.py:2726} INFO - Sync 1 DAGs
[2023-05-12T14:08:49.405+0000] {logging_mixin.py:149} INFO - [2023-05-12T14:08:49.405+0000] {dag.py:3490} INFO - Setting next_dagrun for custom_operator to None, run_after=None
[2023-05-12T14:08:49.874+0000] {processor.py:178} INFO - Processing /opt/airflow/dags/4-custom_operator.py took 7.479 seconds
[2023-05-12T14:09:20.663+0000] {processor.py:156} INFO - Started process (PID=69) to work on /opt/airflow/dags/4-custom_operator.py
[2023-05-12T14:09:20.789+0000] {processor.py:799} INFO - Processing file /opt/airflow/dags/4-custom_operator.py for tasks to queue
[2023-05-12T14:09:20.803+0000] {logging_mixin.py:149} INFO - [2023-05-12T14:09:20.802+0000] {dagbag.py:541} INFO - Filling up the DagBag from /opt/airflow/dags/4-custom_operator.py
[2023-05-12T14:09:21.212+0000] {processor.py:809} INFO - DAG(s) dict_keys(['custom_operator']) retrieved from /opt/airflow/dags/4-custom_operator.py
[2023-05-12T14:09:21.948+0000] {logging_mixin.py:149} INFO - [2023-05-12T14:09:21.944+0000] {dag.py:2726} INFO - Sync 1 DAGs
[2023-05-12T14:09:22.720+0000] {logging_mixin.py:149} INFO - [2023-05-12T14:09:22.719+0000] {dag.py:3490} INFO - Setting next_dagrun for custom_operator to None, run_after=None
[2023-05-12T14:09:24.468+0000] {processor.py:178} INFO - Processing /opt/airflow/dags/4-custom_operator.py took 3.944 seconds
[2023-05-12T14:09:55.111+0000] {processor.py:156} INFO - Started process (PID=81) to work on /opt/airflow/dags/4-custom_operator.py
[2023-05-12T14:09:55.114+0000] {processor.py:799} INFO - Processing file /opt/airflow/dags/4-custom_operator.py for tasks to queue
[2023-05-12T14:09:55.116+0000] {logging_mixin.py:149} INFO - [2023-05-12T14:09:55.116+0000] {dagbag.py:541} INFO - Filling up the DagBag from /opt/airflow/dags/4-custom_operator.py
[2023-05-12T14:09:55.149+0000] {processor.py:809} INFO - DAG(s) dict_keys(['custom_operator']) retrieved from /opt/airflow/dags/4-custom_operator.py
[2023-05-12T14:09:55.290+0000] {logging_mixin.py:149} INFO - [2023-05-12T14:09:55.290+0000] {dag.py:2726} INFO - Sync 1 DAGs
[2023-05-12T14:09:55.399+0000] {logging_mixin.py:149} INFO - [2023-05-12T14:09:55.399+0000] {dag.py:3490} INFO - Setting next_dagrun for custom_operator to None, run_after=None
[2023-05-12T14:09:55.462+0000] {processor.py:178} INFO - Processing /opt/airflow/dags/4-custom_operator.py took 0.361 seconds
[2023-05-12T14:10:25.692+0000] {processor.py:156} INFO - Started process (PID=93) to work on /opt/airflow/dags/4-custom_operator.py
[2023-05-12T14:10:25.696+0000] {processor.py:799} INFO - Processing file /opt/airflow/dags/4-custom_operator.py for tasks to queue
[2023-05-12T14:10:25.699+0000] {logging_mixin.py:149} INFO - [2023-05-12T14:10:25.698+0000] {dagbag.py:541} INFO - Filling up the DagBag from /opt/airflow/dags/4-custom_operator.py
[2023-05-12T14:10:25.733+0000] {processor.py:809} INFO - DAG(s) dict_keys(['custom_operator']) retrieved from /opt/airflow/dags/4-custom_operator.py
[2023-05-12T14:10:25.865+0000] {logging_mixin.py:149} INFO - [2023-05-12T14:10:25.865+0000] {dag.py:2726} INFO - Sync 1 DAGs
[2023-05-12T14:10:26.144+0000] {logging_mixin.py:149} INFO - [2023-05-12T14:10:26.144+0000] {dag.py:3490} INFO - Setting next_dagrun for custom_operator to None, run_after=None
[2023-05-12T14:10:26.216+0000] {processor.py:178} INFO - Processing /opt/airflow/dags/4-custom_operator.py took 0.538 seconds
[2023-05-12T14:10:56.930+0000] {processor.py:156} INFO - Started process (PID=107) to work on /opt/airflow/dags/4-custom_operator.py
[2023-05-12T14:10:56.943+0000] {processor.py:799} INFO - Processing file /opt/airflow/dags/4-custom_operator.py for tasks to queue
[2023-05-12T14:10:56.946+0000] {logging_mixin.py:149} INFO - [2023-05-12T14:10:56.945+0000] {dagbag.py:541} INFO - Filling up the DagBag from /opt/airflow/dags/4-custom_operator.py
[2023-05-12T14:10:56.969+0000] {processor.py:809} INFO - DAG(s) dict_keys(['custom_operator']) retrieved from /opt/airflow/dags/4-custom_operator.py
[2023-05-12T14:10:57.049+0000] {logging_mixin.py:149} INFO - [2023-05-12T14:10:57.049+0000] {dag.py:2726} INFO - Sync 1 DAGs
[2023-05-12T14:10:57.126+0000] {logging_mixin.py:149} INFO - [2023-05-12T14:10:57.126+0000] {dag.py:3490} INFO - Setting next_dagrun for custom_operator to None, run_after=None
[2023-05-12T14:10:57.172+0000] {processor.py:178} INFO - Processing /opt/airflow/dags/4-custom_operator.py took 0.247 seconds
[2023-05-12T14:11:27.491+0000] {processor.py:156} INFO - Started process (PID=118) to work on /opt/airflow/dags/4-custom_operator.py
[2023-05-12T14:11:27.493+0000] {processor.py:799} INFO - Processing file /opt/airflow/dags/4-custom_operator.py for tasks to queue
[2023-05-12T14:11:27.495+0000] {logging_mixin.py:149} INFO - [2023-05-12T14:11:27.495+0000] {dagbag.py:541} INFO - Filling up the DagBag from /opt/airflow/dags/4-custom_operator.py
[2023-05-12T14:11:27.515+0000] {processor.py:809} INFO - DAG(s) dict_keys(['custom_operator']) retrieved from /opt/airflow/dags/4-custom_operator.py
[2023-05-12T14:11:27.596+0000] {logging_mixin.py:149} INFO - [2023-05-12T14:11:27.596+0000] {dag.py:2726} INFO - Sync 1 DAGs
[2023-05-12T14:11:27.657+0000] {logging_mixin.py:149} INFO - [2023-05-12T14:11:27.656+0000] {dag.py:3490} INFO - Setting next_dagrun for custom_operator to None, run_after=None
[2023-05-12T14:11:27.739+0000] {processor.py:178} INFO - Processing /opt/airflow/dags/4-custom_operator.py took 0.252 seconds
[2023-05-12T14:11:58.580+0000] {processor.py:156} INFO - Started process (PID=129) to work on /opt/airflow/dags/4-custom_operator.py
[2023-05-12T14:11:58.586+0000] {processor.py:799} INFO - Processing file /opt/airflow/dags/4-custom_operator.py for tasks to queue
[2023-05-12T14:11:58.587+0000] {logging_mixin.py:149} INFO - [2023-05-12T14:11:58.587+0000] {dagbag.py:541} INFO - Filling up the DagBag from /opt/airflow/dags/4-custom_operator.py
[2023-05-12T14:11:58.617+0000] {processor.py:809} INFO - DAG(s) dict_keys(['custom_operator']) retrieved from /opt/airflow/dags/4-custom_operator.py
[2023-05-12T14:11:58.891+0000] {logging_mixin.py:149} INFO - [2023-05-12T14:11:58.888+0000] {dag.py:2726} INFO - Sync 1 DAGs
[2023-05-12T14:11:59.053+0000] {logging_mixin.py:149} INFO - [2023-05-12T14:11:59.052+0000] {dag.py:3490} INFO - Setting next_dagrun for custom_operator to None, run_after=None
[2023-05-12T14:11:59.314+0000] {processor.py:178} INFO - Processing /opt/airflow/dags/4-custom_operator.py took 0.753 seconds
[2023-05-12T14:12:29.387+0000] {processor.py:156} INFO - Started process (PID=142) to work on /opt/airflow/dags/4-custom_operator.py
[2023-05-12T14:12:29.390+0000] {processor.py:799} INFO - Processing file /opt/airflow/dags/4-custom_operator.py for tasks to queue
[2023-05-12T14:12:29.391+0000] {logging_mixin.py:149} INFO - [2023-05-12T14:12:29.391+0000] {dagbag.py:541} INFO - Filling up the DagBag from /opt/airflow/dags/4-custom_operator.py
[2023-05-12T14:12:29.418+0000] {processor.py:809} INFO - DAG(s) dict_keys(['custom_operator']) retrieved from /opt/airflow/dags/4-custom_operator.py
[2023-05-12T14:12:29.501+0000] {logging_mixin.py:149} INFO - [2023-05-12T14:12:29.501+0000] {dag.py:2726} INFO - Sync 1 DAGs
[2023-05-12T14:12:29.556+0000] {logging_mixin.py:149} INFO - [2023-05-12T14:12:29.555+0000] {dag.py:3490} INFO - Setting next_dagrun for custom_operator to None, run_after=None
[2023-05-12T14:12:29.589+0000] {processor.py:178} INFO - Processing /opt/airflow/dags/4-custom_operator.py took 0.213 seconds
[2023-05-12T14:13:00.153+0000] {processor.py:156} INFO - Started process (PID=154) to work on /opt/airflow/dags/4-custom_operator.py
[2023-05-12T14:13:00.155+0000] {processor.py:799} INFO - Processing file /opt/airflow/dags/4-custom_operator.py for tasks to queue
[2023-05-12T14:13:00.157+0000] {logging_mixin.py:149} INFO - [2023-05-12T14:13:00.157+0000] {dagbag.py:541} INFO - Filling up the DagBag from /opt/airflow/dags/4-custom_operator.py
[2023-05-12T14:13:00.175+0000] {processor.py:809} INFO - DAG(s) dict_keys(['custom_operator']) retrieved from /opt/airflow/dags/4-custom_operator.py
[2023-05-12T14:13:00.225+0000] {logging_mixin.py:149} INFO - [2023-05-12T14:13:00.225+0000] {dag.py:2726} INFO - Sync 1 DAGs
[2023-05-12T14:13:00.274+0000] {logging_mixin.py:149} INFO - [2023-05-12T14:13:00.274+0000] {dag.py:3490} INFO - Setting next_dagrun for custom_operator to None, run_after=None
[2023-05-12T14:13:00.311+0000] {processor.py:178} INFO - Processing /opt/airflow/dags/4-custom_operator.py took 0.163 seconds
[2023-05-12T14:13:30.904+0000] {processor.py:156} INFO - Started process (PID=167) to work on /opt/airflow/dags/4-custom_operator.py
[2023-05-12T14:13:30.921+0000] {processor.py:799} INFO - Processing file /opt/airflow/dags/4-custom_operator.py for tasks to queue
[2023-05-12T14:13:30.937+0000] {logging_mixin.py:149} INFO - [2023-05-12T14:13:30.936+0000] {dagbag.py:541} INFO - Filling up the DagBag from /opt/airflow/dags/4-custom_operator.py
[2023-05-12T14:13:31.020+0000] {processor.py:809} INFO - DAG(s) dict_keys(['custom_operator']) retrieved from /opt/airflow/dags/4-custom_operator.py
[2023-05-12T14:13:31.167+0000] {logging_mixin.py:149} INFO - [2023-05-12T14:13:31.167+0000] {dag.py:2726} INFO - Sync 1 DAGs
[2023-05-12T14:13:31.300+0000] {logging_mixin.py:149} INFO - [2023-05-12T14:13:31.300+0000] {dag.py:3490} INFO - Setting next_dagrun for custom_operator to None, run_after=None
[2023-05-12T14:13:35.437+0000] {processor.py:178} INFO - Processing /opt/airflow/dags/4-custom_operator.py took 4.565 seconds
[2023-05-12T14:14:05.843+0000] {processor.py:156} INFO - Started process (PID=187) to work on /opt/airflow/dags/4-custom_operator.py
[2023-05-12T14:14:05.845+0000] {processor.py:799} INFO - Processing file /opt/airflow/dags/4-custom_operator.py for tasks to queue
[2023-05-12T14:14:05.847+0000] {logging_mixin.py:149} INFO - [2023-05-12T14:14:05.847+0000] {dagbag.py:541} INFO - Filling up the DagBag from /opt/airflow/dags/4-custom_operator.py
[2023-05-12T14:14:05.862+0000] {processor.py:809} INFO - DAG(s) dict_keys(['custom_operator']) retrieved from /opt/airflow/dags/4-custom_operator.py
[2023-05-12T14:14:05.907+0000] {logging_mixin.py:149} INFO - [2023-05-12T14:14:05.906+0000] {dag.py:2726} INFO - Sync 1 DAGs
[2023-05-12T14:14:06.161+0000] {logging_mixin.py:149} INFO - [2023-05-12T14:14:06.161+0000] {dag.py:3490} INFO - Setting next_dagrun for custom_operator to None, run_after=None
[2023-05-12T14:14:06.216+0000] {processor.py:178} INFO - Processing /opt/airflow/dags/4-custom_operator.py took 0.381 seconds
[2023-05-12T14:14:36.604+0000] {processor.py:156} INFO - Started process (PID=198) to work on /opt/airflow/dags/4-custom_operator.py
[2023-05-12T14:14:36.607+0000] {processor.py:799} INFO - Processing file /opt/airflow/dags/4-custom_operator.py for tasks to queue
[2023-05-12T14:14:36.608+0000] {logging_mixin.py:149} INFO - [2023-05-12T14:14:36.608+0000] {dagbag.py:541} INFO - Filling up the DagBag from /opt/airflow/dags/4-custom_operator.py
[2023-05-12T14:14:36.623+0000] {processor.py:809} INFO - DAG(s) dict_keys(['custom_operator']) retrieved from /opt/airflow/dags/4-custom_operator.py
[2023-05-12T14:14:36.665+0000] {logging_mixin.py:149} INFO - [2023-05-12T14:14:36.664+0000] {dag.py:2726} INFO - Sync 1 DAGs
[2023-05-12T14:14:36.937+0000] {logging_mixin.py:149} INFO - [2023-05-12T14:14:36.937+0000] {dag.py:3490} INFO - Setting next_dagrun for custom_operator to None, run_after=None
[2023-05-12T14:14:36.981+0000] {processor.py:178} INFO - Processing /opt/airflow/dags/4-custom_operator.py took 0.382 seconds
[2023-05-12T14:15:07.354+0000] {processor.py:156} INFO - Started process (PID=210) to work on /opt/airflow/dags/4-custom_operator.py
[2023-05-12T14:15:07.356+0000] {processor.py:799} INFO - Processing file /opt/airflow/dags/4-custom_operator.py for tasks to queue
[2023-05-12T14:15:07.357+0000] {logging_mixin.py:149} INFO - [2023-05-12T14:15:07.357+0000] {dagbag.py:541} INFO - Filling up the DagBag from /opt/airflow/dags/4-custom_operator.py
[2023-05-12T14:15:07.374+0000] {processor.py:809} INFO - DAG(s) dict_keys(['custom_operator']) retrieved from /opt/airflow/dags/4-custom_operator.py
[2023-05-12T14:15:07.440+0000] {logging_mixin.py:149} INFO - [2023-05-12T14:15:07.440+0000] {dag.py:2726} INFO - Sync 1 DAGs
[2023-05-12T14:15:07.500+0000] {logging_mixin.py:149} INFO - [2023-05-12T14:15:07.500+0000] {dag.py:3490} INFO - Setting next_dagrun for custom_operator to None, run_after=None
[2023-05-12T14:15:07.528+0000] {processor.py:178} INFO - Processing /opt/airflow/dags/4-custom_operator.py took 0.178 seconds
[2023-05-12T14:15:38.219+0000] {processor.py:156} INFO - Started process (PID=222) to work on /opt/airflow/dags/4-custom_operator.py
[2023-05-12T14:15:38.223+0000] {processor.py:799} INFO - Processing file /opt/airflow/dags/4-custom_operator.py for tasks to queue
[2023-05-12T14:15:38.225+0000] {logging_mixin.py:149} INFO - [2023-05-12T14:15:38.225+0000] {dagbag.py:541} INFO - Filling up the DagBag from /opt/airflow/dags/4-custom_operator.py
[2023-05-12T14:15:38.241+0000] {processor.py:809} INFO - DAG(s) dict_keys(['custom_operator']) retrieved from /opt/airflow/dags/4-custom_operator.py
[2023-05-12T14:15:38.292+0000] {logging_mixin.py:149} INFO - [2023-05-12T14:15:38.292+0000] {dag.py:2726} INFO - Sync 1 DAGs
[2023-05-12T14:15:38.350+0000] {logging_mixin.py:149} INFO - [2023-05-12T14:15:38.349+0000] {dag.py:3490} INFO - Setting next_dagrun for custom_operator to None, run_after=None
[2023-05-12T14:15:38.381+0000] {processor.py:178} INFO - Processing /opt/airflow/dags/4-custom_operator.py took 0.175 seconds
[2023-05-12T14:16:09.043+0000] {processor.py:156} INFO - Started process (PID=234) to work on /opt/airflow/dags/4-custom_operator.py
[2023-05-12T14:16:09.047+0000] {processor.py:799} INFO - Processing file /opt/airflow/dags/4-custom_operator.py for tasks to queue
[2023-05-12T14:16:09.048+0000] {logging_mixin.py:149} INFO - [2023-05-12T14:16:09.048+0000] {dagbag.py:541} INFO - Filling up the DagBag from /opt/airflow/dags/4-custom_operator.py
[2023-05-12T14:16:09.075+0000] {processor.py:809} INFO - DAG(s) dict_keys(['custom_operator']) retrieved from /opt/airflow/dags/4-custom_operator.py
[2023-05-12T14:16:09.138+0000] {logging_mixin.py:149} INFO - [2023-05-12T14:16:09.137+0000] {dag.py:2726} INFO - Sync 1 DAGs
[2023-05-12T14:16:09.206+0000] {logging_mixin.py:149} INFO - [2023-05-12T14:16:09.206+0000] {dag.py:3490} INFO - Setting next_dagrun for custom_operator to None, run_after=None
[2023-05-12T14:16:09.454+0000] {processor.py:178} INFO - Processing /opt/airflow/dags/4-custom_operator.py took 0.433 seconds
[2023-05-12T14:16:39.611+0000] {processor.py:156} INFO - Started process (PID=247) to work on /opt/airflow/dags/4-custom_operator.py
[2023-05-12T14:16:39.621+0000] {processor.py:799} INFO - Processing file /opt/airflow/dags/4-custom_operator.py for tasks to queue
[2023-05-12T14:16:39.622+0000] {logging_mixin.py:149} INFO - [2023-05-12T14:16:39.622+0000] {dagbag.py:541} INFO - Filling up the DagBag from /opt/airflow/dags/4-custom_operator.py
[2023-05-12T14:16:39.664+0000] {processor.py:809} INFO - DAG(s) dict_keys(['custom_operator']) retrieved from /opt/airflow/dags/4-custom_operator.py
[2023-05-12T14:16:39.814+0000] {logging_mixin.py:149} INFO - [2023-05-12T14:16:39.814+0000] {dag.py:2726} INFO - Sync 1 DAGs
[2023-05-12T14:16:40.217+0000] {logging_mixin.py:149} INFO - [2023-05-12T14:16:40.217+0000] {dag.py:3490} INFO - Setting next_dagrun for custom_operator to None, run_after=None
[2023-05-12T14:16:40.254+0000] {processor.py:178} INFO - Processing /opt/airflow/dags/4-custom_operator.py took 0.649 seconds
[2023-05-12T14:17:10.466+0000] {processor.py:156} INFO - Started process (PID=259) to work on /opt/airflow/dags/4-custom_operator.py
[2023-05-12T14:17:10.469+0000] {processor.py:799} INFO - Processing file /opt/airflow/dags/4-custom_operator.py for tasks to queue
[2023-05-12T14:17:10.472+0000] {logging_mixin.py:149} INFO - [2023-05-12T14:17:10.471+0000] {dagbag.py:541} INFO - Filling up the DagBag from /opt/airflow/dags/4-custom_operator.py
[2023-05-12T14:17:10.521+0000] {processor.py:809} INFO - DAG(s) dict_keys(['custom_operator']) retrieved from /opt/airflow/dags/4-custom_operator.py
[2023-05-12T14:17:10.610+0000] {logging_mixin.py:149} INFO - [2023-05-12T14:17:10.609+0000] {dag.py:2726} INFO - Sync 1 DAGs
[2023-05-12T14:17:11.544+0000] {logging_mixin.py:149} INFO - [2023-05-12T14:17:11.544+0000] {dag.py:3490} INFO - Setting next_dagrun for custom_operator to None, run_after=None
[2023-05-12T14:17:11.639+0000] {processor.py:178} INFO - Processing /opt/airflow/dags/4-custom_operator.py took 1.191 seconds
[2023-05-12T14:17:42.063+0000] {processor.py:156} INFO - Started process (PID=272) to work on /opt/airflow/dags/4-custom_operator.py
[2023-05-12T14:17:42.065+0000] {processor.py:799} INFO - Processing file /opt/airflow/dags/4-custom_operator.py for tasks to queue
[2023-05-12T14:17:42.067+0000] {logging_mixin.py:149} INFO - [2023-05-12T14:17:42.066+0000] {dagbag.py:541} INFO - Filling up the DagBag from /opt/airflow/dags/4-custom_operator.py
[2023-05-12T14:17:42.103+0000] {processor.py:809} INFO - DAG(s) dict_keys(['custom_operator']) retrieved from /opt/airflow/dags/4-custom_operator.py
[2023-05-12T14:17:42.469+0000] {logging_mixin.py:149} INFO - [2023-05-12T14:17:42.469+0000] {dag.py:2726} INFO - Sync 1 DAGs
[2023-05-12T14:17:42.529+0000] {logging_mixin.py:149} INFO - [2023-05-12T14:17:42.528+0000] {dag.py:3490} INFO - Setting next_dagrun for custom_operator to None, run_after=None
[2023-05-12T14:17:42.570+0000] {processor.py:178} INFO - Processing /opt/airflow/dags/4-custom_operator.py took 0.514 seconds
[2023-05-12T14:18:12.822+0000] {processor.py:156} INFO - Started process (PID=284) to work on /opt/airflow/dags/4-custom_operator.py
[2023-05-12T14:18:12.840+0000] {processor.py:799} INFO - Processing file /opt/airflow/dags/4-custom_operator.py for tasks to queue
[2023-05-12T14:18:12.843+0000] {logging_mixin.py:149} INFO - [2023-05-12T14:18:12.843+0000] {dagbag.py:541} INFO - Filling up the DagBag from /opt/airflow/dags/4-custom_operator.py
[2023-05-12T14:18:12.896+0000] {processor.py:809} INFO - DAG(s) dict_keys(['custom_operator']) retrieved from /opt/airflow/dags/4-custom_operator.py
[2023-05-12T14:18:13.036+0000] {logging_mixin.py:149} INFO - [2023-05-12T14:18:13.035+0000] {dag.py:2726} INFO - Sync 1 DAGs
[2023-05-12T14:18:13.142+0000] {logging_mixin.py:149} INFO - [2023-05-12T14:18:13.141+0000] {dag.py:3490} INFO - Setting next_dagrun for custom_operator to None, run_after=None
[2023-05-12T14:18:13.313+0000] {processor.py:178} INFO - Processing /opt/airflow/dags/4-custom_operator.py took 0.505 seconds
[2023-05-12T14:18:43.929+0000] {processor.py:156} INFO - Started process (PID=296) to work on /opt/airflow/dags/4-custom_operator.py
[2023-05-12T14:18:43.930+0000] {processor.py:799} INFO - Processing file /opt/airflow/dags/4-custom_operator.py for tasks to queue
[2023-05-12T14:18:43.931+0000] {logging_mixin.py:149} INFO - [2023-05-12T14:18:43.930+0000] {dagbag.py:541} INFO - Filling up the DagBag from /opt/airflow/dags/4-custom_operator.py
[2023-05-12T14:18:43.993+0000] {processor.py:809} INFO - DAG(s) dict_keys(['custom_operator']) retrieved from /opt/airflow/dags/4-custom_operator.py
[2023-05-12T14:18:44.126+0000] {logging_mixin.py:149} INFO - [2023-05-12T14:18:44.126+0000] {dag.py:2726} INFO - Sync 1 DAGs
[2023-05-12T14:18:44.257+0000] {logging_mixin.py:149} INFO - [2023-05-12T14:18:44.256+0000] {dag.py:3490} INFO - Setting next_dagrun for custom_operator to None, run_after=None
[2023-05-12T14:18:44.327+0000] {processor.py:178} INFO - Processing /opt/airflow/dags/4-custom_operator.py took 0.404 seconds
[2023-05-12T14:19:14.744+0000] {processor.py:156} INFO - Started process (PID=308) to work on /opt/airflow/dags/4-custom_operator.py
[2023-05-12T14:19:14.747+0000] {processor.py:799} INFO - Processing file /opt/airflow/dags/4-custom_operator.py for tasks to queue
[2023-05-12T14:19:14.749+0000] {logging_mixin.py:149} INFO - [2023-05-12T14:19:14.748+0000] {dagbag.py:541} INFO - Filling up the DagBag from /opt/airflow/dags/4-custom_operator.py
[2023-05-12T14:19:14.774+0000] {processor.py:809} INFO - DAG(s) dict_keys(['custom_operator']) retrieved from /opt/airflow/dags/4-custom_operator.py
[2023-05-12T14:19:14.855+0000] {logging_mixin.py:149} INFO - [2023-05-12T14:19:14.855+0000] {dag.py:2726} INFO - Sync 1 DAGs
[2023-05-12T14:19:15.234+0000] {logging_mixin.py:149} INFO - [2023-05-12T14:19:15.233+0000] {dag.py:3490} INFO - Setting next_dagrun for custom_operator to None, run_after=None
[2023-05-12T14:19:15.284+0000] {processor.py:178} INFO - Processing /opt/airflow/dags/4-custom_operator.py took 0.553 seconds
[2023-05-12T14:19:45.599+0000] {processor.py:156} INFO - Started process (PID=320) to work on /opt/airflow/dags/4-custom_operator.py
[2023-05-12T14:19:45.600+0000] {processor.py:799} INFO - Processing file /opt/airflow/dags/4-custom_operator.py for tasks to queue
[2023-05-12T14:19:45.601+0000] {logging_mixin.py:149} INFO - [2023-05-12T14:19:45.601+0000] {dagbag.py:541} INFO - Filling up the DagBag from /opt/airflow/dags/4-custom_operator.py
[2023-05-12T14:19:45.620+0000] {processor.py:809} INFO - DAG(s) dict_keys(['custom_operator']) retrieved from /opt/airflow/dags/4-custom_operator.py
[2023-05-12T14:19:45.668+0000] {logging_mixin.py:149} INFO - [2023-05-12T14:19:45.667+0000] {dag.py:2726} INFO - Sync 1 DAGs
[2023-05-12T14:19:45.936+0000] {logging_mixin.py:149} INFO - [2023-05-12T14:19:45.935+0000] {dag.py:3490} INFO - Setting next_dagrun for custom_operator to None, run_after=None
[2023-05-12T14:19:45.993+0000] {processor.py:178} INFO - Processing /opt/airflow/dags/4-custom_operator.py took 0.398 seconds
[2023-05-12T14:20:16.175+0000] {processor.py:156} INFO - Started process (PID=331) to work on /opt/airflow/dags/4-custom_operator.py
[2023-05-12T14:20:16.184+0000] {processor.py:799} INFO - Processing file /opt/airflow/dags/4-custom_operator.py for tasks to queue
[2023-05-12T14:20:16.186+0000] {logging_mixin.py:149} INFO - [2023-05-12T14:20:16.185+0000] {dagbag.py:541} INFO - Filling up the DagBag from /opt/airflow/dags/4-custom_operator.py
[2023-05-12T14:20:16.206+0000] {processor.py:809} INFO - DAG(s) dict_keys(['custom_operator']) retrieved from /opt/airflow/dags/4-custom_operator.py
[2023-05-12T14:20:16.254+0000] {logging_mixin.py:149} INFO - [2023-05-12T14:20:16.253+0000] {dag.py:2726} INFO - Sync 1 DAGs
[2023-05-12T14:20:16.626+0000] {logging_mixin.py:149} INFO - [2023-05-12T14:20:16.626+0000] {dag.py:3490} INFO - Setting next_dagrun for custom_operator to None, run_after=None
[2023-05-12T14:20:16.661+0000] {processor.py:178} INFO - Processing /opt/airflow/dags/4-custom_operator.py took 0.496 seconds
[2023-05-12T14:20:47.319+0000] {processor.py:156} INFO - Started process (PID=343) to work on /opt/airflow/dags/4-custom_operator.py
[2023-05-12T14:20:47.321+0000] {processor.py:799} INFO - Processing file /opt/airflow/dags/4-custom_operator.py for tasks to queue
[2023-05-12T14:20:47.322+0000] {logging_mixin.py:149} INFO - [2023-05-12T14:20:47.322+0000] {dagbag.py:541} INFO - Filling up the DagBag from /opt/airflow/dags/4-custom_operator.py
[2023-05-12T14:20:47.337+0000] {processor.py:809} INFO - DAG(s) dict_keys(['custom_operator']) retrieved from /opt/airflow/dags/4-custom_operator.py
[2023-05-12T14:20:47.573+0000] {logging_mixin.py:149} INFO - [2023-05-12T14:20:47.573+0000] {dag.py:2726} INFO - Sync 1 DAGs
[2023-05-12T14:20:47.624+0000] {logging_mixin.py:149} INFO - [2023-05-12T14:20:47.624+0000] {dag.py:3490} INFO - Setting next_dagrun for custom_operator to None, run_after=None
[2023-05-12T14:20:47.658+0000] {processor.py:178} INFO - Processing /opt/airflow/dags/4-custom_operator.py took 0.346 seconds
[2023-05-12T14:21:17.933+0000] {processor.py:156} INFO - Started process (PID=355) to work on /opt/airflow/dags/4-custom_operator.py
[2023-05-12T14:21:17.940+0000] {processor.py:799} INFO - Processing file /opt/airflow/dags/4-custom_operator.py for tasks to queue
[2023-05-12T14:21:17.942+0000] {logging_mixin.py:149} INFO - [2023-05-12T14:21:17.942+0000] {dagbag.py:541} INFO - Filling up the DagBag from /opt/airflow/dags/4-custom_operator.py
[2023-05-12T14:21:17.979+0000] {processor.py:809} INFO - DAG(s) dict_keys(['custom_operator']) retrieved from /opt/airflow/dags/4-custom_operator.py
[2023-05-12T14:21:18.151+0000] {logging_mixin.py:149} INFO - [2023-05-12T14:21:18.151+0000] {dag.py:2726} INFO - Sync 1 DAGs
[2023-05-12T14:21:18.219+0000] {logging_mixin.py:149} INFO - [2023-05-12T14:21:18.219+0000] {dag.py:3490} INFO - Setting next_dagrun for custom_operator to None, run_after=None
[2023-05-12T14:21:18.259+0000] {processor.py:178} INFO - Processing /opt/airflow/dags/4-custom_operator.py took 0.333 seconds
[2023-05-12T14:21:48.797+0000] {processor.py:156} INFO - Started process (PID=367) to work on /opt/airflow/dags/4-custom_operator.py
[2023-05-12T14:21:48.800+0000] {processor.py:799} INFO - Processing file /opt/airflow/dags/4-custom_operator.py for tasks to queue
[2023-05-12T14:21:48.802+0000] {logging_mixin.py:149} INFO - [2023-05-12T14:21:48.802+0000] {dagbag.py:541} INFO - Filling up the DagBag from /opt/airflow/dags/4-custom_operator.py
[2023-05-12T14:21:48.944+0000] {processor.py:809} INFO - DAG(s) dict_keys(['custom_operator']) retrieved from /opt/airflow/dags/4-custom_operator.py
[2023-05-12T14:21:49.129+0000] {logging_mixin.py:149} INFO - [2023-05-12T14:21:49.129+0000] {dag.py:2726} INFO - Sync 1 DAGs
[2023-05-12T14:21:49.231+0000] {logging_mixin.py:149} INFO - [2023-05-12T14:21:49.231+0000] {dag.py:3490} INFO - Setting next_dagrun for custom_operator to None, run_after=None
[2023-05-12T14:21:49.727+0000] {processor.py:178} INFO - Processing /opt/airflow/dags/4-custom_operator.py took 0.970 seconds
[2023-05-12T14:22:19.789+0000] {processor.py:156} INFO - Started process (PID=379) to work on /opt/airflow/dags/4-custom_operator.py
[2023-05-12T14:22:19.794+0000] {processor.py:799} INFO - Processing file /opt/airflow/dags/4-custom_operator.py for tasks to queue
[2023-05-12T14:22:19.795+0000] {logging_mixin.py:149} INFO - [2023-05-12T14:22:19.795+0000] {dagbag.py:541} INFO - Filling up the DagBag from /opt/airflow/dags/4-custom_operator.py
[2023-05-12T14:22:19.815+0000] {processor.py:809} INFO - DAG(s) dict_keys(['custom_operator']) retrieved from /opt/airflow/dags/4-custom_operator.py
[2023-05-12T14:22:19.863+0000] {logging_mixin.py:149} INFO - [2023-05-12T14:22:19.863+0000] {dag.py:2726} INFO - Sync 1 DAGs
[2023-05-12T14:22:20.199+0000] {logging_mixin.py:149} INFO - [2023-05-12T14:22:20.198+0000] {dag.py:3490} INFO - Setting next_dagrun for custom_operator to None, run_after=None
[2023-05-12T14:22:20.257+0000] {processor.py:178} INFO - Processing /opt/airflow/dags/4-custom_operator.py took 0.476 seconds
[2023-05-12T14:22:50.497+0000] {processor.py:156} INFO - Started process (PID=391) to work on /opt/airflow/dags/4-custom_operator.py
[2023-05-12T14:22:50.498+0000] {processor.py:799} INFO - Processing file /opt/airflow/dags/4-custom_operator.py for tasks to queue
[2023-05-12T14:22:50.500+0000] {logging_mixin.py:149} INFO - [2023-05-12T14:22:50.499+0000] {dagbag.py:541} INFO - Filling up the DagBag from /opt/airflow/dags/4-custom_operator.py
[2023-05-12T14:22:50.513+0000] {processor.py:809} INFO - DAG(s) dict_keys(['custom_operator']) retrieved from /opt/airflow/dags/4-custom_operator.py
[2023-05-12T14:22:50.556+0000] {logging_mixin.py:149} INFO - [2023-05-12T14:22:50.555+0000] {dag.py:2726} INFO - Sync 1 DAGs
[2023-05-12T14:22:50.773+0000] {logging_mixin.py:149} INFO - [2023-05-12T14:22:50.773+0000] {dag.py:3490} INFO - Setting next_dagrun for custom_operator to None, run_after=None
[2023-05-12T14:22:50.803+0000] {processor.py:178} INFO - Processing /opt/airflow/dags/4-custom_operator.py took 0.323 seconds
[2023-05-12T14:23:21.376+0000] {processor.py:156} INFO - Started process (PID=403) to work on /opt/airflow/dags/4-custom_operator.py
[2023-05-12T14:23:21.380+0000] {processor.py:799} INFO - Processing file /opt/airflow/dags/4-custom_operator.py for tasks to queue
[2023-05-12T14:23:21.382+0000] {logging_mixin.py:149} INFO - [2023-05-12T14:23:21.381+0000] {dagbag.py:541} INFO - Filling up the DagBag from /opt/airflow/dags/4-custom_operator.py
[2023-05-12T14:23:21.396+0000] {processor.py:809} INFO - DAG(s) dict_keys(['custom_operator']) retrieved from /opt/airflow/dags/4-custom_operator.py
[2023-05-12T14:23:21.618+0000] {logging_mixin.py:149} INFO - [2023-05-12T14:23:21.618+0000] {dag.py:2726} INFO - Sync 1 DAGs
[2023-05-12T14:23:21.654+0000] {logging_mixin.py:149} INFO - [2023-05-12T14:23:21.654+0000] {dag.py:3490} INFO - Setting next_dagrun for custom_operator to None, run_after=None
[2023-05-12T14:23:21.682+0000] {processor.py:178} INFO - Processing /opt/airflow/dags/4-custom_operator.py took 0.317 seconds
[2023-05-12T14:23:52.354+0000] {processor.py:156} INFO - Started process (PID=415) to work on /opt/airflow/dags/4-custom_operator.py
[2023-05-12T14:23:52.376+0000] {processor.py:799} INFO - Processing file /opt/airflow/dags/4-custom_operator.py for tasks to queue
[2023-05-12T14:23:52.379+0000] {logging_mixin.py:149} INFO - [2023-05-12T14:23:52.378+0000] {dagbag.py:541} INFO - Filling up the DagBag from /opt/airflow/dags/4-custom_operator.py
[2023-05-12T14:23:52.421+0000] {processor.py:809} INFO - DAG(s) dict_keys(['custom_operator']) retrieved from /opt/airflow/dags/4-custom_operator.py
[2023-05-12T14:23:52.580+0000] {logging_mixin.py:149} INFO - [2023-05-12T14:23:52.580+0000] {dag.py:2726} INFO - Sync 1 DAGs
[2023-05-12T14:23:52.645+0000] {logging_mixin.py:149} INFO - [2023-05-12T14:23:52.645+0000] {dag.py:3490} INFO - Setting next_dagrun for custom_operator to None, run_after=None
[2023-05-12T14:23:52.729+0000] {processor.py:178} INFO - Processing /opt/airflow/dags/4-custom_operator.py took 0.385 seconds
[2023-05-12T14:24:22.808+0000] {processor.py:156} INFO - Started process (PID=427) to work on /opt/airflow/dags/4-custom_operator.py
[2023-05-12T14:24:22.809+0000] {processor.py:799} INFO - Processing file /opt/airflow/dags/4-custom_operator.py for tasks to queue
[2023-05-12T14:24:22.810+0000] {logging_mixin.py:149} INFO - [2023-05-12T14:24:22.809+0000] {dagbag.py:541} INFO - Filling up the DagBag from /opt/airflow/dags/4-custom_operator.py
[2023-05-12T14:24:22.822+0000] {processor.py:809} INFO - DAG(s) dict_keys(['custom_operator']) retrieved from /opt/airflow/dags/4-custom_operator.py
[2023-05-12T14:24:22.868+0000] {logging_mixin.py:149} INFO - [2023-05-12T14:24:22.867+0000] {dag.py:2726} INFO - Sync 1 DAGs
[2023-05-12T14:24:22.918+0000] {logging_mixin.py:149} INFO - [2023-05-12T14:24:22.917+0000] {dag.py:3490} INFO - Setting next_dagrun for custom_operator to None, run_after=None
[2023-05-12T14:24:22.955+0000] {processor.py:178} INFO - Processing /opt/airflow/dags/4-custom_operator.py took 0.152 seconds
[2023-05-12T14:24:53.007+0000] {processor.py:156} INFO - Started process (PID=438) to work on /opt/airflow/dags/4-custom_operator.py
[2023-05-12T14:24:53.015+0000] {processor.py:799} INFO - Processing file /opt/airflow/dags/4-custom_operator.py for tasks to queue
[2023-05-12T14:24:53.017+0000] {logging_mixin.py:149} INFO - [2023-05-12T14:24:53.017+0000] {dagbag.py:541} INFO - Filling up the DagBag from /opt/airflow/dags/4-custom_operator.py
[2023-05-12T14:24:53.055+0000] {processor.py:809} INFO - DAG(s) dict_keys(['custom_operator']) retrieved from /opt/airflow/dags/4-custom_operator.py
[2023-05-12T14:24:53.146+0000] {logging_mixin.py:149} INFO - [2023-05-12T14:24:53.146+0000] {dag.py:2726} INFO - Sync 1 DAGs
[2023-05-12T14:24:53.220+0000] {logging_mixin.py:149} INFO - [2023-05-12T14:24:53.220+0000] {dag.py:3490} INFO - Setting next_dagrun for custom_operator to None, run_after=None
[2023-05-12T14:24:53.445+0000] {processor.py:178} INFO - Processing /opt/airflow/dags/4-custom_operator.py took 0.447 seconds
[2023-05-12T14:25:23.712+0000] {processor.py:156} INFO - Started process (PID=450) to work on /opt/airflow/dags/4-custom_operator.py
[2023-05-12T14:25:23.715+0000] {processor.py:799} INFO - Processing file /opt/airflow/dags/4-custom_operator.py for tasks to queue
[2023-05-12T14:25:23.716+0000] {logging_mixin.py:149} INFO - [2023-05-12T14:25:23.716+0000] {dagbag.py:541} INFO - Filling up the DagBag from /opt/airflow/dags/4-custom_operator.py
[2023-05-12T14:25:23.730+0000] {processor.py:809} INFO - DAG(s) dict_keys(['custom_operator']) retrieved from /opt/airflow/dags/4-custom_operator.py
[2023-05-12T14:25:23.772+0000] {logging_mixin.py:149} INFO - [2023-05-12T14:25:23.771+0000] {dag.py:2726} INFO - Sync 1 DAGs
[2023-05-12T14:25:24.004+0000] {logging_mixin.py:149} INFO - [2023-05-12T14:25:24.004+0000] {dag.py:3490} INFO - Setting next_dagrun for custom_operator to None, run_after=None
[2023-05-12T14:25:24.033+0000] {processor.py:178} INFO - Processing /opt/airflow/dags/4-custom_operator.py took 0.326 seconds
[2023-05-12T14:25:54.920+0000] {processor.py:156} INFO - Started process (PID=462) to work on /opt/airflow/dags/4-custom_operator.py
[2023-05-12T14:25:54.922+0000] {processor.py:799} INFO - Processing file /opt/airflow/dags/4-custom_operator.py for tasks to queue
[2023-05-12T14:25:54.923+0000] {logging_mixin.py:149} INFO - [2023-05-12T14:25:54.923+0000] {dagbag.py:541} INFO - Filling up the DagBag from /opt/airflow/dags/4-custom_operator.py
[2023-05-12T14:25:54.938+0000] {processor.py:809} INFO - DAG(s) dict_keys(['custom_operator']) retrieved from /opt/airflow/dags/4-custom_operator.py
[2023-05-12T14:25:55.002+0000] {logging_mixin.py:149} INFO - [2023-05-12T14:25:55.001+0000] {dag.py:2726} INFO - Sync 1 DAGs
[2023-05-12T14:25:55.241+0000] {logging_mixin.py:149} INFO - [2023-05-12T14:25:55.241+0000] {dag.py:3490} INFO - Setting next_dagrun for custom_operator to None, run_after=None
[2023-05-12T14:25:55.273+0000] {processor.py:178} INFO - Processing /opt/airflow/dags/4-custom_operator.py took 0.358 seconds
[2023-05-12T14:26:26.284+0000] {processor.py:156} INFO - Started process (PID=474) to work on /opt/airflow/dags/4-custom_operator.py
[2023-05-12T14:26:26.288+0000] {processor.py:799} INFO - Processing file /opt/airflow/dags/4-custom_operator.py for tasks to queue
[2023-05-12T14:26:26.291+0000] {logging_mixin.py:149} INFO - [2023-05-12T14:26:26.291+0000] {dagbag.py:541} INFO - Filling up the DagBag from /opt/airflow/dags/4-custom_operator.py
[2023-05-12T14:26:26.316+0000] {processor.py:809} INFO - DAG(s) dict_keys(['custom_operator']) retrieved from /opt/airflow/dags/4-custom_operator.py
[2023-05-12T14:26:26.661+0000] {logging_mixin.py:149} INFO - [2023-05-12T14:26:26.660+0000] {dag.py:2726} INFO - Sync 1 DAGs
[2023-05-12T14:26:26.730+0000] {logging_mixin.py:149} INFO - [2023-05-12T14:26:26.730+0000] {dag.py:3490} INFO - Setting next_dagrun for custom_operator to None, run_after=None
[2023-05-12T14:26:26.768+0000] {processor.py:178} INFO - Processing /opt/airflow/dags/4-custom_operator.py took 0.511 seconds
[2023-05-12T14:26:56.875+0000] {processor.py:156} INFO - Started process (PID=486) to work on /opt/airflow/dags/4-custom_operator.py
[2023-05-12T14:26:56.896+0000] {processor.py:799} INFO - Processing file /opt/airflow/dags/4-custom_operator.py for tasks to queue
[2023-05-12T14:26:56.898+0000] {logging_mixin.py:149} INFO - [2023-05-12T14:26:56.898+0000] {dagbag.py:541} INFO - Filling up the DagBag from /opt/airflow/dags/4-custom_operator.py
[2023-05-12T14:26:56.991+0000] {processor.py:809} INFO - DAG(s) dict_keys(['custom_operator']) retrieved from /opt/airflow/dags/4-custom_operator.py
[2023-05-12T14:26:57.147+0000] {logging_mixin.py:149} INFO - [2023-05-12T14:26:57.146+0000] {dag.py:2726} INFO - Sync 1 DAGs
[2023-05-12T14:26:57.198+0000] {logging_mixin.py:149} INFO - [2023-05-12T14:26:57.198+0000] {dag.py:3490} INFO - Setting next_dagrun for custom_operator to None, run_after=None
[2023-05-12T14:26:57.235+0000] {processor.py:178} INFO - Processing /opt/airflow/dags/4-custom_operator.py took 0.387 seconds
[2023-05-12T14:27:28.102+0000] {processor.py:156} INFO - Started process (PID=498) to work on /opt/airflow/dags/4-custom_operator.py
[2023-05-12T14:27:28.117+0000] {processor.py:799} INFO - Processing file /opt/airflow/dags/4-custom_operator.py for tasks to queue
[2023-05-12T14:27:28.119+0000] {logging_mixin.py:149} INFO - [2023-05-12T14:27:28.118+0000] {dagbag.py:541} INFO - Filling up the DagBag from /opt/airflow/dags/4-custom_operator.py
[2023-05-12T14:27:28.136+0000] {processor.py:809} INFO - DAG(s) dict_keys(['custom_operator']) retrieved from /opt/airflow/dags/4-custom_operator.py
[2023-05-12T14:27:28.200+0000] {logging_mixin.py:149} INFO - [2023-05-12T14:27:28.200+0000] {dag.py:2726} INFO - Sync 1 DAGs
[2023-05-12T14:27:28.256+0000] {logging_mixin.py:149} INFO - [2023-05-12T14:27:28.256+0000] {dag.py:3490} INFO - Setting next_dagrun for custom_operator to None, run_after=None
[2023-05-12T14:27:28.330+0000] {processor.py:178} INFO - Processing /opt/airflow/dags/4-custom_operator.py took 0.244 seconds
[2023-05-12T14:27:58.896+0000] {processor.py:156} INFO - Started process (PID=510) to work on /opt/airflow/dags/4-custom_operator.py
[2023-05-12T14:27:58.898+0000] {processor.py:799} INFO - Processing file /opt/airflow/dags/4-custom_operator.py for tasks to queue
[2023-05-12T14:27:58.903+0000] {logging_mixin.py:149} INFO - [2023-05-12T14:27:58.902+0000] {dagbag.py:541} INFO - Filling up the DagBag from /opt/airflow/dags/4-custom_operator.py
[2023-05-12T14:27:58.939+0000] {processor.py:809} INFO - DAG(s) dict_keys(['custom_operator']) retrieved from /opt/airflow/dags/4-custom_operator.py
[2023-05-12T14:27:59.001+0000] {logging_mixin.py:149} INFO - [2023-05-12T14:27:59.001+0000] {dag.py:2726} INFO - Sync 1 DAGs
[2023-05-12T14:27:59.341+0000] {logging_mixin.py:149} INFO - [2023-05-12T14:27:59.341+0000] {dag.py:3490} INFO - Setting next_dagrun for custom_operator to None, run_after=None
[2023-05-12T14:27:59.418+0000] {processor.py:178} INFO - Processing /opt/airflow/dags/4-custom_operator.py took 0.530 seconds
[2023-05-12T14:28:30.398+0000] {processor.py:156} INFO - Started process (PID=522) to work on /opt/airflow/dags/4-custom_operator.py
[2023-05-12T14:28:30.411+0000] {processor.py:799} INFO - Processing file /opt/airflow/dags/4-custom_operator.py for tasks to queue
[2023-05-12T14:28:30.413+0000] {logging_mixin.py:149} INFO - [2023-05-12T14:28:30.413+0000] {dagbag.py:541} INFO - Filling up the DagBag from /opt/airflow/dags/4-custom_operator.py
[2023-05-12T14:28:30.429+0000] {processor.py:809} INFO - DAG(s) dict_keys(['custom_operator']) retrieved from /opt/airflow/dags/4-custom_operator.py
[2023-05-12T14:28:30.482+0000] {logging_mixin.py:149} INFO - [2023-05-12T14:28:30.482+0000] {dag.py:2726} INFO - Sync 1 DAGs
[2023-05-12T14:28:30.748+0000] {logging_mixin.py:149} INFO - [2023-05-12T14:28:30.748+0000] {dag.py:3490} INFO - Setting next_dagrun for custom_operator to None, run_after=None
[2023-05-12T14:28:30.805+0000] {processor.py:178} INFO - Processing /opt/airflow/dags/4-custom_operator.py took 0.416 seconds
[2023-05-12T14:29:01.252+0000] {processor.py:156} INFO - Started process (PID=534) to work on /opt/airflow/dags/4-custom_operator.py
[2023-05-12T14:29:01.257+0000] {processor.py:799} INFO - Processing file /opt/airflow/dags/4-custom_operator.py for tasks to queue
[2023-05-12T14:29:01.260+0000] {logging_mixin.py:149} INFO - [2023-05-12T14:29:01.259+0000] {dagbag.py:541} INFO - Filling up the DagBag from /opt/airflow/dags/4-custom_operator.py
[2023-05-12T14:29:01.281+0000] {processor.py:809} INFO - DAG(s) dict_keys(['custom_operator']) retrieved from /opt/airflow/dags/4-custom_operator.py
[2023-05-12T14:29:01.685+0000] {logging_mixin.py:149} INFO - [2023-05-12T14:29:01.684+0000] {dag.py:2726} INFO - Sync 1 DAGs
[2023-05-12T14:29:01.746+0000] {logging_mixin.py:149} INFO - [2023-05-12T14:29:01.746+0000] {dag.py:3490} INFO - Setting next_dagrun for custom_operator to None, run_after=None
[2023-05-12T14:29:01.807+0000] {processor.py:178} INFO - Processing /opt/airflow/dags/4-custom_operator.py took 0.560 seconds
[2023-05-12T14:29:32.089+0000] {processor.py:156} INFO - Started process (PID=547) to work on /opt/airflow/dags/4-custom_operator.py
[2023-05-12T14:29:32.126+0000] {processor.py:799} INFO - Processing file /opt/airflow/dags/4-custom_operator.py for tasks to queue
[2023-05-12T14:29:32.127+0000] {logging_mixin.py:149} INFO - [2023-05-12T14:29:32.127+0000] {dagbag.py:541} INFO - Filling up the DagBag from /opt/airflow/dags/4-custom_operator.py
[2023-05-12T14:29:32.200+0000] {processor.py:809} INFO - DAG(s) dict_keys(['custom_operator']) retrieved from /opt/airflow/dags/4-custom_operator.py
[2023-05-12T14:29:32.876+0000] {logging_mixin.py:149} INFO - [2023-05-12T14:29:32.876+0000] {dag.py:2726} INFO - Sync 1 DAGs
[2023-05-12T14:29:33.011+0000] {logging_mixin.py:149} INFO - [2023-05-12T14:29:33.011+0000] {dag.py:3490} INFO - Setting next_dagrun for custom_operator to None, run_after=None
[2023-05-12T14:29:33.108+0000] {processor.py:178} INFO - Processing /opt/airflow/dags/4-custom_operator.py took 1.037 seconds
[2023-05-12T14:30:03.679+0000] {processor.py:156} INFO - Started process (PID=560) to work on /opt/airflow/dags/4-custom_operator.py
[2023-05-12T14:30:03.682+0000] {processor.py:799} INFO - Processing file /opt/airflow/dags/4-custom_operator.py for tasks to queue
[2023-05-12T14:30:03.683+0000] {logging_mixin.py:149} INFO - [2023-05-12T14:30:03.683+0000] {dagbag.py:541} INFO - Filling up the DagBag from /opt/airflow/dags/4-custom_operator.py
[2023-05-12T14:30:03.703+0000] {processor.py:809} INFO - DAG(s) dict_keys(['custom_operator']) retrieved from /opt/airflow/dags/4-custom_operator.py
[2023-05-12T14:30:03.800+0000] {logging_mixin.py:149} INFO - [2023-05-12T14:30:03.800+0000] {dag.py:2726} INFO - Sync 1 DAGs
[2023-05-12T14:30:03.925+0000] {logging_mixin.py:149} INFO - [2023-05-12T14:30:03.925+0000] {dag.py:3490} INFO - Setting next_dagrun for custom_operator to None, run_after=None
[2023-05-12T14:30:04.009+0000] {processor.py:178} INFO - Processing /opt/airflow/dags/4-custom_operator.py took 0.337 seconds
[2023-05-12T14:30:34.584+0000] {processor.py:156} INFO - Started process (PID=572) to work on /opt/airflow/dags/4-custom_operator.py
[2023-05-12T14:30:34.594+0000] {processor.py:799} INFO - Processing file /opt/airflow/dags/4-custom_operator.py for tasks to queue
[2023-05-12T14:30:34.597+0000] {logging_mixin.py:149} INFO - [2023-05-12T14:30:34.596+0000] {dagbag.py:541} INFO - Filling up the DagBag from /opt/airflow/dags/4-custom_operator.py
[2023-05-12T14:30:34.741+0000] {processor.py:809} INFO - DAG(s) dict_keys(['custom_operator']) retrieved from /opt/airflow/dags/4-custom_operator.py
[2023-05-12T14:30:35.151+0000] {logging_mixin.py:149} INFO - [2023-05-12T14:30:35.151+0000] {dag.py:2726} INFO - Sync 1 DAGs
[2023-05-12T14:30:35.505+0000] {logging_mixin.py:149} INFO - [2023-05-12T14:30:35.504+0000] {dag.py:3490} INFO - Setting next_dagrun for custom_operator to None, run_after=None
[2023-05-12T14:30:36.832+0000] {processor.py:178} INFO - Processing /opt/airflow/dags/4-custom_operator.py took 2.269 seconds
[2023-05-12T14:31:06.907+0000] {processor.py:156} INFO - Started process (PID=584) to work on /opt/airflow/dags/4-custom_operator.py
[2023-05-12T14:31:06.909+0000] {processor.py:799} INFO - Processing file /opt/airflow/dags/4-custom_operator.py for tasks to queue
[2023-05-12T14:31:06.911+0000] {logging_mixin.py:149} INFO - [2023-05-12T14:31:06.911+0000] {dagbag.py:541} INFO - Filling up the DagBag from /opt/airflow/dags/4-custom_operator.py
[2023-05-12T14:31:06.926+0000] {processor.py:809} INFO - DAG(s) dict_keys(['custom_operator']) retrieved from /opt/airflow/dags/4-custom_operator.py
[2023-05-12T14:31:07.259+0000] {logging_mixin.py:149} INFO - [2023-05-12T14:31:07.259+0000] {dag.py:2726} INFO - Sync 1 DAGs
[2023-05-12T14:31:07.298+0000] {logging_mixin.py:149} INFO - [2023-05-12T14:31:07.298+0000] {dag.py:3490} INFO - Setting next_dagrun for custom_operator to None, run_after=None
[2023-05-12T14:31:07.345+0000] {processor.py:178} INFO - Processing /opt/airflow/dags/4-custom_operator.py took 0.452 seconds
[2023-05-12T14:31:37.616+0000] {processor.py:156} INFO - Started process (PID=597) to work on /opt/airflow/dags/4-custom_operator.py
[2023-05-12T14:31:37.618+0000] {processor.py:799} INFO - Processing file /opt/airflow/dags/4-custom_operator.py for tasks to queue
[2023-05-12T14:31:37.619+0000] {logging_mixin.py:149} INFO - [2023-05-12T14:31:37.619+0000] {dagbag.py:541} INFO - Filling up the DagBag from /opt/airflow/dags/4-custom_operator.py
[2023-05-12T14:31:37.637+0000] {processor.py:809} INFO - DAG(s) dict_keys(['custom_operator']) retrieved from /opt/airflow/dags/4-custom_operator.py
[2023-05-12T14:31:37.685+0000] {logging_mixin.py:149} INFO - [2023-05-12T14:31:37.684+0000] {dag.py:2726} INFO - Sync 1 DAGs
[2023-05-12T14:31:37.994+0000] {logging_mixin.py:149} INFO - [2023-05-12T14:31:37.994+0000] {dag.py:3490} INFO - Setting next_dagrun for custom_operator to None, run_after=None
[2023-05-12T14:31:38.024+0000] {processor.py:178} INFO - Processing /opt/airflow/dags/4-custom_operator.py took 0.415 seconds
[2023-05-12T14:32:08.323+0000] {processor.py:156} INFO - Started process (PID=609) to work on /opt/airflow/dags/4-custom_operator.py
[2023-05-12T14:32:08.324+0000] {processor.py:799} INFO - Processing file /opt/airflow/dags/4-custom_operator.py for tasks to queue
[2023-05-12T14:32:08.326+0000] {logging_mixin.py:149} INFO - [2023-05-12T14:32:08.326+0000] {dagbag.py:541} INFO - Filling up the DagBag from /opt/airflow/dags/4-custom_operator.py
[2023-05-12T14:32:08.344+0000] {processor.py:809} INFO - DAG(s) dict_keys(['custom_operator']) retrieved from /opt/airflow/dags/4-custom_operator.py
[2023-05-12T14:32:08.606+0000] {logging_mixin.py:149} INFO - [2023-05-12T14:32:08.606+0000] {dag.py:2726} INFO - Sync 1 DAGs
[2023-05-12T14:32:08.647+0000] {logging_mixin.py:149} INFO - [2023-05-12T14:32:08.647+0000] {dag.py:3490} INFO - Setting next_dagrun for custom_operator to None, run_after=None
[2023-05-12T14:32:08.675+0000] {processor.py:178} INFO - Processing /opt/airflow/dags/4-custom_operator.py took 0.360 seconds
[2023-05-12T14:32:38.927+0000] {processor.py:156} INFO - Started process (PID=620) to work on /opt/airflow/dags/4-custom_operator.py
[2023-05-12T14:32:38.929+0000] {processor.py:799} INFO - Processing file /opt/airflow/dags/4-custom_operator.py for tasks to queue
[2023-05-12T14:32:38.931+0000] {logging_mixin.py:149} INFO - [2023-05-12T14:32:38.930+0000] {dagbag.py:541} INFO - Filling up the DagBag from /opt/airflow/dags/4-custom_operator.py
[2023-05-12T14:32:39.182+0000] {processor.py:809} INFO - DAG(s) dict_keys(['custom_operator']) retrieved from /opt/airflow/dags/4-custom_operator.py
[2023-05-12T14:32:39.248+0000] {logging_mixin.py:149} INFO - [2023-05-12T14:32:39.247+0000] {dag.py:2726} INFO - Sync 1 DAGs
[2023-05-12T14:32:39.343+0000] {logging_mixin.py:149} INFO - [2023-05-12T14:32:39.343+0000] {dag.py:3490} INFO - Setting next_dagrun for custom_operator to None, run_after=None
[2023-05-12T14:32:39.380+0000] {processor.py:178} INFO - Processing /opt/airflow/dags/4-custom_operator.py took 0.459 seconds
[2023-05-12T14:33:09.469+0000] {processor.py:156} INFO - Started process (PID=633) to work on /opt/airflow/dags/4-custom_operator.py
[2023-05-12T14:33:09.472+0000] {processor.py:799} INFO - Processing file /opt/airflow/dags/4-custom_operator.py for tasks to queue
[2023-05-12T14:33:09.473+0000] {logging_mixin.py:149} INFO - [2023-05-12T14:33:09.473+0000] {dagbag.py:541} INFO - Filling up the DagBag from /opt/airflow/dags/4-custom_operator.py
[2023-05-12T14:33:09.516+0000] {processor.py:809} INFO - DAG(s) dict_keys(['custom_operator']) retrieved from /opt/airflow/dags/4-custom_operator.py
[2023-05-12T14:33:09.583+0000] {logging_mixin.py:149} INFO - [2023-05-12T14:33:09.582+0000] {dag.py:2726} INFO - Sync 1 DAGs
[2023-05-12T14:33:09.627+0000] {logging_mixin.py:149} INFO - [2023-05-12T14:33:09.627+0000] {dag.py:3490} INFO - Setting next_dagrun for custom_operator to None, run_after=None
[2023-05-12T14:33:09.657+0000] {processor.py:178} INFO - Processing /opt/airflow/dags/4-custom_operator.py took 0.195 seconds
[2023-05-12T14:33:40.192+0000] {processor.py:156} INFO - Started process (PID=646) to work on /opt/airflow/dags/4-custom_operator.py
[2023-05-12T14:33:40.194+0000] {processor.py:799} INFO - Processing file /opt/airflow/dags/4-custom_operator.py for tasks to queue
[2023-05-12T14:33:40.196+0000] {logging_mixin.py:149} INFO - [2023-05-12T14:33:40.194+0000] {dagbag.py:541} INFO - Filling up the DagBag from /opt/airflow/dags/4-custom_operator.py
[2023-05-12T14:33:40.214+0000] {processor.py:809} INFO - DAG(s) dict_keys(['custom_operator']) retrieved from /opt/airflow/dags/4-custom_operator.py
[2023-05-12T14:33:40.274+0000] {logging_mixin.py:149} INFO - [2023-05-12T14:33:40.273+0000] {dag.py:2726} INFO - Sync 1 DAGs
[2023-05-12T14:33:40.413+0000] {logging_mixin.py:149} INFO - [2023-05-12T14:33:40.413+0000] {dag.py:3490} INFO - Setting next_dagrun for custom_operator to None, run_after=None
[2023-05-12T14:33:40.498+0000] {processor.py:178} INFO - Processing /opt/airflow/dags/4-custom_operator.py took 0.315 seconds
[2023-05-12T14:34:11.184+0000] {processor.py:156} INFO - Started process (PID=659) to work on /opt/airflow/dags/4-custom_operator.py
[2023-05-12T14:34:11.297+0000] {processor.py:799} INFO - Processing file /opt/airflow/dags/4-custom_operator.py for tasks to queue
[2023-05-12T14:34:11.299+0000] {logging_mixin.py:149} INFO - [2023-05-12T14:34:11.299+0000] {dagbag.py:541} INFO - Filling up the DagBag from /opt/airflow/dags/4-custom_operator.py
[2023-05-12T14:34:11.412+0000] {processor.py:809} INFO - DAG(s) dict_keys(['custom_operator']) retrieved from /opt/airflow/dags/4-custom_operator.py
[2023-05-12T14:34:11.673+0000] {logging_mixin.py:149} INFO - [2023-05-12T14:34:11.672+0000] {dag.py:2726} INFO - Sync 1 DAGs
[2023-05-12T14:34:12.378+0000] {logging_mixin.py:149} INFO - [2023-05-12T14:34:12.377+0000] {dag.py:3490} INFO - Setting next_dagrun for custom_operator to None, run_after=None
[2023-05-12T14:34:12.670+0000] {processor.py:178} INFO - Processing /opt/airflow/dags/4-custom_operator.py took 1.530 seconds
[2023-05-12T14:34:43.017+0000] {processor.py:156} INFO - Started process (PID=679) to work on /opt/airflow/dags/4-custom_operator.py
[2023-05-12T14:34:43.019+0000] {processor.py:799} INFO - Processing file /opt/airflow/dags/4-custom_operator.py for tasks to queue
[2023-05-12T14:34:43.020+0000] {logging_mixin.py:149} INFO - [2023-05-12T14:34:43.020+0000] {dagbag.py:541} INFO - Filling up the DagBag from /opt/airflow/dags/4-custom_operator.py
[2023-05-12T14:34:43.043+0000] {processor.py:809} INFO - DAG(s) dict_keys(['custom_operator']) retrieved from /opt/airflow/dags/4-custom_operator.py
[2023-05-12T14:34:43.149+0000] {logging_mixin.py:149} INFO - [2023-05-12T14:34:43.148+0000] {dag.py:2726} INFO - Sync 1 DAGs
[2023-05-12T14:34:43.206+0000] {logging_mixin.py:149} INFO - [2023-05-12T14:34:43.206+0000] {dag.py:3490} INFO - Setting next_dagrun for custom_operator to None, run_after=None
[2023-05-12T14:34:43.256+0000] {processor.py:178} INFO - Processing /opt/airflow/dags/4-custom_operator.py took 0.248 seconds
[2023-05-12T14:35:13.472+0000] {processor.py:156} INFO - Started process (PID=693) to work on /opt/airflow/dags/4-custom_operator.py
[2023-05-12T14:35:13.475+0000] {processor.py:799} INFO - Processing file /opt/airflow/dags/4-custom_operator.py for tasks to queue
[2023-05-12T14:35:13.477+0000] {logging_mixin.py:149} INFO - [2023-05-12T14:35:13.476+0000] {dagbag.py:541} INFO - Filling up the DagBag from /opt/airflow/dags/4-custom_operator.py
[2023-05-12T14:35:13.497+0000] {processor.py:809} INFO - DAG(s) dict_keys(['custom_operator']) retrieved from /opt/airflow/dags/4-custom_operator.py
[2023-05-12T14:35:13.558+0000] {logging_mixin.py:149} INFO - [2023-05-12T14:35:13.558+0000] {dag.py:2726} INFO - Sync 1 DAGs
[2023-05-12T14:35:13.608+0000] {logging_mixin.py:149} INFO - [2023-05-12T14:35:13.607+0000] {dag.py:3490} INFO - Setting next_dagrun for custom_operator to None, run_after=None
[2023-05-12T14:35:13.657+0000] {processor.py:178} INFO - Processing /opt/airflow/dags/4-custom_operator.py took 0.192 seconds
[2023-05-12T14:35:44.080+0000] {processor.py:156} INFO - Started process (PID=706) to work on /opt/airflow/dags/4-custom_operator.py
[2023-05-12T14:35:44.100+0000] {processor.py:799} INFO - Processing file /opt/airflow/dags/4-custom_operator.py for tasks to queue
[2023-05-12T14:35:44.109+0000] {logging_mixin.py:149} INFO - [2023-05-12T14:35:44.107+0000] {dagbag.py:541} INFO - Filling up the DagBag from /opt/airflow/dags/4-custom_operator.py
[2023-05-12T14:35:44.190+0000] {processor.py:809} INFO - DAG(s) dict_keys(['custom_operator']) retrieved from /opt/airflow/dags/4-custom_operator.py
[2023-05-12T14:35:44.333+0000] {logging_mixin.py:149} INFO - [2023-05-12T14:35:44.333+0000] {dag.py:2726} INFO - Sync 1 DAGs
[2023-05-12T14:35:44.494+0000] {logging_mixin.py:149} INFO - [2023-05-12T14:35:44.494+0000] {dag.py:3490} INFO - Setting next_dagrun for custom_operator to None, run_after=None
[2023-05-12T14:35:44.785+0000] {processor.py:178} INFO - Processing /opt/airflow/dags/4-custom_operator.py took 0.732 seconds
[2023-05-12T14:36:15.378+0000] {processor.py:156} INFO - Started process (PID=719) to work on /opt/airflow/dags/4-custom_operator.py
[2023-05-12T14:36:15.384+0000] {processor.py:799} INFO - Processing file /opt/airflow/dags/4-custom_operator.py for tasks to queue
[2023-05-12T14:36:15.390+0000] {logging_mixin.py:149} INFO - [2023-05-12T14:36:15.386+0000] {dagbag.py:541} INFO - Filling up the DagBag from /opt/airflow/dags/4-custom_operator.py
[2023-05-12T14:36:15.414+0000] {processor.py:809} INFO - DAG(s) dict_keys(['custom_operator']) retrieved from /opt/airflow/dags/4-custom_operator.py
[2023-05-12T14:36:15.493+0000] {logging_mixin.py:149} INFO - [2023-05-12T14:36:15.493+0000] {dag.py:2726} INFO - Sync 1 DAGs
[2023-05-12T14:36:15.594+0000] {logging_mixin.py:149} INFO - [2023-05-12T14:36:15.593+0000] {dag.py:3490} INFO - Setting next_dagrun for custom_operator to None, run_after=None
[2023-05-12T14:36:15.659+0000] {processor.py:178} INFO - Processing /opt/airflow/dags/4-custom_operator.py took 0.286 seconds
[2023-05-12T14:36:46.164+0000] {processor.py:156} INFO - Started process (PID=732) to work on /opt/airflow/dags/4-custom_operator.py
[2023-05-12T14:36:46.165+0000] {processor.py:799} INFO - Processing file /opt/airflow/dags/4-custom_operator.py for tasks to queue
[2023-05-12T14:36:46.167+0000] {logging_mixin.py:149} INFO - [2023-05-12T14:36:46.167+0000] {dagbag.py:541} INFO - Filling up the DagBag from /opt/airflow/dags/4-custom_operator.py
[2023-05-12T14:36:46.195+0000] {processor.py:809} INFO - DAG(s) dict_keys(['custom_operator']) retrieved from /opt/airflow/dags/4-custom_operator.py
[2023-05-12T14:36:46.275+0000] {logging_mixin.py:149} INFO - [2023-05-12T14:36:46.275+0000] {dag.py:2726} INFO - Sync 1 DAGs
[2023-05-12T14:36:46.349+0000] {logging_mixin.py:149} INFO - [2023-05-12T14:36:46.349+0000] {dag.py:3490} INFO - Setting next_dagrun for custom_operator to None, run_after=None
[2023-05-12T14:36:46.407+0000] {processor.py:178} INFO - Processing /opt/airflow/dags/4-custom_operator.py took 0.252 seconds
[2023-05-12T14:37:16.502+0000] {processor.py:156} INFO - Started process (PID=745) to work on /opt/airflow/dags/4-custom_operator.py
[2023-05-12T14:37:16.504+0000] {processor.py:799} INFO - Processing file /opt/airflow/dags/4-custom_operator.py for tasks to queue
[2023-05-12T14:37:16.505+0000] {logging_mixin.py:149} INFO - [2023-05-12T14:37:16.505+0000] {dagbag.py:541} INFO - Filling up the DagBag from /opt/airflow/dags/4-custom_operator.py
[2023-05-12T14:37:16.525+0000] {processor.py:809} INFO - DAG(s) dict_keys(['custom_operator']) retrieved from /opt/airflow/dags/4-custom_operator.py
[2023-05-12T14:37:16.610+0000] {logging_mixin.py:149} INFO - [2023-05-12T14:37:16.610+0000] {dag.py:2726} INFO - Sync 1 DAGs
[2023-05-12T14:37:16.835+0000] {logging_mixin.py:149} INFO - [2023-05-12T14:37:16.834+0000] {dag.py:3490} INFO - Setting next_dagrun for custom_operator to None, run_after=None
[2023-05-12T14:37:16.937+0000] {processor.py:178} INFO - Processing /opt/airflow/dags/4-custom_operator.py took 0.445 seconds
[2023-05-12T14:37:47.656+0000] {processor.py:156} INFO - Started process (PID=758) to work on /opt/airflow/dags/4-custom_operator.py
[2023-05-12T14:37:47.657+0000] {processor.py:799} INFO - Processing file /opt/airflow/dags/4-custom_operator.py for tasks to queue
[2023-05-12T14:37:47.659+0000] {logging_mixin.py:149} INFO - [2023-05-12T14:37:47.658+0000] {dagbag.py:541} INFO - Filling up the DagBag from /opt/airflow/dags/4-custom_operator.py
[2023-05-12T14:37:47.681+0000] {processor.py:809} INFO - DAG(s) dict_keys(['custom_operator']) retrieved from /opt/airflow/dags/4-custom_operator.py
[2023-05-12T14:37:47.795+0000] {logging_mixin.py:149} INFO - [2023-05-12T14:37:47.794+0000] {dag.py:2726} INFO - Sync 1 DAGs
[2023-05-12T14:37:48.045+0000] {logging_mixin.py:149} INFO - [2023-05-12T14:37:48.044+0000] {dag.py:3490} INFO - Setting next_dagrun for custom_operator to None, run_after=None
[2023-05-12T14:37:48.096+0000] {processor.py:178} INFO - Processing /opt/airflow/dags/4-custom_operator.py took 0.447 seconds
[2023-05-12T14:38:18.954+0000] {processor.py:156} INFO - Started process (PID=772) to work on /opt/airflow/dags/4-custom_operator.py
[2023-05-12T14:38:18.956+0000] {processor.py:799} INFO - Processing file /opt/airflow/dags/4-custom_operator.py for tasks to queue
[2023-05-12T14:38:18.959+0000] {logging_mixin.py:149} INFO - [2023-05-12T14:38:18.959+0000] {dagbag.py:541} INFO - Filling up the DagBag from /opt/airflow/dags/4-custom_operator.py
[2023-05-12T14:38:18.983+0000] {processor.py:809} INFO - DAG(s) dict_keys(['custom_operator']) retrieved from /opt/airflow/dags/4-custom_operator.py
[2023-05-12T14:38:19.052+0000] {logging_mixin.py:149} INFO - [2023-05-12T14:38:19.051+0000] {dag.py:2726} INFO - Sync 1 DAGs
[2023-05-12T14:38:19.119+0000] {logging_mixin.py:149} INFO - [2023-05-12T14:38:19.119+0000] {dag.py:3490} INFO - Setting next_dagrun for custom_operator to None, run_after=None
[2023-05-12T14:38:19.155+0000] {processor.py:178} INFO - Processing /opt/airflow/dags/4-custom_operator.py took 0.209 seconds
[2023-05-12T14:38:49.294+0000] {processor.py:156} INFO - Started process (PID=785) to work on /opt/airflow/dags/4-custom_operator.py
[2023-05-12T14:38:49.297+0000] {processor.py:799} INFO - Processing file /opt/airflow/dags/4-custom_operator.py for tasks to queue
[2023-05-12T14:38:49.300+0000] {logging_mixin.py:149} INFO - [2023-05-12T14:38:49.299+0000] {dagbag.py:541} INFO - Filling up the DagBag from /opt/airflow/dags/4-custom_operator.py
[2023-05-12T14:38:49.333+0000] {processor.py:809} INFO - DAG(s) dict_keys(['custom_operator']) retrieved from /opt/airflow/dags/4-custom_operator.py
[2023-05-12T14:38:49.407+0000] {logging_mixin.py:149} INFO - [2023-05-12T14:38:49.407+0000] {dag.py:2726} INFO - Sync 1 DAGs
[2023-05-12T14:38:49.486+0000] {logging_mixin.py:149} INFO - [2023-05-12T14:38:49.485+0000] {dag.py:3490} INFO - Setting next_dagrun for custom_operator to None, run_after=None
[2023-05-12T14:38:49.559+0000] {processor.py:178} INFO - Processing /opt/airflow/dags/4-custom_operator.py took 0.271 seconds
[2023-05-12T14:39:20.145+0000] {processor.py:156} INFO - Started process (PID=798) to work on /opt/airflow/dags/4-custom_operator.py
[2023-05-12T14:39:20.168+0000] {processor.py:799} INFO - Processing file /opt/airflow/dags/4-custom_operator.py for tasks to queue
[2023-05-12T14:39:20.178+0000] {logging_mixin.py:149} INFO - [2023-05-12T14:39:20.177+0000] {dagbag.py:541} INFO - Filling up the DagBag from /opt/airflow/dags/4-custom_operator.py
[2023-05-12T14:39:20.238+0000] {processor.py:809} INFO - DAG(s) dict_keys(['custom_operator']) retrieved from /opt/airflow/dags/4-custom_operator.py
[2023-05-12T14:39:20.382+0000] {logging_mixin.py:149} INFO - [2023-05-12T14:39:20.381+0000] {dag.py:2726} INFO - Sync 1 DAGs
[2023-05-12T14:39:20.533+0000] {logging_mixin.py:149} INFO - [2023-05-12T14:39:20.533+0000] {dag.py:3490} INFO - Setting next_dagrun for custom_operator to None, run_after=None
[2023-05-12T14:39:20.631+0000] {processor.py:178} INFO - Processing /opt/airflow/dags/4-custom_operator.py took 0.565 seconds
[2023-05-12T14:39:51.432+0000] {processor.py:156} INFO - Started process (PID=811) to work on /opt/airflow/dags/4-custom_operator.py
[2023-05-12T14:39:51.441+0000] {processor.py:799} INFO - Processing file /opt/airflow/dags/4-custom_operator.py for tasks to queue
[2023-05-12T14:39:51.445+0000] {logging_mixin.py:149} INFO - [2023-05-12T14:39:51.444+0000] {dagbag.py:541} INFO - Filling up the DagBag from /opt/airflow/dags/4-custom_operator.py
[2023-05-12T14:39:51.487+0000] {processor.py:809} INFO - DAG(s) dict_keys(['custom_operator']) retrieved from /opt/airflow/dags/4-custom_operator.py
[2023-05-12T14:39:51.682+0000] {logging_mixin.py:149} INFO - [2023-05-12T14:39:51.682+0000] {dag.py:2726} INFO - Sync 1 DAGs
[2023-05-12T14:39:52.020+0000] {logging_mixin.py:149} INFO - [2023-05-12T14:39:52.020+0000] {dag.py:3490} INFO - Setting next_dagrun for custom_operator to None, run_after=None
[2023-05-12T14:39:52.281+0000] {processor.py:178} INFO - Processing /opt/airflow/dags/4-custom_operator.py took 0.866 seconds
[2023-05-12T14:40:22.353+0000] {processor.py:156} INFO - Started process (PID=824) to work on /opt/airflow/dags/4-custom_operator.py
[2023-05-12T14:40:22.354+0000] {processor.py:799} INFO - Processing file /opt/airflow/dags/4-custom_operator.py for tasks to queue
[2023-05-12T14:40:22.356+0000] {logging_mixin.py:149} INFO - [2023-05-12T14:40:22.355+0000] {dagbag.py:541} INFO - Filling up the DagBag from /opt/airflow/dags/4-custom_operator.py
[2023-05-12T14:40:22.375+0000] {processor.py:809} INFO - DAG(s) dict_keys(['custom_operator']) retrieved from /opt/airflow/dags/4-custom_operator.py
[2023-05-12T14:40:22.459+0000] {logging_mixin.py:149} INFO - [2023-05-12T14:40:22.459+0000] {dag.py:2726} INFO - Sync 1 DAGs
[2023-05-12T14:40:22.566+0000] {logging_mixin.py:149} INFO - [2023-05-12T14:40:22.559+0000] {dag.py:3490} INFO - Setting next_dagrun for custom_operator to None, run_after=None
[2023-05-12T14:40:22.642+0000] {processor.py:178} INFO - Processing /opt/airflow/dags/4-custom_operator.py took 0.301 seconds
[2023-05-12T14:40:52.722+0000] {processor.py:156} INFO - Started process (PID=838) to work on /opt/airflow/dags/4-custom_operator.py
[2023-05-12T14:40:52.724+0000] {processor.py:799} INFO - Processing file /opt/airflow/dags/4-custom_operator.py for tasks to queue
[2023-05-12T14:40:52.725+0000] {logging_mixin.py:149} INFO - [2023-05-12T14:40:52.725+0000] {dagbag.py:541} INFO - Filling up the DagBag from /opt/airflow/dags/4-custom_operator.py
[2023-05-12T14:40:52.739+0000] {processor.py:809} INFO - DAG(s) dict_keys(['custom_operator']) retrieved from /opt/airflow/dags/4-custom_operator.py
[2023-05-12T14:40:52.777+0000] {logging_mixin.py:149} INFO - [2023-05-12T14:40:52.777+0000] {dag.py:2726} INFO - Sync 1 DAGs
[2023-05-12T14:40:52.818+0000] {logging_mixin.py:149} INFO - [2023-05-12T14:40:52.817+0000] {dag.py:3490} INFO - Setting next_dagrun for custom_operator to None, run_after=None
[2023-05-12T14:40:52.846+0000] {processor.py:178} INFO - Processing /opt/airflow/dags/4-custom_operator.py took 0.129 seconds
[2023-05-12T14:41:23.636+0000] {processor.py:156} INFO - Started process (PID=851) to work on /opt/airflow/dags/4-custom_operator.py
[2023-05-12T14:41:23.637+0000] {processor.py:799} INFO - Processing file /opt/airflow/dags/4-custom_operator.py for tasks to queue
[2023-05-12T14:41:23.638+0000] {logging_mixin.py:149} INFO - [2023-05-12T14:41:23.638+0000] {dagbag.py:541} INFO - Filling up the DagBag from /opt/airflow/dags/4-custom_operator.py
[2023-05-12T14:41:23.651+0000] {processor.py:809} INFO - DAG(s) dict_keys(['custom_operator']) retrieved from /opt/airflow/dags/4-custom_operator.py
[2023-05-12T14:41:23.690+0000] {logging_mixin.py:149} INFO - [2023-05-12T14:41:23.690+0000] {dag.py:2726} INFO - Sync 1 DAGs
[2023-05-12T14:41:23.732+0000] {logging_mixin.py:149} INFO - [2023-05-12T14:41:23.732+0000] {dag.py:3490} INFO - Setting next_dagrun for custom_operator to None, run_after=None
[2023-05-12T14:41:23.763+0000] {processor.py:178} INFO - Processing /opt/airflow/dags/4-custom_operator.py took 0.132 seconds
[2023-05-12T14:41:54.492+0000] {processor.py:156} INFO - Started process (PID=863) to work on /opt/airflow/dags/4-custom_operator.py
[2023-05-12T14:41:54.493+0000] {processor.py:799} INFO - Processing file /opt/airflow/dags/4-custom_operator.py for tasks to queue
[2023-05-12T14:41:54.494+0000] {logging_mixin.py:149} INFO - [2023-05-12T14:41:54.494+0000] {dagbag.py:541} INFO - Filling up the DagBag from /opt/airflow/dags/4-custom_operator.py
[2023-05-12T14:41:54.507+0000] {processor.py:809} INFO - DAG(s) dict_keys(['custom_operator']) retrieved from /opt/airflow/dags/4-custom_operator.py
[2023-05-12T14:41:54.547+0000] {logging_mixin.py:149} INFO - [2023-05-12T14:41:54.547+0000] {dag.py:2726} INFO - Sync 1 DAGs
[2023-05-12T14:41:54.590+0000] {logging_mixin.py:149} INFO - [2023-05-12T14:41:54.590+0000] {dag.py:3490} INFO - Setting next_dagrun for custom_operator to None, run_after=None
[2023-05-12T14:41:54.618+0000] {processor.py:178} INFO - Processing /opt/airflow/dags/4-custom_operator.py took 0.131 seconds
[2023-05-12T14:42:25.285+0000] {processor.py:156} INFO - Started process (PID=876) to work on /opt/airflow/dags/4-custom_operator.py
[2023-05-12T14:42:25.286+0000] {processor.py:799} INFO - Processing file /opt/airflow/dags/4-custom_operator.py for tasks to queue
[2023-05-12T14:42:25.287+0000] {logging_mixin.py:149} INFO - [2023-05-12T14:42:25.286+0000] {dagbag.py:541} INFO - Filling up the DagBag from /opt/airflow/dags/4-custom_operator.py
[2023-05-12T14:42:25.300+0000] {processor.py:809} INFO - DAG(s) dict_keys(['custom_operator']) retrieved from /opt/airflow/dags/4-custom_operator.py
[2023-05-12T14:42:25.339+0000] {logging_mixin.py:149} INFO - [2023-05-12T14:42:25.338+0000] {dag.py:2726} INFO - Sync 1 DAGs
[2023-05-12T14:42:25.381+0000] {logging_mixin.py:149} INFO - [2023-05-12T14:42:25.381+0000] {dag.py:3490} INFO - Setting next_dagrun for custom_operator to None, run_after=None
[2023-05-12T14:42:25.409+0000] {processor.py:178} INFO - Processing /opt/airflow/dags/4-custom_operator.py took 0.129 seconds
[2023-05-12T14:42:56.107+0000] {processor.py:156} INFO - Started process (PID=889) to work on /opt/airflow/dags/4-custom_operator.py
[2023-05-12T14:42:56.110+0000] {processor.py:799} INFO - Processing file /opt/airflow/dags/4-custom_operator.py for tasks to queue
[2023-05-12T14:42:56.111+0000] {logging_mixin.py:149} INFO - [2023-05-12T14:42:56.111+0000] {dagbag.py:541} INFO - Filling up the DagBag from /opt/airflow/dags/4-custom_operator.py
[2023-05-12T14:42:56.129+0000] {processor.py:809} INFO - DAG(s) dict_keys(['custom_operator']) retrieved from /opt/airflow/dags/4-custom_operator.py
[2023-05-12T14:42:56.169+0000] {logging_mixin.py:149} INFO - [2023-05-12T14:42:56.169+0000] {dag.py:2726} INFO - Sync 1 DAGs
[2023-05-12T14:42:56.218+0000] {logging_mixin.py:149} INFO - [2023-05-12T14:42:56.218+0000] {dag.py:3490} INFO - Setting next_dagrun for custom_operator to None, run_after=None
[2023-05-12T14:42:56.252+0000] {processor.py:178} INFO - Processing /opt/airflow/dags/4-custom_operator.py took 0.152 seconds
[2023-05-12T14:43:26.383+0000] {processor.py:156} INFO - Started process (PID=902) to work on /opt/airflow/dags/4-custom_operator.py
[2023-05-12T14:43:26.390+0000] {processor.py:799} INFO - Processing file /opt/airflow/dags/4-custom_operator.py for tasks to queue
[2023-05-12T14:43:26.391+0000] {logging_mixin.py:149} INFO - [2023-05-12T14:43:26.391+0000] {dagbag.py:541} INFO - Filling up the DagBag from /opt/airflow/dags/4-custom_operator.py
[2023-05-12T14:43:26.415+0000] {processor.py:809} INFO - DAG(s) dict_keys(['custom_operator']) retrieved from /opt/airflow/dags/4-custom_operator.py
[2023-05-12T14:43:26.459+0000] {logging_mixin.py:149} INFO - [2023-05-12T14:43:26.459+0000] {dag.py:2726} INFO - Sync 1 DAGs
[2023-05-12T14:43:26.500+0000] {logging_mixin.py:149} INFO - [2023-05-12T14:43:26.499+0000] {dag.py:3490} INFO - Setting next_dagrun for custom_operator to None, run_after=None
[2023-05-12T14:43:26.530+0000] {processor.py:178} INFO - Processing /opt/airflow/dags/4-custom_operator.py took 0.162 seconds
[2023-05-12T14:43:57.234+0000] {processor.py:156} INFO - Started process (PID=915) to work on /opt/airflow/dags/4-custom_operator.py
[2023-05-12T14:43:57.236+0000] {processor.py:799} INFO - Processing file /opt/airflow/dags/4-custom_operator.py for tasks to queue
[2023-05-12T14:43:57.248+0000] {logging_mixin.py:149} INFO - [2023-05-12T14:43:57.248+0000] {dagbag.py:541} INFO - Filling up the DagBag from /opt/airflow/dags/4-custom_operator.py
[2023-05-12T14:43:57.288+0000] {processor.py:809} INFO - DAG(s) dict_keys(['custom_operator']) retrieved from /opt/airflow/dags/4-custom_operator.py
[2023-05-12T14:43:57.384+0000] {logging_mixin.py:149} INFO - [2023-05-12T14:43:57.384+0000] {dag.py:2726} INFO - Sync 1 DAGs
[2023-05-12T14:43:57.480+0000] {logging_mixin.py:149} INFO - [2023-05-12T14:43:57.480+0000] {dag.py:3490} INFO - Setting next_dagrun for custom_operator to None, run_after=None
[2023-05-12T14:43:57.528+0000] {processor.py:178} INFO - Processing /opt/airflow/dags/4-custom_operator.py took 0.302 seconds
[2023-05-12T14:44:28.313+0000] {processor.py:156} INFO - Started process (PID=927) to work on /opt/airflow/dags/4-custom_operator.py
[2023-05-12T14:44:28.314+0000] {processor.py:799} INFO - Processing file /opt/airflow/dags/4-custom_operator.py for tasks to queue
[2023-05-12T14:44:28.315+0000] {logging_mixin.py:149} INFO - [2023-05-12T14:44:28.315+0000] {dagbag.py:541} INFO - Filling up the DagBag from /opt/airflow/dags/4-custom_operator.py
[2023-05-12T14:44:28.331+0000] {processor.py:809} INFO - DAG(s) dict_keys(['custom_operator']) retrieved from /opt/airflow/dags/4-custom_operator.py
[2023-05-12T14:44:28.378+0000] {logging_mixin.py:149} INFO - [2023-05-12T14:44:28.378+0000] {dag.py:2726} INFO - Sync 1 DAGs
[2023-05-12T14:44:28.425+0000] {logging_mixin.py:149} INFO - [2023-05-12T14:44:28.425+0000] {dag.py:3490} INFO - Setting next_dagrun for custom_operator to None, run_after=None
[2023-05-12T14:44:28.457+0000] {processor.py:178} INFO - Processing /opt/airflow/dags/4-custom_operator.py took 0.150 seconds
[2023-05-12T14:44:58.543+0000] {processor.py:156} INFO - Started process (PID=941) to work on /opt/airflow/dags/4-custom_operator.py
[2023-05-12T14:44:58.545+0000] {processor.py:799} INFO - Processing file /opt/airflow/dags/4-custom_operator.py for tasks to queue
[2023-05-12T14:44:58.546+0000] {logging_mixin.py:149} INFO - [2023-05-12T14:44:58.545+0000] {dagbag.py:541} INFO - Filling up the DagBag from /opt/airflow/dags/4-custom_operator.py
[2023-05-12T14:44:58.567+0000] {processor.py:809} INFO - DAG(s) dict_keys(['custom_operator']) retrieved from /opt/airflow/dags/4-custom_operator.py
[2023-05-12T14:44:58.628+0000] {logging_mixin.py:149} INFO - [2023-05-12T14:44:58.623+0000] {dag.py:2726} INFO - Sync 1 DAGs
[2023-05-12T14:44:58.683+0000] {logging_mixin.py:149} INFO - [2023-05-12T14:44:58.683+0000] {dag.py:3490} INFO - Setting next_dagrun for custom_operator to None, run_after=None
[2023-05-12T14:44:58.733+0000] {processor.py:178} INFO - Processing /opt/airflow/dags/4-custom_operator.py took 0.197 seconds
[2023-05-12T14:45:29.033+0000] {processor.py:156} INFO - Started process (PID=954) to work on /opt/airflow/dags/4-custom_operator.py
[2023-05-12T14:45:29.036+0000] {processor.py:799} INFO - Processing file /opt/airflow/dags/4-custom_operator.py for tasks to queue
[2023-05-12T14:45:29.039+0000] {logging_mixin.py:149} INFO - [2023-05-12T14:45:29.039+0000] {dagbag.py:541} INFO - Filling up the DagBag from /opt/airflow/dags/4-custom_operator.py
[2023-05-12T14:45:29.064+0000] {processor.py:809} INFO - DAG(s) dict_keys(['custom_operator']) retrieved from /opt/airflow/dags/4-custom_operator.py
[2023-05-12T14:45:29.263+0000] {logging_mixin.py:149} INFO - [2023-05-12T14:45:29.260+0000] {dag.py:2726} INFO - Sync 1 DAGs
[2023-05-12T14:45:29.541+0000] {logging_mixin.py:149} INFO - [2023-05-12T14:45:29.541+0000] {dag.py:3490} INFO - Setting next_dagrun for custom_operator to None, run_after=None
[2023-05-12T14:45:29.669+0000] {processor.py:178} INFO - Processing /opt/airflow/dags/4-custom_operator.py took 0.652 seconds
[2023-05-12T14:46:00.193+0000] {processor.py:156} INFO - Started process (PID=966) to work on /opt/airflow/dags/4-custom_operator.py
[2023-05-12T14:46:00.200+0000] {processor.py:799} INFO - Processing file /opt/airflow/dags/4-custom_operator.py for tasks to queue
[2023-05-12T14:46:00.203+0000] {logging_mixin.py:149} INFO - [2023-05-12T14:46:00.202+0000] {dagbag.py:541} INFO - Filling up the DagBag from /opt/airflow/dags/4-custom_operator.py
[2023-05-12T14:46:00.224+0000] {processor.py:809} INFO - DAG(s) dict_keys(['custom_operator']) retrieved from /opt/airflow/dags/4-custom_operator.py
[2023-05-12T14:46:00.290+0000] {logging_mixin.py:149} INFO - [2023-05-12T14:46:00.289+0000] {dag.py:2726} INFO - Sync 1 DAGs
[2023-05-12T14:46:00.354+0000] {logging_mixin.py:149} INFO - [2023-05-12T14:46:00.354+0000] {dag.py:3490} INFO - Setting next_dagrun for custom_operator to None, run_after=None
[2023-05-12T14:46:00.411+0000] {processor.py:178} INFO - Processing /opt/airflow/dags/4-custom_operator.py took 0.226 seconds
[2023-05-12T14:46:31.293+0000] {processor.py:156} INFO - Started process (PID=980) to work on /opt/airflow/dags/4-custom_operator.py
[2023-05-12T14:46:31.295+0000] {processor.py:799} INFO - Processing file /opt/airflow/dags/4-custom_operator.py for tasks to queue
[2023-05-12T14:46:31.297+0000] {logging_mixin.py:149} INFO - [2023-05-12T14:46:31.297+0000] {dagbag.py:541} INFO - Filling up the DagBag from /opt/airflow/dags/4-custom_operator.py
[2023-05-12T14:46:31.315+0000] {processor.py:809} INFO - DAG(s) dict_keys(['custom_operator']) retrieved from /opt/airflow/dags/4-custom_operator.py
[2023-05-12T14:46:31.393+0000] {logging_mixin.py:149} INFO - [2023-05-12T14:46:31.392+0000] {dag.py:2726} INFO - Sync 1 DAGs
[2023-05-12T14:46:31.470+0000] {logging_mixin.py:149} INFO - [2023-05-12T14:46:31.470+0000] {dag.py:3490} INFO - Setting next_dagrun for custom_operator to None, run_after=None
[2023-05-12T14:46:31.533+0000] {processor.py:178} INFO - Processing /opt/airflow/dags/4-custom_operator.py took 0.251 seconds
[2023-05-12T14:47:02.004+0000] {processor.py:156} INFO - Started process (PID=993) to work on /opt/airflow/dags/4-custom_operator.py
[2023-05-12T14:47:02.007+0000] {processor.py:799} INFO - Processing file /opt/airflow/dags/4-custom_operator.py for tasks to queue
[2023-05-12T14:47:02.011+0000] {logging_mixin.py:149} INFO - [2023-05-12T14:47:02.011+0000] {dagbag.py:541} INFO - Filling up the DagBag from /opt/airflow/dags/4-custom_operator.py
[2023-05-12T14:47:02.039+0000] {processor.py:809} INFO - DAG(s) dict_keys(['custom_operator']) retrieved from /opt/airflow/dags/4-custom_operator.py
[2023-05-12T14:47:02.093+0000] {logging_mixin.py:149} INFO - [2023-05-12T14:47:02.093+0000] {dag.py:2726} INFO - Sync 1 DAGs
[2023-05-12T14:47:02.170+0000] {logging_mixin.py:149} INFO - [2023-05-12T14:47:02.169+0000] {dag.py:3490} INFO - Setting next_dagrun for custom_operator to None, run_after=None
[2023-05-12T14:47:02.209+0000] {processor.py:178} INFO - Processing /opt/airflow/dags/4-custom_operator.py took 0.215 seconds
[2023-05-12T14:47:32.990+0000] {processor.py:156} INFO - Started process (PID=1006) to work on /opt/airflow/dags/4-custom_operator.py
[2023-05-12T14:47:32.999+0000] {processor.py:799} INFO - Processing file /opt/airflow/dags/4-custom_operator.py for tasks to queue
[2023-05-12T14:47:33.001+0000] {logging_mixin.py:149} INFO - [2023-05-12T14:47:33.000+0000] {dagbag.py:541} INFO - Filling up the DagBag from /opt/airflow/dags/4-custom_operator.py
[2023-05-12T14:47:33.021+0000] {processor.py:809} INFO - DAG(s) dict_keys(['custom_operator']) retrieved from /opt/airflow/dags/4-custom_operator.py
[2023-05-12T14:47:33.063+0000] {logging_mixin.py:149} INFO - [2023-05-12T14:47:33.063+0000] {dag.py:2726} INFO - Sync 1 DAGs
[2023-05-12T14:47:33.128+0000] {logging_mixin.py:149} INFO - [2023-05-12T14:47:33.128+0000] {dag.py:3490} INFO - Setting next_dagrun for custom_operator to None, run_after=None
[2023-05-12T14:47:33.163+0000] {processor.py:178} INFO - Processing /opt/airflow/dags/4-custom_operator.py took 0.180 seconds
[2023-05-12T14:48:03.875+0000] {processor.py:156} INFO - Started process (PID=1019) to work on /opt/airflow/dags/4-custom_operator.py
[2023-05-12T14:48:03.878+0000] {processor.py:799} INFO - Processing file /opt/airflow/dags/4-custom_operator.py for tasks to queue
[2023-05-12T14:48:03.880+0000] {logging_mixin.py:149} INFO - [2023-05-12T14:48:03.880+0000] {dagbag.py:541} INFO - Filling up the DagBag from /opt/airflow/dags/4-custom_operator.py
[2023-05-12T14:48:03.899+0000] {processor.py:809} INFO - DAG(s) dict_keys(['custom_operator']) retrieved from /opt/airflow/dags/4-custom_operator.py
[2023-05-12T14:48:03.965+0000] {logging_mixin.py:149} INFO - [2023-05-12T14:48:03.965+0000] {dag.py:2726} INFO - Sync 1 DAGs
[2023-05-12T14:48:04.009+0000] {logging_mixin.py:149} INFO - [2023-05-12T14:48:04.009+0000] {dag.py:3490} INFO - Setting next_dagrun for custom_operator to None, run_after=None
[2023-05-12T14:48:04.037+0000] {processor.py:178} INFO - Processing /opt/airflow/dags/4-custom_operator.py took 0.173 seconds
[2023-05-12T14:48:34.844+0000] {processor.py:156} INFO - Started process (PID=1033) to work on /opt/airflow/dags/4-custom_operator.py
[2023-05-12T14:48:34.848+0000] {processor.py:799} INFO - Processing file /opt/airflow/dags/4-custom_operator.py for tasks to queue
[2023-05-12T14:48:34.850+0000] {logging_mixin.py:149} INFO - [2023-05-12T14:48:34.850+0000] {dagbag.py:541} INFO - Filling up the DagBag from /opt/airflow/dags/4-custom_operator.py
[2023-05-12T14:48:34.891+0000] {processor.py:809} INFO - DAG(s) dict_keys(['custom_operator']) retrieved from /opt/airflow/dags/4-custom_operator.py
[2023-05-12T14:48:34.989+0000] {logging_mixin.py:149} INFO - [2023-05-12T14:48:34.989+0000] {dag.py:2726} INFO - Sync 1 DAGs
[2023-05-12T14:48:35.100+0000] {logging_mixin.py:149} INFO - [2023-05-12T14:48:35.100+0000] {dag.py:3490} INFO - Setting next_dagrun for custom_operator to None, run_after=None
[2023-05-12T14:48:35.168+0000] {processor.py:178} INFO - Processing /opt/airflow/dags/4-custom_operator.py took 0.345 seconds
[2023-05-12T14:49:06.068+0000] {processor.py:156} INFO - Started process (PID=1047) to work on /opt/airflow/dags/4-custom_operator.py
[2023-05-12T14:49:06.074+0000] {processor.py:799} INFO - Processing file /opt/airflow/dags/4-custom_operator.py for tasks to queue
[2023-05-12T14:49:06.075+0000] {logging_mixin.py:149} INFO - [2023-05-12T14:49:06.075+0000] {dagbag.py:541} INFO - Filling up the DagBag from /opt/airflow/dags/4-custom_operator.py
[2023-05-12T14:49:06.097+0000] {processor.py:809} INFO - DAG(s) dict_keys(['custom_operator']) retrieved from /opt/airflow/dags/4-custom_operator.py
[2023-05-12T14:49:06.195+0000] {logging_mixin.py:149} INFO - [2023-05-12T14:49:06.195+0000] {dag.py:2726} INFO - Sync 1 DAGs
[2023-05-12T14:49:06.249+0000] {logging_mixin.py:149} INFO - [2023-05-12T14:49:06.248+0000] {dag.py:3490} INFO - Setting next_dagrun for custom_operator to None, run_after=None
[2023-05-12T14:49:06.327+0000] {processor.py:178} INFO - Processing /opt/airflow/dags/4-custom_operator.py took 0.266 seconds
[2023-05-12T14:49:37.102+0000] {processor.py:156} INFO - Started process (PID=1061) to work on /opt/airflow/dags/4-custom_operator.py
[2023-05-12T14:49:37.105+0000] {processor.py:799} INFO - Processing file /opt/airflow/dags/4-custom_operator.py for tasks to queue
[2023-05-12T14:49:37.107+0000] {logging_mixin.py:149} INFO - [2023-05-12T14:49:37.107+0000] {dagbag.py:541} INFO - Filling up the DagBag from /opt/airflow/dags/4-custom_operator.py
[2023-05-12T14:49:37.131+0000] {processor.py:809} INFO - DAG(s) dict_keys(['custom_operator']) retrieved from /opt/airflow/dags/4-custom_operator.py
[2023-05-12T14:49:37.191+0000] {logging_mixin.py:149} INFO - [2023-05-12T14:49:37.191+0000] {dag.py:2726} INFO - Sync 1 DAGs
[2023-05-12T14:49:37.253+0000] {logging_mixin.py:149} INFO - [2023-05-12T14:49:37.252+0000] {dag.py:3490} INFO - Setting next_dagrun for custom_operator to None, run_after=None
[2023-05-12T14:49:37.289+0000] {processor.py:178} INFO - Processing /opt/airflow/dags/4-custom_operator.py took 0.192 seconds
[2023-05-12T14:50:08.064+0000] {processor.py:156} INFO - Started process (PID=1075) to work on /opt/airflow/dags/4-custom_operator.py
[2023-05-12T14:50:08.067+0000] {processor.py:799} INFO - Processing file /opt/airflow/dags/4-custom_operator.py for tasks to queue
[2023-05-12T14:50:08.070+0000] {logging_mixin.py:149} INFO - [2023-05-12T14:50:08.069+0000] {dagbag.py:541} INFO - Filling up the DagBag from /opt/airflow/dags/4-custom_operator.py
[2023-05-12T14:50:08.087+0000] {processor.py:809} INFO - DAG(s) dict_keys(['custom_operator']) retrieved from /opt/airflow/dags/4-custom_operator.py
[2023-05-12T14:50:08.135+0000] {logging_mixin.py:149} INFO - [2023-05-12T14:50:08.135+0000] {dag.py:2726} INFO - Sync 1 DAGs
[2023-05-12T14:50:08.209+0000] {logging_mixin.py:149} INFO - [2023-05-12T14:50:08.209+0000] {dag.py:3490} INFO - Setting next_dagrun for custom_operator to None, run_after=None
[2023-05-12T14:50:08.240+0000] {processor.py:178} INFO - Processing /opt/airflow/dags/4-custom_operator.py took 0.188 seconds
[2023-05-12T14:50:38.366+0000] {processor.py:156} INFO - Started process (PID=1089) to work on /opt/airflow/dags/4-custom_operator.py
[2023-05-12T14:50:38.373+0000] {processor.py:799} INFO - Processing file /opt/airflow/dags/4-custom_operator.py for tasks to queue
[2023-05-12T14:50:38.374+0000] {logging_mixin.py:149} INFO - [2023-05-12T14:50:38.374+0000] {dagbag.py:541} INFO - Filling up the DagBag from /opt/airflow/dags/4-custom_operator.py
[2023-05-12T14:50:38.392+0000] {processor.py:809} INFO - DAG(s) dict_keys(['custom_operator']) retrieved from /opt/airflow/dags/4-custom_operator.py
[2023-05-12T14:50:38.443+0000] {logging_mixin.py:149} INFO - [2023-05-12T14:50:38.443+0000] {dag.py:2726} INFO - Sync 1 DAGs
[2023-05-12T14:50:38.499+0000] {logging_mixin.py:149} INFO - [2023-05-12T14:50:38.499+0000] {dag.py:3490} INFO - Setting next_dagrun for custom_operator to None, run_after=None
[2023-05-12T14:50:38.527+0000] {processor.py:178} INFO - Processing /opt/airflow/dags/4-custom_operator.py took 0.178 seconds
[2023-05-12T14:51:09.306+0000] {processor.py:156} INFO - Started process (PID=1104) to work on /opt/airflow/dags/4-custom_operator.py
[2023-05-12T14:51:09.308+0000] {processor.py:799} INFO - Processing file /opt/airflow/dags/4-custom_operator.py for tasks to queue
[2023-05-12T14:51:09.309+0000] {logging_mixin.py:149} INFO - [2023-05-12T14:51:09.309+0000] {dagbag.py:541} INFO - Filling up the DagBag from /opt/airflow/dags/4-custom_operator.py
[2023-05-12T14:51:09.324+0000] {processor.py:809} INFO - DAG(s) dict_keys(['custom_operator']) retrieved from /opt/airflow/dags/4-custom_operator.py
[2023-05-12T14:51:09.370+0000] {logging_mixin.py:149} INFO - [2023-05-12T14:51:09.369+0000] {dag.py:2726} INFO - Sync 1 DAGs
[2023-05-12T14:51:09.420+0000] {logging_mixin.py:149} INFO - [2023-05-12T14:51:09.420+0000] {dag.py:3490} INFO - Setting next_dagrun for custom_operator to None, run_after=None
[2023-05-12T14:51:09.447+0000] {processor.py:178} INFO - Processing /opt/airflow/dags/4-custom_operator.py took 0.152 seconds
[2023-05-12T14:51:40.988+0000] {processor.py:156} INFO - Started process (PID=1118) to work on /opt/airflow/dags/4-custom_operator.py
[2023-05-12T14:51:41.266+0000] {processor.py:799} INFO - Processing file /opt/airflow/dags/4-custom_operator.py for tasks to queue
[2023-05-12T14:51:41.495+0000] {logging_mixin.py:149} INFO - [2023-05-12T14:51:41.483+0000] {dagbag.py:541} INFO - Filling up the DagBag from /opt/airflow/dags/4-custom_operator.py
[2023-05-12T14:51:42.782+0000] {processor.py:809} INFO - DAG(s) dict_keys(['custom_operator']) retrieved from /opt/airflow/dags/4-custom_operator.py
[2023-05-12T14:51:44.092+0000] {logging_mixin.py:149} INFO - [2023-05-12T14:51:44.091+0000] {dag.py:2726} INFO - Sync 1 DAGs
[2023-05-12T14:51:45.299+0000] {logging_mixin.py:149} INFO - [2023-05-12T14:51:45.298+0000] {dag.py:3490} INFO - Setting next_dagrun for custom_operator to None, run_after=None
[2023-05-12T14:51:45.735+0000] {processor.py:178} INFO - Processing /opt/airflow/dags/4-custom_operator.py took 5.360 seconds
[2023-05-12T14:52:16.698+0000] {processor.py:156} INFO - Started process (PID=1132) to work on /opt/airflow/dags/4-custom_operator.py
[2023-05-12T14:52:16.741+0000] {processor.py:799} INFO - Processing file /opt/airflow/dags/4-custom_operator.py for tasks to queue
[2023-05-12T14:52:16.754+0000] {logging_mixin.py:149} INFO - [2023-05-12T14:52:16.753+0000] {dagbag.py:541} INFO - Filling up the DagBag from /opt/airflow/dags/4-custom_operator.py
[2023-05-12T14:52:17.300+0000] {processor.py:809} INFO - DAG(s) dict_keys(['custom_operator']) retrieved from /opt/airflow/dags/4-custom_operator.py
[2023-05-12T14:52:18.361+0000] {logging_mixin.py:149} INFO - [2023-05-12T14:52:18.360+0000] {dag.py:2726} INFO - Sync 1 DAGs
[2023-05-12T14:52:18.906+0000] {logging_mixin.py:149} INFO - [2023-05-12T14:52:18.906+0000] {dag.py:3490} INFO - Setting next_dagrun for custom_operator to None, run_after=None
[2023-05-12T14:52:19.214+0000] {processor.py:178} INFO - Processing /opt/airflow/dags/4-custom_operator.py took 2.600 seconds
[2023-05-12T14:52:49.475+0000] {processor.py:156} INFO - Started process (PID=1147) to work on /opt/airflow/dags/4-custom_operator.py
[2023-05-12T14:52:49.541+0000] {processor.py:799} INFO - Processing file /opt/airflow/dags/4-custom_operator.py for tasks to queue
[2023-05-12T14:52:49.578+0000] {logging_mixin.py:149} INFO - [2023-05-12T14:52:49.578+0000] {dagbag.py:541} INFO - Filling up the DagBag from /opt/airflow/dags/4-custom_operator.py
[2023-05-12T14:52:50.082+0000] {processor.py:809} INFO - DAG(s) dict_keys(['custom_operator']) retrieved from /opt/airflow/dags/4-custom_operator.py
[2023-05-12T14:52:51.162+0000] {logging_mixin.py:149} INFO - [2023-05-12T14:52:51.161+0000] {dag.py:2726} INFO - Sync 1 DAGs
[2023-05-12T14:52:51.685+0000] {logging_mixin.py:149} INFO - [2023-05-12T14:52:51.685+0000] {dag.py:3490} INFO - Setting next_dagrun for custom_operator to None, run_after=None
[2023-05-12T14:52:52.051+0000] {processor.py:178} INFO - Processing /opt/airflow/dags/4-custom_operator.py took 2.625 seconds
[2023-05-12T14:53:22.949+0000] {processor.py:156} INFO - Started process (PID=1167) to work on /opt/airflow/dags/4-custom_operator.py
[2023-05-12T14:53:22.974+0000] {processor.py:799} INFO - Processing file /opt/airflow/dags/4-custom_operator.py for tasks to queue
[2023-05-12T14:53:22.975+0000] {logging_mixin.py:149} INFO - [2023-05-12T14:53:22.975+0000] {dagbag.py:541} INFO - Filling up the DagBag from /opt/airflow/dags/4-custom_operator.py
[2023-05-12T14:53:23.161+0000] {processor.py:809} INFO - DAG(s) dict_keys(['custom_operator']) retrieved from /opt/airflow/dags/4-custom_operator.py
[2023-05-12T14:53:23.524+0000] {logging_mixin.py:149} INFO - [2023-05-12T14:53:23.524+0000] {dag.py:2726} INFO - Sync 1 DAGs
[2023-05-12T14:53:23.871+0000] {logging_mixin.py:149} INFO - [2023-05-12T14:53:23.871+0000] {dag.py:3490} INFO - Setting next_dagrun for custom_operator to None, run_after=None
[2023-05-12T14:53:24.373+0000] {processor.py:178} INFO - Processing /opt/airflow/dags/4-custom_operator.py took 1.458 seconds
[2023-05-12T14:53:54.949+0000] {processor.py:156} INFO - Started process (PID=1181) to work on /opt/airflow/dags/4-custom_operator.py
[2023-05-12T14:53:54.950+0000] {processor.py:799} INFO - Processing file /opt/airflow/dags/4-custom_operator.py for tasks to queue
[2023-05-12T14:53:54.951+0000] {logging_mixin.py:149} INFO - [2023-05-12T14:53:54.951+0000] {dagbag.py:541} INFO - Filling up the DagBag from /opt/airflow/dags/4-custom_operator.py
[2023-05-12T14:53:55.020+0000] {processor.py:809} INFO - DAG(s) dict_keys(['custom_operator']) retrieved from /opt/airflow/dags/4-custom_operator.py
[2023-05-12T14:53:55.517+0000] {logging_mixin.py:149} INFO - [2023-05-12T14:53:55.517+0000] {dag.py:2726} INFO - Sync 1 DAGs
[2023-05-12T14:53:56.270+0000] {logging_mixin.py:149} INFO - [2023-05-12T14:53:56.270+0000] {dag.py:3490} INFO - Setting next_dagrun for custom_operator to None, run_after=None
[2023-05-12T14:53:56.719+0000] {processor.py:178} INFO - Processing /opt/airflow/dags/4-custom_operator.py took 1.798 seconds
[2023-05-12T14:54:27.001+0000] {processor.py:156} INFO - Started process (PID=1195) to work on /opt/airflow/dags/4-custom_operator.py
[2023-05-12T14:54:27.018+0000] {processor.py:799} INFO - Processing file /opt/airflow/dags/4-custom_operator.py for tasks to queue
[2023-05-12T14:54:27.026+0000] {logging_mixin.py:149} INFO - [2023-05-12T14:54:27.025+0000] {dagbag.py:541} INFO - Filling up the DagBag from /opt/airflow/dags/4-custom_operator.py
[2023-05-12T14:54:27.111+0000] {processor.py:809} INFO - DAG(s) dict_keys(['custom_operator']) retrieved from /opt/airflow/dags/4-custom_operator.py
[2023-05-12T14:54:27.337+0000] {logging_mixin.py:149} INFO - [2023-05-12T14:54:27.336+0000] {dag.py:2726} INFO - Sync 1 DAGs
[2023-05-12T14:54:27.635+0000] {logging_mixin.py:149} INFO - [2023-05-12T14:54:27.635+0000] {dag.py:3490} INFO - Setting next_dagrun for custom_operator to None, run_after=None
[2023-05-12T14:54:28.734+0000] {processor.py:178} INFO - Processing /opt/airflow/dags/4-custom_operator.py took 1.761 seconds
[2023-05-12T14:55:00.889+0000] {processor.py:156} INFO - Started process (PID=1210) to work on /opt/airflow/dags/4-custom_operator.py
[2023-05-12T14:55:00.916+0000] {processor.py:799} INFO - Processing file /opt/airflow/dags/4-custom_operator.py for tasks to queue
[2023-05-12T14:55:00.946+0000] {logging_mixin.py:149} INFO - [2023-05-12T14:55:00.945+0000] {dagbag.py:541} INFO - Filling up the DagBag from /opt/airflow/dags/4-custom_operator.py
[2023-05-12T14:55:01.420+0000] {processor.py:809} INFO - DAG(s) dict_keys(['custom_operator']) retrieved from /opt/airflow/dags/4-custom_operator.py
[2023-05-12T14:55:01.930+0000] {logging_mixin.py:149} INFO - [2023-05-12T14:55:01.929+0000] {dag.py:2726} INFO - Sync 1 DAGs
[2023-05-12T14:55:02.548+0000] {logging_mixin.py:149} INFO - [2023-05-12T14:55:02.540+0000] {dag.py:3490} INFO - Setting next_dagrun for custom_operator to None, run_after=None
[2023-05-12T14:55:03.270+0000] {processor.py:178} INFO - Processing /opt/airflow/dags/4-custom_operator.py took 2.566 seconds
[2023-05-12T14:55:35.736+0000] {processor.py:156} INFO - Started process (PID=1224) to work on /opt/airflow/dags/4-custom_operator.py
[2023-05-12T14:55:38.205+0000] {processor.py:799} INFO - Processing file /opt/airflow/dags/4-custom_operator.py for tasks to queue
[2023-05-12T14:55:46.071+0000] {logging_mixin.py:149} INFO - [2023-05-12T14:55:41.463+0000] {dagbag.py:541} INFO - Filling up the DagBag from /opt/airflow/dags/4-custom_operator.py
[2023-05-12T14:58:38.860+0000] {processor.py:809} INFO - DAG(s) dict_keys(['custom_operator']) retrieved from /opt/airflow/dags/4-custom_operator.py
