[2023-05-11T23:14:33.644+0000] {processor.py:156} INFO - Started process (PID=31) to work on /opt/airflow/dags/4-custom_operator.py
[2023-05-11T23:14:33.645+0000] {processor.py:799} INFO - Processing file /opt/airflow/dags/4-custom_operator.py for tasks to queue
[2023-05-11T23:14:33.647+0000] {logging_mixin.py:149} INFO - [2023-05-11T23:14:33.646+0000] {dagbag.py:541} INFO - Filling up the DagBag from /opt/airflow/dags/4-custom_operator.py
[2023-05-11T23:14:33.680+0000] {logging_mixin.py:149} INFO - [2023-05-11T23:14:33.675+0000] {dagbag.py:350} ERROR - Failed to import: /opt/airflow/dags/4-custom_operator.py
Traceback (most recent call last):
  File "/home/airflow/.local/lib/python3.7/site-packages/airflow/models/dagbag.py", line 346, in parse
    loader.exec_module(new_module)
  File "<frozen importlib._bootstrap_external>", line 728, in exec_module
  File "<frozen importlib._bootstrap>", line 219, in _call_with_frames_removed
  File "/opt/airflow/dags/4-custom_operator.py", line 7, in <module>
    start_date=datetime(2022,8,1)) as dag:
TypeError: __init__() got an unexpected keyword argument 'descripction'
[2023-05-11T23:14:33.681+0000] {processor.py:811} WARNING - No viable dags retrieved from /opt/airflow/dags/4-custom_operator.py
[2023-05-11T23:14:33.860+0000] {processor.py:178} INFO - Processing /opt/airflow/dags/4-custom_operator.py took 0.257 seconds
[2023-05-11T23:15:04.635+0000] {processor.py:156} INFO - Started process (PID=43) to work on /opt/airflow/dags/4-custom_operator.py
[2023-05-11T23:15:04.652+0000] {processor.py:799} INFO - Processing file /opt/airflow/dags/4-custom_operator.py for tasks to queue
[2023-05-11T23:15:04.662+0000] {logging_mixin.py:149} INFO - [2023-05-11T23:15:04.662+0000] {dagbag.py:541} INFO - Filling up the DagBag from /opt/airflow/dags/4-custom_operator.py
[2023-05-11T23:15:04.688+0000] {logging_mixin.py:149} INFO - [2023-05-11T23:15:04.681+0000] {dagbag.py:350} ERROR - Failed to import: /opt/airflow/dags/4-custom_operator.py
Traceback (most recent call last):
  File "/home/airflow/.local/lib/python3.7/site-packages/airflow/models/dagbag.py", line 346, in parse
    loader.exec_module(new_module)
  File "<frozen importlib._bootstrap_external>", line 728, in exec_module
  File "<frozen importlib._bootstrap>", line 219, in _call_with_frames_removed
  File "/opt/airflow/dags/4-custom_operator.py", line 7, in <module>
    start_date=datetime(2022,8,1)) as dag:
TypeError: __init__() got an unexpected keyword argument 'descripction'
[2023-05-11T23:15:04.692+0000] {processor.py:811} WARNING - No viable dags retrieved from /opt/airflow/dags/4-custom_operator.py
[2023-05-11T23:15:04.853+0000] {processor.py:178} INFO - Processing /opt/airflow/dags/4-custom_operator.py took 0.232 seconds
[2023-05-11T23:15:34.975+0000] {processor.py:156} INFO - Started process (PID=54) to work on /opt/airflow/dags/4-custom_operator.py
[2023-05-11T23:15:34.977+0000] {processor.py:799} INFO - Processing file /opt/airflow/dags/4-custom_operator.py for tasks to queue
[2023-05-11T23:15:34.978+0000] {logging_mixin.py:149} INFO - [2023-05-11T23:15:34.978+0000] {dagbag.py:541} INFO - Filling up the DagBag from /opt/airflow/dags/4-custom_operator.py
[2023-05-11T23:15:34.984+0000] {logging_mixin.py:149} INFO - [2023-05-11T23:15:34.982+0000] {dagbag.py:350} ERROR - Failed to import: /opt/airflow/dags/4-custom_operator.py
Traceback (most recent call last):
  File "/home/airflow/.local/lib/python3.7/site-packages/airflow/models/dagbag.py", line 346, in parse
    loader.exec_module(new_module)
  File "<frozen importlib._bootstrap_external>", line 728, in exec_module
  File "<frozen importlib._bootstrap>", line 219, in _call_with_frames_removed
  File "/opt/airflow/dags/4-custom_operator.py", line 7, in <module>
    start_date=datetime(2022,8,1)) as dag:
TypeError: __init__() got an unexpected keyword argument 'descripction'
[2023-05-11T23:15:34.985+0000] {processor.py:811} WARNING - No viable dags retrieved from /opt/airflow/dags/4-custom_operator.py
[2023-05-11T23:15:35.015+0000] {processor.py:178} INFO - Processing /opt/airflow/dags/4-custom_operator.py took 0.044 seconds
[2023-05-11T23:16:05.672+0000] {processor.py:156} INFO - Started process (PID=66) to work on /opt/airflow/dags/4-custom_operator.py
[2023-05-11T23:16:06.111+0000] {processor.py:799} INFO - Processing file /opt/airflow/dags/4-custom_operator.py for tasks to queue
[2023-05-11T23:16:06.113+0000] {logging_mixin.py:149} INFO - [2023-05-11T23:16:06.112+0000] {dagbag.py:541} INFO - Filling up the DagBag from /opt/airflow/dags/4-custom_operator.py
[2023-05-11T23:16:06.126+0000] {logging_mixin.py:149} INFO - [2023-05-11T23:16:06.122+0000] {dagbag.py:350} ERROR - Failed to import: /opt/airflow/dags/4-custom_operator.py
Traceback (most recent call last):
  File "/home/airflow/.local/lib/python3.7/site-packages/airflow/models/dagbag.py", line 346, in parse
    loader.exec_module(new_module)
  File "<frozen importlib._bootstrap_external>", line 728, in exec_module
  File "<frozen importlib._bootstrap>", line 219, in _call_with_frames_removed
  File "/opt/airflow/dags/4-custom_operator.py", line 7, in <module>
    start_date=datetime(2022,8,1)) as dag:
TypeError: __init__() got an unexpected keyword argument 'descripction'
[2023-05-11T23:16:06.127+0000] {processor.py:811} WARNING - No viable dags retrieved from /opt/airflow/dags/4-custom_operator.py
[2023-05-11T23:16:06.333+0000] {processor.py:178} INFO - Processing /opt/airflow/dags/4-custom_operator.py took 0.691 seconds
[2023-05-11T23:16:29.208+0000] {processor.py:156} INFO - Started process (PID=78) to work on /opt/airflow/dags/4-custom_operator.py
[2023-05-11T23:16:29.218+0000] {processor.py:799} INFO - Processing file /opt/airflow/dags/4-custom_operator.py for tasks to queue
[2023-05-11T23:16:29.219+0000] {logging_mixin.py:149} INFO - [2023-05-11T23:16:29.219+0000] {dagbag.py:541} INFO - Filling up the DagBag from /opt/airflow/dags/4-custom_operator.py
[2023-05-11T23:16:29.272+0000] {logging_mixin.py:149} INFO - [2023-05-11T23:16:29.268+0000] {dagbag.py:350} ERROR - Failed to import: /opt/airflow/dags/4-custom_operator.py
Traceback (most recent call last):
  File "/home/airflow/.local/lib/python3.7/site-packages/airflow/models/dagbag.py", line 346, in parse
    loader.exec_module(new_module)
  File "<frozen importlib._bootstrap_external>", line 728, in exec_module
  File "<frozen importlib._bootstrap>", line 219, in _call_with_frames_removed
  File "/opt/airflow/dags/4-custom_operator.py", line 7, in <module>
    start_date=datetime(2022,8,1)) as dag:
TypeError: __init__() got an unexpected keyword argument 'descripction'
[2023-05-11T23:16:29.273+0000] {processor.py:811} WARNING - No viable dags retrieved from /opt/airflow/dags/4-custom_operator.py
[2023-05-11T23:16:29.351+0000] {processor.py:178} INFO - Processing /opt/airflow/dags/4-custom_operator.py took 0.150 seconds
[2023-05-11T23:17:00.058+0000] {processor.py:156} INFO - Started process (PID=90) to work on /opt/airflow/dags/4-custom_operator.py
[2023-05-11T23:17:00.059+0000] {processor.py:799} INFO - Processing file /opt/airflow/dags/4-custom_operator.py for tasks to queue
[2023-05-11T23:17:00.061+0000] {logging_mixin.py:149} INFO - [2023-05-11T23:17:00.061+0000] {dagbag.py:541} INFO - Filling up the DagBag from /opt/airflow/dags/4-custom_operator.py
[2023-05-11T23:17:00.067+0000] {logging_mixin.py:149} INFO - [2023-05-11T23:17:00.065+0000] {dagbag.py:350} ERROR - Failed to import: /opt/airflow/dags/4-custom_operator.py
Traceback (most recent call last):
  File "/home/airflow/.local/lib/python3.7/site-packages/airflow/models/dagbag.py", line 346, in parse
    loader.exec_module(new_module)
  File "<frozen importlib._bootstrap_external>", line 728, in exec_module
  File "<frozen importlib._bootstrap>", line 219, in _call_with_frames_removed
  File "/opt/airflow/dags/4-custom_operator.py", line 7, in <module>
    start_date=datetime(2022,8,1)) as dag:
TypeError: __init__() got an unexpected keyword argument 'descripction'
[2023-05-11T23:17:00.068+0000] {processor.py:811} WARNING - No viable dags retrieved from /opt/airflow/dags/4-custom_operator.py
[2023-05-11T23:17:00.099+0000] {processor.py:178} INFO - Processing /opt/airflow/dags/4-custom_operator.py took 0.046 seconds
[2023-05-11T23:17:31.148+0000] {processor.py:156} INFO - Started process (PID=102) to work on /opt/airflow/dags/4-custom_operator.py
[2023-05-11T23:17:31.149+0000] {processor.py:799} INFO - Processing file /opt/airflow/dags/4-custom_operator.py for tasks to queue
[2023-05-11T23:17:31.150+0000] {logging_mixin.py:149} INFO - [2023-05-11T23:17:31.150+0000] {dagbag.py:541} INFO - Filling up the DagBag from /opt/airflow/dags/4-custom_operator.py
[2023-05-11T23:17:31.155+0000] {logging_mixin.py:149} INFO - [2023-05-11T23:17:31.153+0000] {dagbag.py:350} ERROR - Failed to import: /opt/airflow/dags/4-custom_operator.py
Traceback (most recent call last):
  File "/home/airflow/.local/lib/python3.7/site-packages/airflow/models/dagbag.py", line 346, in parse
    loader.exec_module(new_module)
  File "<frozen importlib._bootstrap_external>", line 728, in exec_module
  File "<frozen importlib._bootstrap>", line 219, in _call_with_frames_removed
  File "/opt/airflow/dags/4-custom_operator.py", line 7, in <module>
    start_date=datetime(2022,8,1)) as dag:
TypeError: __init__() got an unexpected keyword argument 'descripction'
[2023-05-11T23:17:31.155+0000] {processor.py:811} WARNING - No viable dags retrieved from /opt/airflow/dags/4-custom_operator.py
[2023-05-11T23:17:31.188+0000] {processor.py:178} INFO - Processing /opt/airflow/dags/4-custom_operator.py took 0.049 seconds
[2023-05-11T23:17:46.575+0000] {processor.py:156} INFO - Started process (PID=114) to work on /opt/airflow/dags/4-custom_operator.py
[2023-05-11T23:17:46.576+0000] {processor.py:799} INFO - Processing file /opt/airflow/dags/4-custom_operator.py for tasks to queue
[2023-05-11T23:17:46.577+0000] {logging_mixin.py:149} INFO - [2023-05-11T23:17:46.577+0000] {dagbag.py:541} INFO - Filling up the DagBag from /opt/airflow/dags/4-custom_operator.py
[2023-05-11T23:17:46.591+0000] {logging_mixin.py:149} INFO - [2023-05-11T23:17:46.590+0000] {dagbag.py:350} ERROR - Failed to import: /opt/airflow/dags/4-custom_operator.py
Traceback (most recent call last):
  File "/home/airflow/.local/lib/python3.7/site-packages/airflow/models/dagbag.py", line 346, in parse
    loader.exec_module(new_module)
  File "<frozen importlib._bootstrap_external>", line 728, in exec_module
  File "<frozen importlib._bootstrap>", line 219, in _call_with_frames_removed
  File "/opt/airflow/dags/4-custom_operator.py", line 8, in <module>
    schedule_interval='@once') as dag :
TypeError: __init__() got an unexpected keyword argument 'descripction'
[2023-05-11T23:17:46.592+0000] {processor.py:811} WARNING - No viable dags retrieved from /opt/airflow/dags/4-custom_operator.py
[2023-05-11T23:17:46.628+0000] {processor.py:178} INFO - Processing /opt/airflow/dags/4-custom_operator.py took 0.059 seconds
[2023-05-11T23:17:57.754+0000] {processor.py:156} INFO - Started process (PID=116) to work on /opt/airflow/dags/4-custom_operator.py
[2023-05-11T23:17:57.756+0000] {processor.py:799} INFO - Processing file /opt/airflow/dags/4-custom_operator.py for tasks to queue
[2023-05-11T23:17:57.757+0000] {logging_mixin.py:149} INFO - [2023-05-11T23:17:57.757+0000] {dagbag.py:541} INFO - Filling up the DagBag from /opt/airflow/dags/4-custom_operator.py
[2023-05-11T23:17:57.775+0000] {logging_mixin.py:149} INFO - [2023-05-11T23:17:57.773+0000] {dagbag.py:350} ERROR - Failed to import: /opt/airflow/dags/4-custom_operator.py
Traceback (most recent call last):
  File "/home/airflow/.local/lib/python3.7/site-packages/airflow/models/dagbag.py", line 346, in parse
    loader.exec_module(new_module)
  File "<frozen importlib._bootstrap_external>", line 728, in exec_module
  File "<frozen importlib._bootstrap>", line 219, in _call_with_frames_removed
  File "/opt/airflow/dags/4-custom_operator.py", line 8, in <module>
    schedule_interval='@once') as dag :
TypeError: __init__() got an unexpected keyword argument 'descripction'
[2023-05-11T23:17:57.775+0000] {processor.py:811} WARNING - No viable dags retrieved from /opt/airflow/dags/4-custom_operator.py
[2023-05-11T23:17:58.037+0000] {processor.py:178} INFO - Processing /opt/airflow/dags/4-custom_operator.py took 0.290 seconds
[2023-05-11T23:18:28.373+0000] {processor.py:156} INFO - Started process (PID=128) to work on /opt/airflow/dags/4-custom_operator.py
[2023-05-11T23:18:28.376+0000] {processor.py:799} INFO - Processing file /opt/airflow/dags/4-custom_operator.py for tasks to queue
[2023-05-11T23:18:28.377+0000] {logging_mixin.py:149} INFO - [2023-05-11T23:18:28.377+0000] {dagbag.py:541} INFO - Filling up the DagBag from /opt/airflow/dags/4-custom_operator.py
[2023-05-11T23:18:28.384+0000] {logging_mixin.py:149} INFO - [2023-05-11T23:18:28.381+0000] {dagbag.py:350} ERROR - Failed to import: /opt/airflow/dags/4-custom_operator.py
Traceback (most recent call last):
  File "/home/airflow/.local/lib/python3.7/site-packages/airflow/models/dagbag.py", line 346, in parse
    loader.exec_module(new_module)
  File "<frozen importlib._bootstrap_external>", line 728, in exec_module
  File "<frozen importlib._bootstrap>", line 219, in _call_with_frames_removed
  File "/opt/airflow/dags/4-custom_operator.py", line 8, in <module>
    schedule_interval='@once') as dag :
TypeError: __init__() got an unexpected keyword argument 'descripction'
[2023-05-11T23:18:28.385+0000] {processor.py:811} WARNING - No viable dags retrieved from /opt/airflow/dags/4-custom_operator.py
[2023-05-11T23:18:28.426+0000] {processor.py:178} INFO - Processing /opt/airflow/dags/4-custom_operator.py took 0.065 seconds
[2023-05-11T23:18:59.119+0000] {processor.py:156} INFO - Started process (PID=140) to work on /opt/airflow/dags/4-custom_operator.py
[2023-05-11T23:18:59.120+0000] {processor.py:799} INFO - Processing file /opt/airflow/dags/4-custom_operator.py for tasks to queue
[2023-05-11T23:18:59.121+0000] {logging_mixin.py:149} INFO - [2023-05-11T23:18:59.121+0000] {dagbag.py:541} INFO - Filling up the DagBag from /opt/airflow/dags/4-custom_operator.py
[2023-05-11T23:18:59.127+0000] {logging_mixin.py:149} INFO - [2023-05-11T23:18:59.124+0000] {dagbag.py:350} ERROR - Failed to import: /opt/airflow/dags/4-custom_operator.py
Traceback (most recent call last):
  File "/home/airflow/.local/lib/python3.7/site-packages/airflow/models/dagbag.py", line 346, in parse
    loader.exec_module(new_module)
  File "<frozen importlib._bootstrap_external>", line 728, in exec_module
  File "<frozen importlib._bootstrap>", line 219, in _call_with_frames_removed
  File "/opt/airflow/dags/4-custom_operator.py", line 8, in <module>
    schedule_interval='@once') as dag :
TypeError: __init__() got an unexpected keyword argument 'descripction'
[2023-05-11T23:18:59.127+0000] {processor.py:811} WARNING - No viable dags retrieved from /opt/airflow/dags/4-custom_operator.py
[2023-05-11T23:18:59.162+0000] {processor.py:178} INFO - Processing /opt/airflow/dags/4-custom_operator.py took 0.050 seconds
[2023-05-11T23:19:17.306+0000] {processor.py:156} INFO - Started process (PID=150) to work on /opt/airflow/dags/4-custom_operator.py
[2023-05-11T23:19:17.311+0000] {processor.py:799} INFO - Processing file /opt/airflow/dags/4-custom_operator.py for tasks to queue
[2023-05-11T23:19:17.313+0000] {logging_mixin.py:149} INFO - [2023-05-11T23:19:17.312+0000] {dagbag.py:541} INFO - Filling up the DagBag from /opt/airflow/dags/4-custom_operator.py
[2023-05-11T23:19:17.318+0000] {logging_mixin.py:149} INFO - [2023-05-11T23:19:17.317+0000] {dagbag.py:350} ERROR - Failed to import: /opt/airflow/dags/4-custom_operator.py
Traceback (most recent call last):
  File "/home/airflow/.local/lib/python3.7/site-packages/airflow/models/dagbag.py", line 346, in parse
    loader.exec_module(new_module)
  File "<frozen importlib._bootstrap_external>", line 728, in exec_module
  File "<frozen importlib._bootstrap>", line 219, in _call_with_frames_removed
  File "/opt/airflow/dags/4-custom_operator.py", line 7, in <module>
    start_date=datetime(2022,8,1)
TypeError: __init__() got an unexpected keyword argument 'descripction'
[2023-05-11T23:19:17.319+0000] {processor.py:811} WARNING - No viable dags retrieved from /opt/airflow/dags/4-custom_operator.py
[2023-05-11T23:19:17.371+0000] {processor.py:178} INFO - Processing /opt/airflow/dags/4-custom_operator.py took 0.071 seconds
[2023-05-11T23:19:22.570+0000] {processor.py:156} INFO - Started process (PID=153) to work on /opt/airflow/dags/4-custom_operator.py
[2023-05-11T23:19:22.571+0000] {processor.py:799} INFO - Processing file /opt/airflow/dags/4-custom_operator.py for tasks to queue
[2023-05-11T23:19:22.572+0000] {logging_mixin.py:149} INFO - [2023-05-11T23:19:22.572+0000] {dagbag.py:541} INFO - Filling up the DagBag from /opt/airflow/dags/4-custom_operator.py
[2023-05-11T23:19:22.585+0000] {logging_mixin.py:149} INFO - [2023-05-11T23:19:22.583+0000] {dagbag.py:350} ERROR - Failed to import: /opt/airflow/dags/4-custom_operator.py
Traceback (most recent call last):
  File "/home/airflow/.local/lib/python3.7/site-packages/airflow/models/dagbag.py", line 346, in parse
    loader.exec_module(new_module)
  File "<frozen importlib._bootstrap_external>", line 728, in exec_module
  File "<frozen importlib._bootstrap>", line 219, in _call_with_frames_removed
  File "/opt/airflow/dags/4-custom_operator.py", line 7, in <module>
    start_date=datetime(2022,8,1)
TypeError: __init__() got an unexpected keyword argument 'descripction'
[2023-05-11T23:19:22.586+0000] {processor.py:811} WARNING - No viable dags retrieved from /opt/airflow/dags/4-custom_operator.py
[2023-05-11T23:19:22.637+0000] {processor.py:178} INFO - Processing /opt/airflow/dags/4-custom_operator.py took 0.074 seconds
[2023-05-11T23:19:53.343+0000] {processor.py:156} INFO - Started process (PID=165) to work on /opt/airflow/dags/4-custom_operator.py
[2023-05-11T23:19:53.345+0000] {processor.py:799} INFO - Processing file /opt/airflow/dags/4-custom_operator.py for tasks to queue
[2023-05-11T23:19:53.347+0000] {logging_mixin.py:149} INFO - [2023-05-11T23:19:53.346+0000] {dagbag.py:541} INFO - Filling up the DagBag from /opt/airflow/dags/4-custom_operator.py
[2023-05-11T23:19:53.353+0000] {logging_mixin.py:149} INFO - [2023-05-11T23:19:53.351+0000] {dagbag.py:350} ERROR - Failed to import: /opt/airflow/dags/4-custom_operator.py
Traceback (most recent call last):
  File "/home/airflow/.local/lib/python3.7/site-packages/airflow/models/dagbag.py", line 346, in parse
    loader.exec_module(new_module)
  File "<frozen importlib._bootstrap_external>", line 728, in exec_module
  File "<frozen importlib._bootstrap>", line 219, in _call_with_frames_removed
  File "/opt/airflow/dags/4-custom_operator.py", line 7, in <module>
    start_date=datetime(2022,8,1)
TypeError: __init__() got an unexpected keyword argument 'descripction'
[2023-05-11T23:19:53.354+0000] {processor.py:811} WARNING - No viable dags retrieved from /opt/airflow/dags/4-custom_operator.py
[2023-05-11T23:19:53.387+0000] {processor.py:178} INFO - Processing /opt/airflow/dags/4-custom_operator.py took 0.051 seconds
[2023-05-11T23:19:59.404+0000] {processor.py:156} INFO - Started process (PID=166) to work on /opt/airflow/dags/4-custom_operator.py
[2023-05-11T23:19:59.405+0000] {processor.py:799} INFO - Processing file /opt/airflow/dags/4-custom_operator.py for tasks to queue
[2023-05-11T23:19:59.409+0000] {logging_mixin.py:149} INFO - [2023-05-11T23:19:59.408+0000] {dagbag.py:541} INFO - Filling up the DagBag from /opt/airflow/dags/4-custom_operator.py
[2023-05-11T23:19:59.433+0000] {processor.py:809} INFO - DAG(s) dict_keys(['custom_operator']) retrieved from /opt/airflow/dags/4-custom_operator.py
[2023-05-11T23:20:00.392+0000] {logging_mixin.py:149} INFO - [2023-05-11T23:20:00.392+0000] {manager.py:504} INFO - Created Permission View: can delete on DAG:custom_operator
[2023-05-11T23:20:00.418+0000] {logging_mixin.py:149} INFO - [2023-05-11T23:20:00.418+0000] {manager.py:504} INFO - Created Permission View: can edit on DAG:custom_operator
[2023-05-11T23:20:00.429+0000] {logging_mixin.py:149} INFO - [2023-05-11T23:20:00.429+0000] {manager.py:504} INFO - Created Permission View: can read on DAG:custom_operator
[2023-05-11T23:20:00.430+0000] {logging_mixin.py:149} INFO - [2023-05-11T23:20:00.430+0000] {dag.py:2726} INFO - Sync 1 DAGs
[2023-05-11T23:20:00.578+0000] {logging_mixin.py:149} INFO - [2023-05-11T23:20:00.578+0000] {dag.py:2747} INFO - Creating ORM DAG for custom_operator
[2023-05-11T23:20:00.678+0000] {logging_mixin.py:149} INFO - [2023-05-11T23:20:00.678+0000] {dag.py:3490} INFO - Setting next_dagrun for custom_operator to 2022-08-01T00:00:00+00:00, run_after=2022-08-01T00:00:00+00:00
[2023-05-11T23:20:00.800+0000] {processor.py:178} INFO - Processing /opt/airflow/dags/4-custom_operator.py took 1.409 seconds
[2023-05-11T23:20:31.277+0000] {processor.py:156} INFO - Started process (PID=178) to work on /opt/airflow/dags/4-custom_operator.py
[2023-05-11T23:20:31.280+0000] {processor.py:799} INFO - Processing file /opt/airflow/dags/4-custom_operator.py for tasks to queue
[2023-05-11T23:20:31.282+0000] {logging_mixin.py:149} INFO - [2023-05-11T23:20:31.281+0000] {dagbag.py:541} INFO - Filling up the DagBag from /opt/airflow/dags/4-custom_operator.py
[2023-05-11T23:20:31.299+0000] {processor.py:809} INFO - DAG(s) dict_keys(['custom_operator']) retrieved from /opt/airflow/dags/4-custom_operator.py
[2023-05-11T23:20:31.369+0000] {logging_mixin.py:149} INFO - [2023-05-11T23:20:31.367+0000] {dag.py:2726} INFO - Sync 1 DAGs
[2023-05-11T23:20:31.701+0000] {logging_mixin.py:149} INFO - [2023-05-11T23:20:31.701+0000] {dag.py:3490} INFO - Setting next_dagrun for custom_operator to 2022-08-01T00:00:00+00:00, run_after=2022-08-01T00:00:00+00:00
[2023-05-11T23:20:31.767+0000] {processor.py:178} INFO - Processing /opt/airflow/dags/4-custom_operator.py took 0.498 seconds
[2023-05-11T23:21:02.102+0000] {processor.py:156} INFO - Started process (PID=190) to work on /opt/airflow/dags/4-custom_operator.py
[2023-05-11T23:21:02.105+0000] {processor.py:799} INFO - Processing file /opt/airflow/dags/4-custom_operator.py for tasks to queue
[2023-05-11T23:21:02.106+0000] {logging_mixin.py:149} INFO - [2023-05-11T23:21:02.106+0000] {dagbag.py:541} INFO - Filling up the DagBag from /opt/airflow/dags/4-custom_operator.py
[2023-05-11T23:21:02.133+0000] {processor.py:809} INFO - DAG(s) dict_keys(['custom_operator']) retrieved from /opt/airflow/dags/4-custom_operator.py
[2023-05-11T23:21:02.233+0000] {logging_mixin.py:149} INFO - [2023-05-11T23:21:02.233+0000] {dag.py:2726} INFO - Sync 1 DAGs
[2023-05-11T23:21:02.628+0000] {logging_mixin.py:149} INFO - [2023-05-11T23:21:02.628+0000] {dag.py:3490} INFO - Setting next_dagrun for custom_operator to 2022-08-01T00:00:00+00:00, run_after=2022-08-01T00:00:00+00:00
[2023-05-11T23:21:02.675+0000] {processor.py:178} INFO - Processing /opt/airflow/dags/4-custom_operator.py took 0.583 seconds
[2023-05-11T23:21:33.304+0000] {processor.py:156} INFO - Started process (PID=202) to work on /opt/airflow/dags/4-custom_operator.py
[2023-05-11T23:21:33.306+0000] {processor.py:799} INFO - Processing file /opt/airflow/dags/4-custom_operator.py for tasks to queue
[2023-05-11T23:21:33.308+0000] {logging_mixin.py:149} INFO - [2023-05-11T23:21:33.308+0000] {dagbag.py:541} INFO - Filling up the DagBag from /opt/airflow/dags/4-custom_operator.py
[2023-05-11T23:21:33.331+0000] {processor.py:809} INFO - DAG(s) dict_keys(['custom_operator']) retrieved from /opt/airflow/dags/4-custom_operator.py
[2023-05-11T23:21:33.402+0000] {logging_mixin.py:149} INFO - [2023-05-11T23:21:33.401+0000] {dag.py:2726} INFO - Sync 1 DAGs
[2023-05-11T23:21:33.463+0000] {logging_mixin.py:149} INFO - [2023-05-11T23:21:33.463+0000] {dag.py:3490} INFO - Setting next_dagrun for custom_operator to 2022-08-01T00:00:00+00:00, run_after=2022-08-01T00:00:00+00:00
[2023-05-11T23:21:33.559+0000] {processor.py:178} INFO - Processing /opt/airflow/dags/4-custom_operator.py took 0.260 seconds
[2023-05-11T23:22:04.181+0000] {processor.py:156} INFO - Started process (PID=214) to work on /opt/airflow/dags/4-custom_operator.py
[2023-05-11T23:22:04.184+0000] {processor.py:799} INFO - Processing file /opt/airflow/dags/4-custom_operator.py for tasks to queue
[2023-05-11T23:22:04.185+0000] {logging_mixin.py:149} INFO - [2023-05-11T23:22:04.185+0000] {dagbag.py:541} INFO - Filling up the DagBag from /opt/airflow/dags/4-custom_operator.py
[2023-05-11T23:22:04.200+0000] {processor.py:809} INFO - DAG(s) dict_keys(['custom_operator']) retrieved from /opt/airflow/dags/4-custom_operator.py
[2023-05-11T23:22:04.245+0000] {logging_mixin.py:149} INFO - [2023-05-11T23:22:04.245+0000] {dag.py:2726} INFO - Sync 1 DAGs
[2023-05-11T23:22:04.299+0000] {logging_mixin.py:149} INFO - [2023-05-11T23:22:04.299+0000] {dag.py:3490} INFO - Setting next_dagrun for custom_operator to 2022-08-01T00:00:00+00:00, run_after=2022-08-01T00:00:00+00:00
[2023-05-11T23:22:04.348+0000] {processor.py:178} INFO - Processing /opt/airflow/dags/4-custom_operator.py took 0.179 seconds
[2023-05-11T23:22:35.059+0000] {processor.py:156} INFO - Started process (PID=227) to work on /opt/airflow/dags/4-custom_operator.py
[2023-05-11T23:22:35.070+0000] {processor.py:799} INFO - Processing file /opt/airflow/dags/4-custom_operator.py for tasks to queue
[2023-05-11T23:22:35.072+0000] {logging_mixin.py:149} INFO - [2023-05-11T23:22:35.071+0000] {dagbag.py:541} INFO - Filling up the DagBag from /opt/airflow/dags/4-custom_operator.py
[2023-05-11T23:22:35.125+0000] {processor.py:809} INFO - DAG(s) dict_keys(['custom_operator']) retrieved from /opt/airflow/dags/4-custom_operator.py
[2023-05-11T23:22:35.288+0000] {logging_mixin.py:149} INFO - [2023-05-11T23:22:35.288+0000] {dag.py:2726} INFO - Sync 1 DAGs
[2023-05-11T23:22:35.721+0000] {logging_mixin.py:149} INFO - [2023-05-11T23:22:35.699+0000] {dag.py:3490} INFO - Setting next_dagrun for custom_operator to None, run_after=None
[2023-05-11T23:22:37.198+0000] {processor.py:178} INFO - Processing /opt/airflow/dags/4-custom_operator.py took 2.168 seconds
[2023-05-11T23:23:07.839+0000] {processor.py:156} INFO - Started process (PID=239) to work on /opt/airflow/dags/4-custom_operator.py
[2023-05-11T23:23:08.156+0000] {processor.py:799} INFO - Processing file /opt/airflow/dags/4-custom_operator.py for tasks to queue
[2023-05-11T23:23:08.158+0000] {logging_mixin.py:149} INFO - [2023-05-11T23:23:08.157+0000] {dagbag.py:541} INFO - Filling up the DagBag from /opt/airflow/dags/4-custom_operator.py
[2023-05-11T23:23:08.205+0000] {processor.py:809} INFO - DAG(s) dict_keys(['custom_operator']) retrieved from /opt/airflow/dags/4-custom_operator.py
[2023-05-11T23:23:08.373+0000] {logging_mixin.py:149} INFO - [2023-05-11T23:23:08.372+0000] {dag.py:2726} INFO - Sync 1 DAGs
[2023-05-11T23:23:09.597+0000] {logging_mixin.py:149} INFO - [2023-05-11T23:23:09.597+0000] {dag.py:3490} INFO - Setting next_dagrun for custom_operator to None, run_after=None
[2023-05-11T23:23:09.748+0000] {processor.py:178} INFO - Processing /opt/airflow/dags/4-custom_operator.py took 1.927 seconds
[2023-05-11T23:23:39.900+0000] {processor.py:156} INFO - Started process (PID=251) to work on /opt/airflow/dags/4-custom_operator.py
[2023-05-11T23:23:39.902+0000] {processor.py:799} INFO - Processing file /opt/airflow/dags/4-custom_operator.py for tasks to queue
[2023-05-11T23:23:39.903+0000] {logging_mixin.py:149} INFO - [2023-05-11T23:23:39.903+0000] {dagbag.py:541} INFO - Filling up the DagBag from /opt/airflow/dags/4-custom_operator.py
[2023-05-11T23:23:39.922+0000] {processor.py:809} INFO - DAG(s) dict_keys(['custom_operator']) retrieved from /opt/airflow/dags/4-custom_operator.py
[2023-05-11T23:23:40.096+0000] {logging_mixin.py:149} INFO - [2023-05-11T23:23:40.096+0000] {dag.py:2726} INFO - Sync 1 DAGs
[2023-05-11T23:23:41.411+0000] {logging_mixin.py:149} INFO - [2023-05-11T23:23:41.409+0000] {dag.py:3490} INFO - Setting next_dagrun for custom_operator to None, run_after=None
[2023-05-11T23:23:41.829+0000] {processor.py:178} INFO - Processing /opt/airflow/dags/4-custom_operator.py took 1.939 seconds
[2023-05-11T23:24:16.413+0000] {processor.py:156} INFO - Started process (PID=263) to work on /opt/airflow/dags/4-custom_operator.py
[2023-05-11T23:24:16.415+0000] {processor.py:799} INFO - Processing file /opt/airflow/dags/4-custom_operator.py for tasks to queue
[2023-05-11T23:24:16.417+0000] {logging_mixin.py:149} INFO - [2023-05-11T23:24:16.416+0000] {dagbag.py:541} INFO - Filling up the DagBag from /opt/airflow/dags/4-custom_operator.py
[2023-05-11T23:24:16.478+0000] {processor.py:809} INFO - DAG(s) dict_keys(['custom_operator']) retrieved from /opt/airflow/dags/4-custom_operator.py
[2023-05-11T23:24:16.985+0000] {logging_mixin.py:149} INFO - [2023-05-11T23:24:16.985+0000] {dag.py:2726} INFO - Sync 1 DAGs
[2023-05-11T23:24:17.124+0000] {logging_mixin.py:149} INFO - [2023-05-11T23:24:17.123+0000] {dag.py:3490} INFO - Setting next_dagrun for custom_operator to None, run_after=None
[2023-05-11T23:24:17.298+0000] {processor.py:178} INFO - Processing /opt/airflow/dags/4-custom_operator.py took 0.895 seconds
[2023-05-11T23:24:47.373+0000] {processor.py:156} INFO - Started process (PID=273) to work on /opt/airflow/dags/4-custom_operator.py
[2023-05-11T23:24:47.374+0000] {processor.py:799} INFO - Processing file /opt/airflow/dags/4-custom_operator.py for tasks to queue
[2023-05-11T23:24:47.375+0000] {logging_mixin.py:149} INFO - [2023-05-11T23:24:47.375+0000] {dagbag.py:541} INFO - Filling up the DagBag from /opt/airflow/dags/4-custom_operator.py
[2023-05-11T23:24:47.390+0000] {processor.py:809} INFO - DAG(s) dict_keys(['custom_operator']) retrieved from /opt/airflow/dags/4-custom_operator.py
[2023-05-11T23:24:47.460+0000] {logging_mixin.py:149} INFO - [2023-05-11T23:24:47.460+0000] {dag.py:2726} INFO - Sync 1 DAGs
[2023-05-11T23:24:47.559+0000] {logging_mixin.py:149} INFO - [2023-05-11T23:24:47.558+0000] {dag.py:3490} INFO - Setting next_dagrun for custom_operator to None, run_after=None
[2023-05-11T23:24:47.632+0000] {processor.py:178} INFO - Processing /opt/airflow/dags/4-custom_operator.py took 0.266 seconds
[2023-05-11T23:25:18.184+0000] {processor.py:156} INFO - Started process (PID=284) to work on /opt/airflow/dags/4-custom_operator.py
[2023-05-11T23:25:18.186+0000] {processor.py:799} INFO - Processing file /opt/airflow/dags/4-custom_operator.py for tasks to queue
[2023-05-11T23:25:18.187+0000] {logging_mixin.py:149} INFO - [2023-05-11T23:25:18.187+0000] {dagbag.py:541} INFO - Filling up the DagBag from /opt/airflow/dags/4-custom_operator.py
[2023-05-11T23:25:18.214+0000] {processor.py:809} INFO - DAG(s) dict_keys(['custom_operator']) retrieved from /opt/airflow/dags/4-custom_operator.py
[2023-05-11T23:25:18.333+0000] {logging_mixin.py:149} INFO - [2023-05-11T23:25:18.333+0000] {dag.py:2726} INFO - Sync 1 DAGs
[2023-05-11T23:25:18.437+0000] {logging_mixin.py:149} INFO - [2023-05-11T23:25:18.437+0000] {dag.py:3490} INFO - Setting next_dagrun for custom_operator to None, run_after=None
[2023-05-11T23:25:18.490+0000] {processor.py:178} INFO - Processing /opt/airflow/dags/4-custom_operator.py took 0.324 seconds
[2023-05-11T23:25:48.587+0000] {processor.py:156} INFO - Started process (PID=296) to work on /opt/airflow/dags/4-custom_operator.py
[2023-05-11T23:25:48.589+0000] {processor.py:799} INFO - Processing file /opt/airflow/dags/4-custom_operator.py for tasks to queue
[2023-05-11T23:25:48.590+0000] {logging_mixin.py:149} INFO - [2023-05-11T23:25:48.590+0000] {dagbag.py:541} INFO - Filling up the DagBag from /opt/airflow/dags/4-custom_operator.py
[2023-05-11T23:25:48.604+0000] {processor.py:809} INFO - DAG(s) dict_keys(['custom_operator']) retrieved from /opt/airflow/dags/4-custom_operator.py
[2023-05-11T23:25:48.657+0000] {logging_mixin.py:149} INFO - [2023-05-11T23:25:48.657+0000] {dag.py:2726} INFO - Sync 1 DAGs
[2023-05-11T23:25:49.137+0000] {logging_mixin.py:149} INFO - [2023-05-11T23:25:49.136+0000] {dag.py:3490} INFO - Setting next_dagrun for custom_operator to None, run_after=None
[2023-05-11T23:25:49.161+0000] {processor.py:178} INFO - Processing /opt/airflow/dags/4-custom_operator.py took 0.578 seconds
[2023-05-11T23:26:19.870+0000] {processor.py:156} INFO - Started process (PID=309) to work on /opt/airflow/dags/4-custom_operator.py
[2023-05-11T23:26:19.880+0000] {processor.py:799} INFO - Processing file /opt/airflow/dags/4-custom_operator.py for tasks to queue
[2023-05-11T23:26:19.883+0000] {logging_mixin.py:149} INFO - [2023-05-11T23:26:19.883+0000] {dagbag.py:541} INFO - Filling up the DagBag from /opt/airflow/dags/4-custom_operator.py
[2023-05-11T23:26:19.914+0000] {processor.py:809} INFO - DAG(s) dict_keys(['custom_operator']) retrieved from /opt/airflow/dags/4-custom_operator.py
[2023-05-11T23:26:19.986+0000] {logging_mixin.py:149} INFO - [2023-05-11T23:26:19.985+0000] {dag.py:2726} INFO - Sync 1 DAGs
[2023-05-11T23:26:20.474+0000] {logging_mixin.py:149} INFO - [2023-05-11T23:26:20.474+0000] {dag.py:3490} INFO - Setting next_dagrun for custom_operator to None, run_after=None
[2023-05-11T23:26:20.528+0000] {processor.py:178} INFO - Processing /opt/airflow/dags/4-custom_operator.py took 0.663 seconds
[2023-05-11T23:26:50.949+0000] {processor.py:156} INFO - Started process (PID=322) to work on /opt/airflow/dags/4-custom_operator.py
[2023-05-11T23:26:50.951+0000] {processor.py:799} INFO - Processing file /opt/airflow/dags/4-custom_operator.py for tasks to queue
[2023-05-11T23:26:50.963+0000] {logging_mixin.py:149} INFO - [2023-05-11T23:26:50.963+0000] {dagbag.py:541} INFO - Filling up the DagBag from /opt/airflow/dags/4-custom_operator.py
[2023-05-11T23:26:51.027+0000] {processor.py:809} INFO - DAG(s) dict_keys(['custom_operator']) retrieved from /opt/airflow/dags/4-custom_operator.py
[2023-05-11T23:26:51.253+0000] {logging_mixin.py:149} INFO - [2023-05-11T23:26:51.252+0000] {dag.py:2726} INFO - Sync 1 DAGs
[2023-05-11T23:26:52.362+0000] {logging_mixin.py:149} INFO - [2023-05-11T23:26:52.361+0000] {dag.py:3490} INFO - Setting next_dagrun for custom_operator to None, run_after=None
[2023-05-11T23:26:52.452+0000] {processor.py:178} INFO - Processing /opt/airflow/dags/4-custom_operator.py took 1.521 seconds
[2023-05-11T23:27:22.664+0000] {processor.py:156} INFO - Started process (PID=327) to work on /opt/airflow/dags/4-custom_operator.py
[2023-05-11T23:27:22.665+0000] {processor.py:799} INFO - Processing file /opt/airflow/dags/4-custom_operator.py for tasks to queue
[2023-05-11T23:27:22.666+0000] {logging_mixin.py:149} INFO - [2023-05-11T23:27:22.666+0000] {dagbag.py:541} INFO - Filling up the DagBag from /opt/airflow/dags/4-custom_operator.py
[2023-05-11T23:27:22.678+0000] {processor.py:809} INFO - DAG(s) dict_keys(['custom_operator']) retrieved from /opt/airflow/dags/4-custom_operator.py
[2023-05-11T23:27:22.863+0000] {logging_mixin.py:149} INFO - [2023-05-11T23:27:22.863+0000] {dag.py:2726} INFO - Sync 1 DAGs
[2023-05-11T23:27:22.898+0000] {logging_mixin.py:149} INFO - [2023-05-11T23:27:22.898+0000] {dag.py:3490} INFO - Setting next_dagrun for custom_operator to None, run_after=None
[2023-05-11T23:27:22.926+0000] {processor.py:178} INFO - Processing /opt/airflow/dags/4-custom_operator.py took 0.268 seconds
[2023-05-11T23:27:53.263+0000] {processor.py:156} INFO - Started process (PID=339) to work on /opt/airflow/dags/4-custom_operator.py
[2023-05-11T23:27:53.266+0000] {processor.py:799} INFO - Processing file /opt/airflow/dags/4-custom_operator.py for tasks to queue
[2023-05-11T23:27:53.267+0000] {logging_mixin.py:149} INFO - [2023-05-11T23:27:53.267+0000] {dagbag.py:541} INFO - Filling up the DagBag from /opt/airflow/dags/4-custom_operator.py
[2023-05-11T23:27:53.284+0000] {processor.py:809} INFO - DAG(s) dict_keys(['custom_operator']) retrieved from /opt/airflow/dags/4-custom_operator.py
[2023-05-11T23:27:53.340+0000] {logging_mixin.py:149} INFO - [2023-05-11T23:27:53.340+0000] {dag.py:2726} INFO - Sync 1 DAGs
[2023-05-11T23:27:53.411+0000] {logging_mixin.py:149} INFO - [2023-05-11T23:27:53.410+0000] {dag.py:3490} INFO - Setting next_dagrun for custom_operator to None, run_after=None
[2023-05-11T23:27:53.450+0000] {processor.py:178} INFO - Processing /opt/airflow/dags/4-custom_operator.py took 0.192 seconds
[2023-05-11T23:28:23.963+0000] {processor.py:156} INFO - Started process (PID=351) to work on /opt/airflow/dags/4-custom_operator.py
[2023-05-11T23:28:23.967+0000] {processor.py:799} INFO - Processing file /opt/airflow/dags/4-custom_operator.py for tasks to queue
[2023-05-11T23:28:23.969+0000] {logging_mixin.py:149} INFO - [2023-05-11T23:28:23.968+0000] {dagbag.py:541} INFO - Filling up the DagBag from /opt/airflow/dags/4-custom_operator.py
[2023-05-11T23:28:23.986+0000] {processor.py:809} INFO - DAG(s) dict_keys(['custom_operator']) retrieved from /opt/airflow/dags/4-custom_operator.py
[2023-05-11T23:28:24.034+0000] {logging_mixin.py:149} INFO - [2023-05-11T23:28:24.033+0000] {dag.py:2726} INFO - Sync 1 DAGs
[2023-05-11T23:28:24.075+0000] {logging_mixin.py:149} INFO - [2023-05-11T23:28:24.075+0000] {dag.py:3490} INFO - Setting next_dagrun for custom_operator to None, run_after=None
[2023-05-11T23:28:24.110+0000] {processor.py:178} INFO - Processing /opt/airflow/dags/4-custom_operator.py took 0.157 seconds
[2023-05-11T23:28:54.807+0000] {processor.py:156} INFO - Started process (PID=363) to work on /opt/airflow/dags/4-custom_operator.py
[2023-05-11T23:28:54.810+0000] {processor.py:799} INFO - Processing file /opt/airflow/dags/4-custom_operator.py for tasks to queue
[2023-05-11T23:28:54.811+0000] {logging_mixin.py:149} INFO - [2023-05-11T23:28:54.811+0000] {dagbag.py:541} INFO - Filling up the DagBag from /opt/airflow/dags/4-custom_operator.py
[2023-05-11T23:28:54.845+0000] {processor.py:809} INFO - DAG(s) dict_keys(['custom_operator']) retrieved from /opt/airflow/dags/4-custom_operator.py
[2023-05-11T23:28:54.938+0000] {logging_mixin.py:149} INFO - [2023-05-11T23:28:54.937+0000] {dag.py:2726} INFO - Sync 1 DAGs
[2023-05-11T23:28:55.266+0000] {logging_mixin.py:149} INFO - [2023-05-11T23:28:55.266+0000] {dag.py:3490} INFO - Setting next_dagrun for custom_operator to None, run_after=None
[2023-05-11T23:28:55.293+0000] {processor.py:178} INFO - Processing /opt/airflow/dags/4-custom_operator.py took 0.498 seconds
[2023-05-11T23:29:25.382+0000] {processor.py:156} INFO - Started process (PID=374) to work on /opt/airflow/dags/4-custom_operator.py
[2023-05-11T23:29:25.383+0000] {processor.py:799} INFO - Processing file /opt/airflow/dags/4-custom_operator.py for tasks to queue
[2023-05-11T23:29:25.395+0000] {logging_mixin.py:149} INFO - [2023-05-11T23:29:25.395+0000] {dagbag.py:541} INFO - Filling up the DagBag from /opt/airflow/dags/4-custom_operator.py
[2023-05-11T23:29:25.415+0000] {processor.py:809} INFO - DAG(s) dict_keys(['custom_operator']) retrieved from /opt/airflow/dags/4-custom_operator.py
[2023-05-11T23:29:25.477+0000] {logging_mixin.py:149} INFO - [2023-05-11T23:29:25.477+0000] {dag.py:2726} INFO - Sync 1 DAGs
[2023-05-11T23:29:25.754+0000] {logging_mixin.py:149} INFO - [2023-05-11T23:29:25.754+0000] {dag.py:3490} INFO - Setting next_dagrun for custom_operator to None, run_after=None
[2023-05-11T23:29:25.795+0000] {processor.py:178} INFO - Processing /opt/airflow/dags/4-custom_operator.py took 0.418 seconds
[2023-05-11T23:29:55.860+0000] {processor.py:156} INFO - Started process (PID=386) to work on /opt/airflow/dags/4-custom_operator.py
[2023-05-11T23:29:55.862+0000] {processor.py:799} INFO - Processing file /opt/airflow/dags/4-custom_operator.py for tasks to queue
[2023-05-11T23:29:55.863+0000] {logging_mixin.py:149} INFO - [2023-05-11T23:29:55.863+0000] {dagbag.py:541} INFO - Filling up the DagBag from /opt/airflow/dags/4-custom_operator.py
[2023-05-11T23:29:55.876+0000] {processor.py:809} INFO - DAG(s) dict_keys(['custom_operator']) retrieved from /opt/airflow/dags/4-custom_operator.py
[2023-05-11T23:29:56.102+0000] {logging_mixin.py:149} INFO - [2023-05-11T23:29:56.102+0000] {dag.py:2726} INFO - Sync 1 DAGs
[2023-05-11T23:29:56.140+0000] {logging_mixin.py:149} INFO - [2023-05-11T23:29:56.140+0000] {dag.py:3490} INFO - Setting next_dagrun for custom_operator to None, run_after=None
[2023-05-11T23:29:56.166+0000] {processor.py:178} INFO - Processing /opt/airflow/dags/4-custom_operator.py took 0.310 seconds
[2023-05-11T23:30:26.450+0000] {processor.py:156} INFO - Started process (PID=398) to work on /opt/airflow/dags/4-custom_operator.py
[2023-05-11T23:30:26.451+0000] {processor.py:799} INFO - Processing file /opt/airflow/dags/4-custom_operator.py for tasks to queue
[2023-05-11T23:30:26.452+0000] {logging_mixin.py:149} INFO - [2023-05-11T23:30:26.452+0000] {dagbag.py:541} INFO - Filling up the DagBag from /opt/airflow/dags/4-custom_operator.py
[2023-05-11T23:30:26.464+0000] {processor.py:809} INFO - DAG(s) dict_keys(['custom_operator']) retrieved from /opt/airflow/dags/4-custom_operator.py
[2023-05-11T23:30:26.657+0000] {logging_mixin.py:149} INFO - [2023-05-11T23:30:26.657+0000] {dag.py:2726} INFO - Sync 1 DAGs
[2023-05-11T23:30:26.690+0000] {logging_mixin.py:149} INFO - [2023-05-11T23:30:26.690+0000] {dag.py:3490} INFO - Setting next_dagrun for custom_operator to None, run_after=None
[2023-05-11T23:30:26.716+0000] {processor.py:178} INFO - Processing /opt/airflow/dags/4-custom_operator.py took 0.270 seconds
[2023-05-11T23:30:56.778+0000] {processor.py:156} INFO - Started process (PID=410) to work on /opt/airflow/dags/4-custom_operator.py
[2023-05-11T23:30:56.779+0000] {processor.py:799} INFO - Processing file /opt/airflow/dags/4-custom_operator.py for tasks to queue
[2023-05-11T23:30:56.780+0000] {logging_mixin.py:149} INFO - [2023-05-11T23:30:56.780+0000] {dagbag.py:541} INFO - Filling up the DagBag from /opt/airflow/dags/4-custom_operator.py
[2023-05-11T23:30:56.792+0000] {processor.py:809} INFO - DAG(s) dict_keys(['custom_operator']) retrieved from /opt/airflow/dags/4-custom_operator.py
[2023-05-11T23:30:56.833+0000] {logging_mixin.py:149} INFO - [2023-05-11T23:30:56.833+0000] {dag.py:2726} INFO - Sync 1 DAGs
[2023-05-11T23:30:56.875+0000] {logging_mixin.py:149} INFO - [2023-05-11T23:30:56.875+0000] {dag.py:3490} INFO - Setting next_dagrun for custom_operator to None, run_after=None
[2023-05-11T23:30:56.904+0000] {processor.py:178} INFO - Processing /opt/airflow/dags/4-custom_operator.py took 0.134 seconds
[2023-05-11T23:31:27.652+0000] {processor.py:156} INFO - Started process (PID=422) to work on /opt/airflow/dags/4-custom_operator.py
[2023-05-11T23:31:27.995+0000] {processor.py:799} INFO - Processing file /opt/airflow/dags/4-custom_operator.py for tasks to queue
[2023-05-11T23:31:27.996+0000] {logging_mixin.py:149} INFO - [2023-05-11T23:31:27.996+0000] {dagbag.py:541} INFO - Filling up the DagBag from /opt/airflow/dags/4-custom_operator.py
[2023-05-11T23:31:28.009+0000] {processor.py:809} INFO - DAG(s) dict_keys(['custom_operator']) retrieved from /opt/airflow/dags/4-custom_operator.py
[2023-05-11T23:31:28.058+0000] {logging_mixin.py:149} INFO - [2023-05-11T23:31:28.057+0000] {dag.py:2726} INFO - Sync 1 DAGs
[2023-05-11T23:31:28.113+0000] {logging_mixin.py:149} INFO - [2023-05-11T23:31:28.113+0000] {dag.py:3490} INFO - Setting next_dagrun for custom_operator to None, run_after=None
[2023-05-11T23:31:28.338+0000] {processor.py:178} INFO - Processing /opt/airflow/dags/4-custom_operator.py took 0.692 seconds
[2023-05-11T23:31:59.249+0000] {processor.py:156} INFO - Started process (PID=435) to work on /opt/airflow/dags/4-custom_operator.py
[2023-05-11T23:31:59.251+0000] {processor.py:799} INFO - Processing file /opt/airflow/dags/4-custom_operator.py for tasks to queue
[2023-05-11T23:31:59.252+0000] {logging_mixin.py:149} INFO - [2023-05-11T23:31:59.252+0000] {dagbag.py:541} INFO - Filling up the DagBag from /opt/airflow/dags/4-custom_operator.py
[2023-05-11T23:31:59.265+0000] {processor.py:809} INFO - DAG(s) dict_keys(['custom_operator']) retrieved from /opt/airflow/dags/4-custom_operator.py
[2023-05-11T23:31:59.316+0000] {logging_mixin.py:149} INFO - [2023-05-11T23:31:59.316+0000] {dag.py:2726} INFO - Sync 1 DAGs
[2023-05-11T23:31:59.545+0000] {logging_mixin.py:149} INFO - [2023-05-11T23:31:59.545+0000] {dag.py:3490} INFO - Setting next_dagrun for custom_operator to None, run_after=None
[2023-05-11T23:31:59.574+0000] {processor.py:178} INFO - Processing /opt/airflow/dags/4-custom_operator.py took 0.329 seconds
[2023-05-11T23:32:30.229+0000] {processor.py:156} INFO - Started process (PID=447) to work on /opt/airflow/dags/4-custom_operator.py
[2023-05-11T23:32:30.231+0000] {processor.py:799} INFO - Processing file /opt/airflow/dags/4-custom_operator.py for tasks to queue
[2023-05-11T23:32:30.232+0000] {logging_mixin.py:149} INFO - [2023-05-11T23:32:30.232+0000] {dagbag.py:541} INFO - Filling up the DagBag from /opt/airflow/dags/4-custom_operator.py
[2023-05-11T23:32:30.248+0000] {processor.py:809} INFO - DAG(s) dict_keys(['custom_operator']) retrieved from /opt/airflow/dags/4-custom_operator.py
[2023-05-11T23:32:30.293+0000] {logging_mixin.py:149} INFO - [2023-05-11T23:32:30.293+0000] {dag.py:2726} INFO - Sync 1 DAGs
[2023-05-11T23:32:30.507+0000] {logging_mixin.py:149} INFO - [2023-05-11T23:32:30.507+0000] {dag.py:3490} INFO - Setting next_dagrun for custom_operator to None, run_after=None
[2023-05-11T23:32:30.542+0000] {processor.py:178} INFO - Processing /opt/airflow/dags/4-custom_operator.py took 0.319 seconds
[2023-05-11T23:33:01.299+0000] {processor.py:156} INFO - Started process (PID=459) to work on /opt/airflow/dags/4-custom_operator.py
[2023-05-11T23:33:01.307+0000] {processor.py:799} INFO - Processing file /opt/airflow/dags/4-custom_operator.py for tasks to queue
[2023-05-11T23:33:01.313+0000] {logging_mixin.py:149} INFO - [2023-05-11T23:33:01.312+0000] {dagbag.py:541} INFO - Filling up the DagBag from /opt/airflow/dags/4-custom_operator.py
[2023-05-11T23:33:01.364+0000] {processor.py:809} INFO - DAG(s) dict_keys(['custom_operator']) retrieved from /opt/airflow/dags/4-custom_operator.py
[2023-05-11T23:33:02.169+0000] {logging_mixin.py:149} INFO - [2023-05-11T23:33:02.169+0000] {dag.py:2726} INFO - Sync 1 DAGs
[2023-05-11T23:33:02.387+0000] {logging_mixin.py:149} INFO - [2023-05-11T23:33:02.387+0000] {dag.py:3490} INFO - Setting next_dagrun for custom_operator to None, run_after=None
[2023-05-11T23:33:02.506+0000] {processor.py:178} INFO - Processing /opt/airflow/dags/4-custom_operator.py took 1.256 seconds
[2023-05-11T23:33:32.867+0000] {processor.py:156} INFO - Started process (PID=472) to work on /opt/airflow/dags/4-custom_operator.py
[2023-05-11T23:33:32.868+0000] {processor.py:799} INFO - Processing file /opt/airflow/dags/4-custom_operator.py for tasks to queue
[2023-05-11T23:33:32.871+0000] {logging_mixin.py:149} INFO - [2023-05-11T23:33:32.870+0000] {dagbag.py:541} INFO - Filling up the DagBag from /opt/airflow/dags/4-custom_operator.py
[2023-05-11T23:33:32.889+0000] {processor.py:809} INFO - DAG(s) dict_keys(['custom_operator']) retrieved from /opt/airflow/dags/4-custom_operator.py
[2023-05-11T23:33:32.961+0000] {logging_mixin.py:149} INFO - [2023-05-11T23:33:32.961+0000] {dag.py:2726} INFO - Sync 1 DAGs
[2023-05-11T23:33:33.083+0000] {logging_mixin.py:149} INFO - [2023-05-11T23:33:33.073+0000] {dag.py:3490} INFO - Setting next_dagrun for custom_operator to None, run_after=None
[2023-05-11T23:33:33.146+0000] {processor.py:178} INFO - Processing /opt/airflow/dags/4-custom_operator.py took 0.285 seconds
[2023-05-11T23:34:03.959+0000] {processor.py:156} INFO - Started process (PID=484) to work on /opt/airflow/dags/4-custom_operator.py
[2023-05-11T23:34:03.963+0000] {processor.py:799} INFO - Processing file /opt/airflow/dags/4-custom_operator.py for tasks to queue
[2023-05-11T23:34:03.964+0000] {logging_mixin.py:149} INFO - [2023-05-11T23:34:03.964+0000] {dagbag.py:541} INFO - Filling up the DagBag from /opt/airflow/dags/4-custom_operator.py
[2023-05-11T23:34:03.981+0000] {processor.py:809} INFO - DAG(s) dict_keys(['custom_operator']) retrieved from /opt/airflow/dags/4-custom_operator.py
[2023-05-11T23:34:04.031+0000] {logging_mixin.py:149} INFO - [2023-05-11T23:34:04.031+0000] {dag.py:2726} INFO - Sync 1 DAGs
[2023-05-11T23:34:04.084+0000] {logging_mixin.py:149} INFO - [2023-05-11T23:34:04.084+0000] {dag.py:3490} INFO - Setting next_dagrun for custom_operator to None, run_after=None
[2023-05-11T23:34:04.123+0000] {processor.py:178} INFO - Processing /opt/airflow/dags/4-custom_operator.py took 0.176 seconds
[2023-05-11T23:34:34.240+0000] {processor.py:156} INFO - Started process (PID=496) to work on /opt/airflow/dags/4-custom_operator.py
[2023-05-11T23:34:34.241+0000] {processor.py:799} INFO - Processing file /opt/airflow/dags/4-custom_operator.py for tasks to queue
[2023-05-11T23:34:34.242+0000] {logging_mixin.py:149} INFO - [2023-05-11T23:34:34.242+0000] {dagbag.py:541} INFO - Filling up the DagBag from /opt/airflow/dags/4-custom_operator.py
[2023-05-11T23:34:34.254+0000] {processor.py:809} INFO - DAG(s) dict_keys(['custom_operator']) retrieved from /opt/airflow/dags/4-custom_operator.py
[2023-05-11T23:34:34.294+0000] {logging_mixin.py:149} INFO - [2023-05-11T23:34:34.294+0000] {dag.py:2726} INFO - Sync 1 DAGs
[2023-05-11T23:34:34.480+0000] {logging_mixin.py:149} INFO - [2023-05-11T23:34:34.480+0000] {dag.py:3490} INFO - Setting next_dagrun for custom_operator to None, run_after=None
[2023-05-11T23:34:34.507+0000] {processor.py:178} INFO - Processing /opt/airflow/dags/4-custom_operator.py took 0.271 seconds
[2023-05-11T23:35:05.251+0000] {processor.py:156} INFO - Started process (PID=508) to work on /opt/airflow/dags/4-custom_operator.py
[2023-05-11T23:35:05.252+0000] {processor.py:799} INFO - Processing file /opt/airflow/dags/4-custom_operator.py for tasks to queue
[2023-05-11T23:35:05.253+0000] {logging_mixin.py:149} INFO - [2023-05-11T23:35:05.253+0000] {dagbag.py:541} INFO - Filling up the DagBag from /opt/airflow/dags/4-custom_operator.py
[2023-05-11T23:35:05.268+0000] {processor.py:809} INFO - DAG(s) dict_keys(['custom_operator']) retrieved from /opt/airflow/dags/4-custom_operator.py
[2023-05-11T23:35:05.304+0000] {logging_mixin.py:149} INFO - [2023-05-11T23:35:05.304+0000] {dag.py:2726} INFO - Sync 1 DAGs
[2023-05-11T23:35:05.494+0000] {logging_mixin.py:149} INFO - [2023-05-11T23:35:05.494+0000] {dag.py:3490} INFO - Setting next_dagrun for custom_operator to None, run_after=None
[2023-05-11T23:35:05.520+0000] {processor.py:178} INFO - Processing /opt/airflow/dags/4-custom_operator.py took 0.275 seconds
[2023-05-11T23:35:36.267+0000] {processor.py:156} INFO - Started process (PID=520) to work on /opt/airflow/dags/4-custom_operator.py
[2023-05-11T23:35:36.269+0000] {processor.py:799} INFO - Processing file /opt/airflow/dags/4-custom_operator.py for tasks to queue
[2023-05-11T23:35:36.271+0000] {logging_mixin.py:149} INFO - [2023-05-11T23:35:36.271+0000] {dagbag.py:541} INFO - Filling up the DagBag from /opt/airflow/dags/4-custom_operator.py
[2023-05-11T23:35:36.285+0000] {processor.py:809} INFO - DAG(s) dict_keys(['custom_operator']) retrieved from /opt/airflow/dags/4-custom_operator.py
[2023-05-11T23:35:36.541+0000] {logging_mixin.py:149} INFO - [2023-05-11T23:35:36.540+0000] {dag.py:2726} INFO - Sync 1 DAGs
[2023-05-11T23:35:36.611+0000] {logging_mixin.py:149} INFO - [2023-05-11T23:35:36.611+0000] {dag.py:3490} INFO - Setting next_dagrun for custom_operator to None, run_after=None
[2023-05-11T23:35:36.638+0000] {processor.py:178} INFO - Processing /opt/airflow/dags/4-custom_operator.py took 0.375 seconds
[2023-05-11T23:36:07.440+0000] {processor.py:156} INFO - Started process (PID=532) to work on /opt/airflow/dags/4-custom_operator.py
[2023-05-11T23:36:07.450+0000] {processor.py:799} INFO - Processing file /opt/airflow/dags/4-custom_operator.py for tasks to queue
[2023-05-11T23:36:07.452+0000] {logging_mixin.py:149} INFO - [2023-05-11T23:36:07.452+0000] {dagbag.py:541} INFO - Filling up the DagBag from /opt/airflow/dags/4-custom_operator.py
[2023-05-11T23:36:07.475+0000] {processor.py:809} INFO - DAG(s) dict_keys(['custom_operator']) retrieved from /opt/airflow/dags/4-custom_operator.py
[2023-05-11T23:36:07.731+0000] {logging_mixin.py:149} INFO - [2023-05-11T23:36:07.731+0000] {dag.py:2726} INFO - Sync 1 DAGs
[2023-05-11T23:36:07.771+0000] {logging_mixin.py:149} INFO - [2023-05-11T23:36:07.771+0000] {dag.py:3490} INFO - Setting next_dagrun for custom_operator to None, run_after=None
[2023-05-11T23:36:07.798+0000] {processor.py:178} INFO - Processing /opt/airflow/dags/4-custom_operator.py took 0.367 seconds
[2023-05-11T23:36:38.446+0000] {processor.py:156} INFO - Started process (PID=544) to work on /opt/airflow/dags/4-custom_operator.py
[2023-05-11T23:36:38.447+0000] {processor.py:799} INFO - Processing file /opt/airflow/dags/4-custom_operator.py for tasks to queue
[2023-05-11T23:36:38.449+0000] {logging_mixin.py:149} INFO - [2023-05-11T23:36:38.448+0000] {dagbag.py:541} INFO - Filling up the DagBag from /opt/airflow/dags/4-custom_operator.py
[2023-05-11T23:36:38.465+0000] {processor.py:809} INFO - DAG(s) dict_keys(['custom_operator']) retrieved from /opt/airflow/dags/4-custom_operator.py
[2023-05-11T23:36:38.519+0000] {logging_mixin.py:149} INFO - [2023-05-11T23:36:38.518+0000] {dag.py:2726} INFO - Sync 1 DAGs
[2023-05-11T23:36:38.591+0000] {logging_mixin.py:149} INFO - [2023-05-11T23:36:38.591+0000] {dag.py:3490} INFO - Setting next_dagrun for custom_operator to None, run_after=None
[2023-05-11T23:36:38.626+0000] {processor.py:178} INFO - Processing /opt/airflow/dags/4-custom_operator.py took 0.186 seconds
[2023-05-11T23:37:08.990+0000] {processor.py:156} INFO - Started process (PID=556) to work on /opt/airflow/dags/4-custom_operator.py
[2023-05-11T23:37:08.992+0000] {processor.py:799} INFO - Processing file /opt/airflow/dags/4-custom_operator.py for tasks to queue
[2023-05-11T23:37:08.993+0000] {logging_mixin.py:149} INFO - [2023-05-11T23:37:08.993+0000] {dagbag.py:541} INFO - Filling up the DagBag from /opt/airflow/dags/4-custom_operator.py
[2023-05-11T23:37:09.013+0000] {processor.py:809} INFO - DAG(s) dict_keys(['custom_operator']) retrieved from /opt/airflow/dags/4-custom_operator.py
[2023-05-11T23:37:09.052+0000] {logging_mixin.py:149} INFO - [2023-05-11T23:37:09.052+0000] {dag.py:2726} INFO - Sync 1 DAGs
[2023-05-11T23:37:09.093+0000] {logging_mixin.py:149} INFO - [2023-05-11T23:37:09.093+0000] {dag.py:3490} INFO - Setting next_dagrun for custom_operator to None, run_after=None
[2023-05-11T23:37:09.276+0000] {processor.py:178} INFO - Processing /opt/airflow/dags/4-custom_operator.py took 0.294 seconds
[2023-05-11T23:37:39.472+0000] {processor.py:156} INFO - Started process (PID=568) to work on /opt/airflow/dags/4-custom_operator.py
[2023-05-11T23:37:39.475+0000] {processor.py:799} INFO - Processing file /opt/airflow/dags/4-custom_operator.py for tasks to queue
[2023-05-11T23:37:39.476+0000] {logging_mixin.py:149} INFO - [2023-05-11T23:37:39.476+0000] {dagbag.py:541} INFO - Filling up the DagBag from /opt/airflow/dags/4-custom_operator.py
[2023-05-11T23:37:39.499+0000] {processor.py:809} INFO - DAG(s) dict_keys(['custom_operator']) retrieved from /opt/airflow/dags/4-custom_operator.py
[2023-05-11T23:37:39.546+0000] {logging_mixin.py:149} INFO - [2023-05-11T23:37:39.546+0000] {dag.py:2726} INFO - Sync 1 DAGs
[2023-05-11T23:37:39.732+0000] {logging_mixin.py:149} INFO - [2023-05-11T23:37:39.732+0000] {dag.py:3490} INFO - Setting next_dagrun for custom_operator to None, run_after=None
[2023-05-11T23:37:39.759+0000] {processor.py:178} INFO - Processing /opt/airflow/dags/4-custom_operator.py took 0.296 seconds
[2023-05-11T23:38:09.828+0000] {processor.py:156} INFO - Started process (PID=581) to work on /opt/airflow/dags/4-custom_operator.py
[2023-05-11T23:38:09.829+0000] {processor.py:799} INFO - Processing file /opt/airflow/dags/4-custom_operator.py for tasks to queue
[2023-05-11T23:38:09.830+0000] {logging_mixin.py:149} INFO - [2023-05-11T23:38:09.830+0000] {dagbag.py:541} INFO - Filling up the DagBag from /opt/airflow/dags/4-custom_operator.py
[2023-05-11T23:38:09.843+0000] {processor.py:809} INFO - DAG(s) dict_keys(['custom_operator']) retrieved from /opt/airflow/dags/4-custom_operator.py
[2023-05-11T23:38:09.885+0000] {logging_mixin.py:149} INFO - [2023-05-11T23:38:09.885+0000] {dag.py:2726} INFO - Sync 1 DAGs
[2023-05-11T23:38:10.094+0000] {logging_mixin.py:149} INFO - [2023-05-11T23:38:10.094+0000] {dag.py:3490} INFO - Setting next_dagrun for custom_operator to None, run_after=None
[2023-05-11T23:38:10.123+0000] {processor.py:178} INFO - Processing /opt/airflow/dags/4-custom_operator.py took 0.301 seconds
[2023-05-11T23:38:40.183+0000] {processor.py:156} INFO - Started process (PID=594) to work on /opt/airflow/dags/4-custom_operator.py
[2023-05-11T23:38:40.185+0000] {processor.py:799} INFO - Processing file /opt/airflow/dags/4-custom_operator.py for tasks to queue
[2023-05-11T23:38:40.186+0000] {logging_mixin.py:149} INFO - [2023-05-11T23:38:40.186+0000] {dagbag.py:541} INFO - Filling up the DagBag from /opt/airflow/dags/4-custom_operator.py
[2023-05-11T23:38:40.204+0000] {processor.py:809} INFO - DAG(s) dict_keys(['custom_operator']) retrieved from /opt/airflow/dags/4-custom_operator.py
[2023-05-11T23:38:40.394+0000] {logging_mixin.py:149} INFO - [2023-05-11T23:38:40.394+0000] {dag.py:2726} INFO - Sync 1 DAGs
[2023-05-11T23:38:40.432+0000] {logging_mixin.py:149} INFO - [2023-05-11T23:38:40.432+0000] {dag.py:3490} INFO - Setting next_dagrun for custom_operator to None, run_after=None
[2023-05-11T23:38:40.459+0000] {processor.py:178} INFO - Processing /opt/airflow/dags/4-custom_operator.py took 0.288 seconds
[2023-05-11T23:39:11.255+0000] {processor.py:156} INFO - Started process (PID=607) to work on /opt/airflow/dags/4-custom_operator.py
[2023-05-11T23:39:11.257+0000] {processor.py:799} INFO - Processing file /opt/airflow/dags/4-custom_operator.py for tasks to queue
[2023-05-11T23:39:11.258+0000] {logging_mixin.py:149} INFO - [2023-05-11T23:39:11.258+0000] {dagbag.py:541} INFO - Filling up the DagBag from /opt/airflow/dags/4-custom_operator.py
[2023-05-11T23:39:11.473+0000] {processor.py:809} INFO - DAG(s) dict_keys(['custom_operator']) retrieved from /opt/airflow/dags/4-custom_operator.py
[2023-05-11T23:39:11.514+0000] {logging_mixin.py:149} INFO - [2023-05-11T23:39:11.513+0000] {dag.py:2726} INFO - Sync 1 DAGs
[2023-05-11T23:39:11.564+0000] {logging_mixin.py:149} INFO - [2023-05-11T23:39:11.563+0000] {dag.py:3490} INFO - Setting next_dagrun for custom_operator to None, run_after=None
[2023-05-11T23:39:11.609+0000] {processor.py:178} INFO - Processing /opt/airflow/dags/4-custom_operator.py took 0.359 seconds
[2023-05-11T23:39:42.156+0000] {processor.py:156} INFO - Started process (PID=619) to work on /opt/airflow/dags/4-custom_operator.py
[2023-05-11T23:39:42.158+0000] {processor.py:799} INFO - Processing file /opt/airflow/dags/4-custom_operator.py for tasks to queue
[2023-05-11T23:39:42.159+0000] {logging_mixin.py:149} INFO - [2023-05-11T23:39:42.159+0000] {dagbag.py:541} INFO - Filling up the DagBag from /opt/airflow/dags/4-custom_operator.py
[2023-05-11T23:39:42.177+0000] {processor.py:809} INFO - DAG(s) dict_keys(['custom_operator']) retrieved from /opt/airflow/dags/4-custom_operator.py
[2023-05-11T23:39:42.240+0000] {logging_mixin.py:149} INFO - [2023-05-11T23:39:42.239+0000] {dag.py:2726} INFO - Sync 1 DAGs
[2023-05-11T23:39:42.290+0000] {logging_mixin.py:149} INFO - [2023-05-11T23:39:42.290+0000] {dag.py:3490} INFO - Setting next_dagrun for custom_operator to None, run_after=None
[2023-05-11T23:39:42.328+0000] {processor.py:178} INFO - Processing /opt/airflow/dags/4-custom_operator.py took 0.177 seconds
[2023-05-11T23:40:13.275+0000] {processor.py:156} INFO - Started process (PID=631) to work on /opt/airflow/dags/4-custom_operator.py
[2023-05-11T23:40:13.276+0000] {processor.py:799} INFO - Processing file /opt/airflow/dags/4-custom_operator.py for tasks to queue
[2023-05-11T23:40:13.277+0000] {logging_mixin.py:149} INFO - [2023-05-11T23:40:13.277+0000] {dagbag.py:541} INFO - Filling up the DagBag from /opt/airflow/dags/4-custom_operator.py
[2023-05-11T23:40:13.293+0000] {processor.py:809} INFO - DAG(s) dict_keys(['custom_operator']) retrieved from /opt/airflow/dags/4-custom_operator.py
[2023-05-11T23:40:13.350+0000] {logging_mixin.py:149} INFO - [2023-05-11T23:40:13.349+0000] {dag.py:2726} INFO - Sync 1 DAGs
[2023-05-11T23:40:13.410+0000] {logging_mixin.py:149} INFO - [2023-05-11T23:40:13.409+0000] {dag.py:3490} INFO - Setting next_dagrun for custom_operator to None, run_after=None
[2023-05-11T23:40:13.449+0000] {processor.py:178} INFO - Processing /opt/airflow/dags/4-custom_operator.py took 0.181 seconds
[2023-05-11T23:40:44.093+0000] {processor.py:156} INFO - Started process (PID=643) to work on /opt/airflow/dags/4-custom_operator.py
[2023-05-11T23:40:44.100+0000] {processor.py:799} INFO - Processing file /opt/airflow/dags/4-custom_operator.py for tasks to queue
[2023-05-11T23:40:44.102+0000] {logging_mixin.py:149} INFO - [2023-05-11T23:40:44.102+0000] {dagbag.py:541} INFO - Filling up the DagBag from /opt/airflow/dags/4-custom_operator.py
[2023-05-11T23:40:44.122+0000] {processor.py:809} INFO - DAG(s) dict_keys(['custom_operator']) retrieved from /opt/airflow/dags/4-custom_operator.py
[2023-05-11T23:40:44.191+0000] {logging_mixin.py:149} INFO - [2023-05-11T23:40:44.191+0000] {dag.py:2726} INFO - Sync 1 DAGs
[2023-05-11T23:40:44.275+0000] {logging_mixin.py:149} INFO - [2023-05-11T23:40:44.275+0000] {dag.py:3490} INFO - Setting next_dagrun for custom_operator to None, run_after=None
[2023-05-11T23:40:44.327+0000] {processor.py:178} INFO - Processing /opt/airflow/dags/4-custom_operator.py took 0.251 seconds
[2023-05-11T23:41:14.617+0000] {processor.py:156} INFO - Started process (PID=654) to work on /opt/airflow/dags/4-custom_operator.py
[2023-05-11T23:41:14.618+0000] {processor.py:799} INFO - Processing file /opt/airflow/dags/4-custom_operator.py for tasks to queue
[2023-05-11T23:41:14.620+0000] {logging_mixin.py:149} INFO - [2023-05-11T23:41:14.619+0000] {dagbag.py:541} INFO - Filling up the DagBag from /opt/airflow/dags/4-custom_operator.py
[2023-05-11T23:41:14.641+0000] {processor.py:809} INFO - DAG(s) dict_keys(['custom_operator']) retrieved from /opt/airflow/dags/4-custom_operator.py
[2023-05-11T23:41:14.688+0000] {logging_mixin.py:149} INFO - [2023-05-11T23:41:14.687+0000] {dag.py:2726} INFO - Sync 1 DAGs
[2023-05-11T23:41:14.746+0000] {logging_mixin.py:149} INFO - [2023-05-11T23:41:14.746+0000] {dag.py:3490} INFO - Setting next_dagrun for custom_operator to None, run_after=None
[2023-05-11T23:41:14.786+0000] {processor.py:178} INFO - Processing /opt/airflow/dags/4-custom_operator.py took 0.174 seconds
[2023-05-11T23:41:45.488+0000] {processor.py:156} INFO - Started process (PID=667) to work on /opt/airflow/dags/4-custom_operator.py
[2023-05-11T23:41:45.489+0000] {processor.py:799} INFO - Processing file /opt/airflow/dags/4-custom_operator.py for tasks to queue
[2023-05-11T23:41:45.490+0000] {logging_mixin.py:149} INFO - [2023-05-11T23:41:45.490+0000] {dagbag.py:541} INFO - Filling up the DagBag from /opt/airflow/dags/4-custom_operator.py
[2023-05-11T23:41:45.514+0000] {processor.py:809} INFO - DAG(s) dict_keys(['custom_operator']) retrieved from /opt/airflow/dags/4-custom_operator.py
[2023-05-11T23:41:45.566+0000] {logging_mixin.py:149} INFO - [2023-05-11T23:41:45.566+0000] {dag.py:2726} INFO - Sync 1 DAGs
[2023-05-11T23:41:45.629+0000] {logging_mixin.py:149} INFO - [2023-05-11T23:41:45.628+0000] {dag.py:3490} INFO - Setting next_dagrun for custom_operator to None, run_after=None
[2023-05-11T23:41:45.682+0000] {processor.py:178} INFO - Processing /opt/airflow/dags/4-custom_operator.py took 0.200 seconds
[2023-05-11T23:42:16.075+0000] {processor.py:156} INFO - Started process (PID=679) to work on /opt/airflow/dags/4-custom_operator.py
[2023-05-11T23:42:16.077+0000] {processor.py:799} INFO - Processing file /opt/airflow/dags/4-custom_operator.py for tasks to queue
[2023-05-11T23:42:16.077+0000] {logging_mixin.py:149} INFO - [2023-05-11T23:42:16.077+0000] {dagbag.py:541} INFO - Filling up the DagBag from /opt/airflow/dags/4-custom_operator.py
[2023-05-11T23:42:16.093+0000] {processor.py:809} INFO - DAG(s) dict_keys(['custom_operator']) retrieved from /opt/airflow/dags/4-custom_operator.py
[2023-05-11T23:42:16.146+0000] {logging_mixin.py:149} INFO - [2023-05-11T23:42:16.145+0000] {dag.py:2726} INFO - Sync 1 DAGs
[2023-05-11T23:42:16.198+0000] {logging_mixin.py:149} INFO - [2023-05-11T23:42:16.198+0000] {dag.py:3490} INFO - Setting next_dagrun for custom_operator to None, run_after=None
[2023-05-11T23:42:16.244+0000] {processor.py:178} INFO - Processing /opt/airflow/dags/4-custom_operator.py took 0.174 seconds
[2023-05-11T23:42:46.825+0000] {processor.py:156} INFO - Started process (PID=691) to work on /opt/airflow/dags/4-custom_operator.py
[2023-05-11T23:42:46.828+0000] {processor.py:799} INFO - Processing file /opt/airflow/dags/4-custom_operator.py for tasks to queue
[2023-05-11T23:42:46.830+0000] {logging_mixin.py:149} INFO - [2023-05-11T23:42:46.830+0000] {dagbag.py:541} INFO - Filling up the DagBag from /opt/airflow/dags/4-custom_operator.py
[2023-05-11T23:42:46.843+0000] {processor.py:809} INFO - DAG(s) dict_keys(['custom_operator']) retrieved from /opt/airflow/dags/4-custom_operator.py
[2023-05-11T23:42:46.898+0000] {logging_mixin.py:149} INFO - [2023-05-11T23:42:46.897+0000] {dag.py:2726} INFO - Sync 1 DAGs
[2023-05-11T23:42:46.956+0000] {logging_mixin.py:149} INFO - [2023-05-11T23:42:46.956+0000] {dag.py:3490} INFO - Setting next_dagrun for custom_operator to None, run_after=None
[2023-05-11T23:42:47.000+0000] {processor.py:178} INFO - Processing /opt/airflow/dags/4-custom_operator.py took 0.185 seconds
[2023-05-11T23:43:18.008+0000] {processor.py:156} INFO - Started process (PID=709) to work on /opt/airflow/dags/4-custom_operator.py
[2023-05-11T23:43:18.011+0000] {processor.py:799} INFO - Processing file /opt/airflow/dags/4-custom_operator.py for tasks to queue
[2023-05-11T23:43:18.022+0000] {logging_mixin.py:149} INFO - [2023-05-11T23:43:18.022+0000] {dagbag.py:541} INFO - Filling up the DagBag from /opt/airflow/dags/4-custom_operator.py
[2023-05-11T23:43:18.056+0000] {processor.py:809} INFO - DAG(s) dict_keys(['custom_operator']) retrieved from /opt/airflow/dags/4-custom_operator.py
[2023-05-11T23:43:18.118+0000] {logging_mixin.py:149} INFO - [2023-05-11T23:43:18.118+0000] {dag.py:2726} INFO - Sync 1 DAGs
[2023-05-11T23:43:18.243+0000] {logging_mixin.py:149} INFO - [2023-05-11T23:43:18.243+0000] {dag.py:3490} INFO - Setting next_dagrun for custom_operator to None, run_after=None
[2023-05-11T23:43:18.285+0000] {processor.py:178} INFO - Processing /opt/airflow/dags/4-custom_operator.py took 0.286 seconds
[2023-05-11T23:43:48.574+0000] {processor.py:156} INFO - Started process (PID=722) to work on /opt/airflow/dags/4-custom_operator.py
[2023-05-11T23:43:48.575+0000] {processor.py:799} INFO - Processing file /opt/airflow/dags/4-custom_operator.py for tasks to queue
[2023-05-11T23:43:48.579+0000] {logging_mixin.py:149} INFO - [2023-05-11T23:43:48.579+0000] {dagbag.py:541} INFO - Filling up the DagBag from /opt/airflow/dags/4-custom_operator.py
[2023-05-11T23:43:48.595+0000] {processor.py:809} INFO - DAG(s) dict_keys(['custom_operator']) retrieved from /opt/airflow/dags/4-custom_operator.py
[2023-05-11T23:43:48.655+0000] {logging_mixin.py:149} INFO - [2023-05-11T23:43:48.654+0000] {dag.py:2726} INFO - Sync 1 DAGs
[2023-05-11T23:43:48.707+0000] {logging_mixin.py:149} INFO - [2023-05-11T23:43:48.707+0000] {dag.py:3490} INFO - Setting next_dagrun for custom_operator to None, run_after=None
[2023-05-11T23:43:48.745+0000] {processor.py:178} INFO - Processing /opt/airflow/dags/4-custom_operator.py took 0.178 seconds
[2023-05-11T23:44:19.334+0000] {processor.py:156} INFO - Started process (PID=734) to work on /opt/airflow/dags/4-custom_operator.py
[2023-05-11T23:44:19.357+0000] {processor.py:799} INFO - Processing file /opt/airflow/dags/4-custom_operator.py for tasks to queue
[2023-05-11T23:44:19.361+0000] {logging_mixin.py:149} INFO - [2023-05-11T23:44:19.360+0000] {dagbag.py:541} INFO - Filling up the DagBag from /opt/airflow/dags/4-custom_operator.py
[2023-05-11T23:44:19.413+0000] {processor.py:809} INFO - DAG(s) dict_keys(['custom_operator']) retrieved from /opt/airflow/dags/4-custom_operator.py
[2023-05-11T23:44:19.598+0000] {logging_mixin.py:149} INFO - [2023-05-11T23:44:19.597+0000] {dag.py:2726} INFO - Sync 1 DAGs
[2023-05-11T23:44:19.798+0000] {logging_mixin.py:149} INFO - [2023-05-11T23:44:19.797+0000] {dag.py:3490} INFO - Setting next_dagrun for custom_operator to None, run_after=None
[2023-05-11T23:44:19.908+0000] {processor.py:178} INFO - Processing /opt/airflow/dags/4-custom_operator.py took 0.590 seconds
[2023-05-11T23:44:50.760+0000] {processor.py:156} INFO - Started process (PID=746) to work on /opt/airflow/dags/4-custom_operator.py
[2023-05-11T23:44:50.764+0000] {processor.py:799} INFO - Processing file /opt/airflow/dags/4-custom_operator.py for tasks to queue
[2023-05-11T23:44:50.766+0000] {logging_mixin.py:149} INFO - [2023-05-11T23:44:50.765+0000] {dagbag.py:541} INFO - Filling up the DagBag from /opt/airflow/dags/4-custom_operator.py
[2023-05-11T23:44:50.787+0000] {processor.py:809} INFO - DAG(s) dict_keys(['custom_operator']) retrieved from /opt/airflow/dags/4-custom_operator.py
[2023-05-11T23:44:50.837+0000] {logging_mixin.py:149} INFO - [2023-05-11T23:44:50.837+0000] {dag.py:2726} INFO - Sync 1 DAGs
[2023-05-11T23:44:50.895+0000] {logging_mixin.py:149} INFO - [2023-05-11T23:44:50.895+0000] {dag.py:3490} INFO - Setting next_dagrun for custom_operator to None, run_after=None
[2023-05-11T23:44:50.947+0000] {processor.py:178} INFO - Processing /opt/airflow/dags/4-custom_operator.py took 0.192 seconds
[2023-05-11T23:45:21.050+0000] {processor.py:156} INFO - Started process (PID=758) to work on /opt/airflow/dags/4-custom_operator.py
[2023-05-11T23:45:21.051+0000] {processor.py:799} INFO - Processing file /opt/airflow/dags/4-custom_operator.py for tasks to queue
[2023-05-11T23:45:21.052+0000] {logging_mixin.py:149} INFO - [2023-05-11T23:45:21.052+0000] {dagbag.py:541} INFO - Filling up the DagBag from /opt/airflow/dags/4-custom_operator.py
[2023-05-11T23:45:21.067+0000] {processor.py:809} INFO - DAG(s) dict_keys(['custom_operator']) retrieved from /opt/airflow/dags/4-custom_operator.py
[2023-05-11T23:45:21.105+0000] {logging_mixin.py:149} INFO - [2023-05-11T23:45:21.104+0000] {dag.py:2726} INFO - Sync 1 DAGs
[2023-05-11T23:45:21.146+0000] {logging_mixin.py:149} INFO - [2023-05-11T23:45:21.146+0000] {dag.py:3490} INFO - Setting next_dagrun for custom_operator to None, run_after=None
[2023-05-11T23:45:21.179+0000] {processor.py:178} INFO - Processing /opt/airflow/dags/4-custom_operator.py took 0.134 seconds
[2023-05-11T23:45:51.601+0000] {processor.py:156} INFO - Started process (PID=770) to work on /opt/airflow/dags/4-custom_operator.py
[2023-05-11T23:45:51.603+0000] {processor.py:799} INFO - Processing file /opt/airflow/dags/4-custom_operator.py for tasks to queue
[2023-05-11T23:45:51.604+0000] {logging_mixin.py:149} INFO - [2023-05-11T23:45:51.604+0000] {dagbag.py:541} INFO - Filling up the DagBag from /opt/airflow/dags/4-custom_operator.py
[2023-05-11T23:45:51.616+0000] {processor.py:809} INFO - DAG(s) dict_keys(['custom_operator']) retrieved from /opt/airflow/dags/4-custom_operator.py
[2023-05-11T23:45:51.654+0000] {logging_mixin.py:149} INFO - [2023-05-11T23:45:51.654+0000] {dag.py:2726} INFO - Sync 1 DAGs
[2023-05-11T23:45:51.695+0000] {logging_mixin.py:149} INFO - [2023-05-11T23:45:51.695+0000] {dag.py:3490} INFO - Setting next_dagrun for custom_operator to None, run_after=None
[2023-05-11T23:45:51.723+0000] {processor.py:178} INFO - Processing /opt/airflow/dags/4-custom_operator.py took 0.129 seconds
[2023-05-11T23:46:22.440+0000] {processor.py:156} INFO - Started process (PID=782) to work on /opt/airflow/dags/4-custom_operator.py
[2023-05-11T23:46:22.441+0000] {processor.py:799} INFO - Processing file /opt/airflow/dags/4-custom_operator.py for tasks to queue
[2023-05-11T23:46:22.442+0000] {logging_mixin.py:149} INFO - [2023-05-11T23:46:22.442+0000] {dagbag.py:541} INFO - Filling up the DagBag from /opt/airflow/dags/4-custom_operator.py
[2023-05-11T23:46:22.457+0000] {processor.py:809} INFO - DAG(s) dict_keys(['custom_operator']) retrieved from /opt/airflow/dags/4-custom_operator.py
[2023-05-11T23:46:22.494+0000] {logging_mixin.py:149} INFO - [2023-05-11T23:46:22.494+0000] {dag.py:2726} INFO - Sync 1 DAGs
[2023-05-11T23:46:22.535+0000] {logging_mixin.py:149} INFO - [2023-05-11T23:46:22.535+0000] {dag.py:3490} INFO - Setting next_dagrun for custom_operator to None, run_after=None
[2023-05-11T23:46:22.562+0000] {processor.py:178} INFO - Processing /opt/airflow/dags/4-custom_operator.py took 0.130 seconds
[2023-05-11T23:46:52.984+0000] {processor.py:156} INFO - Started process (PID=794) to work on /opt/airflow/dags/4-custom_operator.py
[2023-05-11T23:46:52.988+0000] {processor.py:799} INFO - Processing file /opt/airflow/dags/4-custom_operator.py for tasks to queue
[2023-05-11T23:46:52.991+0000] {logging_mixin.py:149} INFO - [2023-05-11T23:46:52.990+0000] {dagbag.py:541} INFO - Filling up the DagBag from /opt/airflow/dags/4-custom_operator.py
[2023-05-11T23:46:53.003+0000] {processor.py:809} INFO - DAG(s) dict_keys(['custom_operator']) retrieved from /opt/airflow/dags/4-custom_operator.py
[2023-05-11T23:46:53.043+0000] {logging_mixin.py:149} INFO - [2023-05-11T23:46:53.042+0000] {dag.py:2726} INFO - Sync 1 DAGs
[2023-05-11T23:46:53.081+0000] {logging_mixin.py:149} INFO - [2023-05-11T23:46:53.081+0000] {dag.py:3490} INFO - Setting next_dagrun for custom_operator to None, run_after=None
[2023-05-11T23:46:53.119+0000] {processor.py:178} INFO - Processing /opt/airflow/dags/4-custom_operator.py took 0.149 seconds
[2023-05-11T23:47:23.832+0000] {processor.py:156} INFO - Started process (PID=806) to work on /opt/airflow/dags/4-custom_operator.py
[2023-05-11T23:47:23.833+0000] {processor.py:799} INFO - Processing file /opt/airflow/dags/4-custom_operator.py for tasks to queue
[2023-05-11T23:47:23.835+0000] {logging_mixin.py:149} INFO - [2023-05-11T23:47:23.834+0000] {dagbag.py:541} INFO - Filling up the DagBag from /opt/airflow/dags/4-custom_operator.py
[2023-05-11T23:47:23.853+0000] {processor.py:809} INFO - DAG(s) dict_keys(['custom_operator']) retrieved from /opt/airflow/dags/4-custom_operator.py
[2023-05-11T23:47:23.890+0000] {logging_mixin.py:149} INFO - [2023-05-11T23:47:23.890+0000] {dag.py:2726} INFO - Sync 1 DAGs
[2023-05-11T23:47:23.930+0000] {logging_mixin.py:149} INFO - [2023-05-11T23:47:23.930+0000] {dag.py:3490} INFO - Setting next_dagrun for custom_operator to None, run_after=None
[2023-05-11T23:47:23.958+0000] {processor.py:178} INFO - Processing /opt/airflow/dags/4-custom_operator.py took 0.133 seconds
[2023-05-11T23:47:54.368+0000] {processor.py:156} INFO - Started process (PID=819) to work on /opt/airflow/dags/4-custom_operator.py
[2023-05-11T23:47:54.370+0000] {processor.py:799} INFO - Processing file /opt/airflow/dags/4-custom_operator.py for tasks to queue
[2023-05-11T23:47:54.371+0000] {logging_mixin.py:149} INFO - [2023-05-11T23:47:54.371+0000] {dagbag.py:541} INFO - Filling up the DagBag from /opt/airflow/dags/4-custom_operator.py
[2023-05-11T23:47:54.390+0000] {processor.py:809} INFO - DAG(s) dict_keys(['custom_operator']) retrieved from /opt/airflow/dags/4-custom_operator.py
[2023-05-11T23:47:54.442+0000] {logging_mixin.py:149} INFO - [2023-05-11T23:47:54.442+0000] {dag.py:2726} INFO - Sync 1 DAGs
[2023-05-11T23:47:54.486+0000] {logging_mixin.py:149} INFO - [2023-05-11T23:47:54.486+0000] {dag.py:3490} INFO - Setting next_dagrun for custom_operator to None, run_after=None
[2023-05-11T23:47:54.517+0000] {processor.py:178} INFO - Processing /opt/airflow/dags/4-custom_operator.py took 0.158 seconds
[2023-05-11T23:48:25.253+0000] {processor.py:156} INFO - Started process (PID=831) to work on /opt/airflow/dags/4-custom_operator.py
[2023-05-11T23:48:25.255+0000] {processor.py:799} INFO - Processing file /opt/airflow/dags/4-custom_operator.py for tasks to queue
[2023-05-11T23:48:25.256+0000] {logging_mixin.py:149} INFO - [2023-05-11T23:48:25.256+0000] {dagbag.py:541} INFO - Filling up the DagBag from /opt/airflow/dags/4-custom_operator.py
[2023-05-11T23:48:25.270+0000] {processor.py:809} INFO - DAG(s) dict_keys(['custom_operator']) retrieved from /opt/airflow/dags/4-custom_operator.py
[2023-05-11T23:48:25.313+0000] {logging_mixin.py:149} INFO - [2023-05-11T23:48:25.313+0000] {dag.py:2726} INFO - Sync 1 DAGs
[2023-05-11T23:48:25.370+0000] {logging_mixin.py:149} INFO - [2023-05-11T23:48:25.369+0000] {dag.py:3490} INFO - Setting next_dagrun for custom_operator to None, run_after=None
[2023-05-11T23:48:25.402+0000] {processor.py:178} INFO - Processing /opt/airflow/dags/4-custom_operator.py took 0.154 seconds
[2023-05-11T23:48:56.041+0000] {processor.py:156} INFO - Started process (PID=843) to work on /opt/airflow/dags/4-custom_operator.py
[2023-05-11T23:48:56.043+0000] {processor.py:799} INFO - Processing file /opt/airflow/dags/4-custom_operator.py for tasks to queue
[2023-05-11T23:48:56.044+0000] {logging_mixin.py:149} INFO - [2023-05-11T23:48:56.044+0000] {dagbag.py:541} INFO - Filling up the DagBag from /opt/airflow/dags/4-custom_operator.py
[2023-05-11T23:48:56.057+0000] {processor.py:809} INFO - DAG(s) dict_keys(['custom_operator']) retrieved from /opt/airflow/dags/4-custom_operator.py
[2023-05-11T23:48:56.097+0000] {logging_mixin.py:149} INFO - [2023-05-11T23:48:56.097+0000] {dag.py:2726} INFO - Sync 1 DAGs
[2023-05-11T23:48:56.150+0000] {logging_mixin.py:149} INFO - [2023-05-11T23:48:56.149+0000] {dag.py:3490} INFO - Setting next_dagrun for custom_operator to None, run_after=None
[2023-05-11T23:48:56.177+0000] {processor.py:178} INFO - Processing /opt/airflow/dags/4-custom_operator.py took 0.142 seconds
[2023-05-11T23:49:26.686+0000] {processor.py:156} INFO - Started process (PID=856) to work on /opt/airflow/dags/4-custom_operator.py
[2023-05-11T23:49:26.688+0000] {processor.py:799} INFO - Processing file /opt/airflow/dags/4-custom_operator.py for tasks to queue
[2023-05-11T23:49:26.690+0000] {logging_mixin.py:149} INFO - [2023-05-11T23:49:26.690+0000] {dagbag.py:541} INFO - Filling up the DagBag from /opt/airflow/dags/4-custom_operator.py
[2023-05-11T23:49:26.705+0000] {processor.py:809} INFO - DAG(s) dict_keys(['custom_operator']) retrieved from /opt/airflow/dags/4-custom_operator.py
[2023-05-11T23:49:26.744+0000] {logging_mixin.py:149} INFO - [2023-05-11T23:49:26.744+0000] {dag.py:2726} INFO - Sync 1 DAGs
[2023-05-11T23:49:26.784+0000] {logging_mixin.py:149} INFO - [2023-05-11T23:49:26.784+0000] {dag.py:3490} INFO - Setting next_dagrun for custom_operator to None, run_after=None
[2023-05-11T23:49:26.812+0000] {processor.py:178} INFO - Processing /opt/airflow/dags/4-custom_operator.py took 0.131 seconds
[2023-05-11T23:49:57.383+0000] {processor.py:156} INFO - Started process (PID=868) to work on /opt/airflow/dags/4-custom_operator.py
[2023-05-11T23:49:57.384+0000] {processor.py:799} INFO - Processing file /opt/airflow/dags/4-custom_operator.py for tasks to queue
[2023-05-11T23:49:57.385+0000] {logging_mixin.py:149} INFO - [2023-05-11T23:49:57.385+0000] {dagbag.py:541} INFO - Filling up the DagBag from /opt/airflow/dags/4-custom_operator.py
[2023-05-11T23:49:57.400+0000] {processor.py:809} INFO - DAG(s) dict_keys(['custom_operator']) retrieved from /opt/airflow/dags/4-custom_operator.py
[2023-05-11T23:49:57.452+0000] {logging_mixin.py:149} INFO - [2023-05-11T23:49:57.451+0000] {dag.py:2726} INFO - Sync 1 DAGs
[2023-05-11T23:49:57.512+0000] {logging_mixin.py:149} INFO - [2023-05-11T23:49:57.512+0000] {dag.py:3490} INFO - Setting next_dagrun for custom_operator to None, run_after=None
[2023-05-11T23:49:57.551+0000] {processor.py:178} INFO - Processing /opt/airflow/dags/4-custom_operator.py took 0.175 seconds
[2023-05-11T23:50:27.891+0000] {processor.py:156} INFO - Started process (PID=880) to work on /opt/airflow/dags/4-custom_operator.py
[2023-05-11T23:50:27.892+0000] {processor.py:799} INFO - Processing file /opt/airflow/dags/4-custom_operator.py for tasks to queue
[2023-05-11T23:50:27.893+0000] {logging_mixin.py:149} INFO - [2023-05-11T23:50:27.893+0000] {dagbag.py:541} INFO - Filling up the DagBag from /opt/airflow/dags/4-custom_operator.py
[2023-05-11T23:50:27.905+0000] {processor.py:809} INFO - DAG(s) dict_keys(['custom_operator']) retrieved from /opt/airflow/dags/4-custom_operator.py
[2023-05-11T23:50:27.951+0000] {logging_mixin.py:149} INFO - [2023-05-11T23:50:27.951+0000] {dag.py:2726} INFO - Sync 1 DAGs
[2023-05-11T23:50:28.011+0000] {logging_mixin.py:149} INFO - [2023-05-11T23:50:28.011+0000] {dag.py:3490} INFO - Setting next_dagrun for custom_operator to None, run_after=None
[2023-05-11T23:50:28.043+0000] {processor.py:178} INFO - Processing /opt/airflow/dags/4-custom_operator.py took 0.158 seconds
[2023-05-11T23:50:58.822+0000] {processor.py:156} INFO - Started process (PID=893) to work on /opt/airflow/dags/4-custom_operator.py
[2023-05-11T23:50:58.877+0000] {processor.py:799} INFO - Processing file /opt/airflow/dags/4-custom_operator.py for tasks to queue
[2023-05-11T23:50:58.878+0000] {logging_mixin.py:149} INFO - [2023-05-11T23:50:58.878+0000] {dagbag.py:541} INFO - Filling up the DagBag from /opt/airflow/dags/4-custom_operator.py
[2023-05-11T23:50:58.920+0000] {processor.py:809} INFO - DAG(s) dict_keys(['custom_operator']) retrieved from /opt/airflow/dags/4-custom_operator.py
[2023-05-11T23:50:59.063+0000] {logging_mixin.py:149} INFO - [2023-05-11T23:50:59.063+0000] {dag.py:2726} INFO - Sync 1 DAGs
[2023-05-11T23:50:59.249+0000] {logging_mixin.py:149} INFO - [2023-05-11T23:50:59.249+0000] {dag.py:3490} INFO - Setting next_dagrun for custom_operator to None, run_after=None
[2023-05-11T23:50:59.705+0000] {processor.py:178} INFO - Processing /opt/airflow/dags/4-custom_operator.py took 0.914 seconds
[2023-05-11T23:51:31.214+0000] {processor.py:156} INFO - Started process (PID=906) to work on /opt/airflow/dags/4-custom_operator.py
[2023-05-11T23:51:31.218+0000] {processor.py:799} INFO - Processing file /opt/airflow/dags/4-custom_operator.py for tasks to queue
[2023-05-11T23:51:31.219+0000] {logging_mixin.py:149} INFO - [2023-05-11T23:51:31.219+0000] {dagbag.py:541} INFO - Filling up the DagBag from /opt/airflow/dags/4-custom_operator.py
[2023-05-11T23:51:31.235+0000] {processor.py:809} INFO - DAG(s) dict_keys(['custom_operator']) retrieved from /opt/airflow/dags/4-custom_operator.py
[2023-05-11T23:51:31.279+0000] {logging_mixin.py:149} INFO - [2023-05-11T23:51:31.279+0000] {dag.py:2726} INFO - Sync 1 DAGs
[2023-05-11T23:51:31.337+0000] {logging_mixin.py:149} INFO - [2023-05-11T23:51:31.336+0000] {dag.py:3490} INFO - Setting next_dagrun for custom_operator to None, run_after=None
[2023-05-11T23:51:31.375+0000] {processor.py:178} INFO - Processing /opt/airflow/dags/4-custom_operator.py took 0.168 seconds
[2023-05-11T23:52:02.177+0000] {processor.py:156} INFO - Started process (PID=918) to work on /opt/airflow/dags/4-custom_operator.py
[2023-05-11T23:52:02.178+0000] {processor.py:799} INFO - Processing file /opt/airflow/dags/4-custom_operator.py for tasks to queue
[2023-05-11T23:52:02.180+0000] {logging_mixin.py:149} INFO - [2023-05-11T23:52:02.179+0000] {dagbag.py:541} INFO - Filling up the DagBag from /opt/airflow/dags/4-custom_operator.py
[2023-05-11T23:52:02.199+0000] {processor.py:809} INFO - DAG(s) dict_keys(['custom_operator']) retrieved from /opt/airflow/dags/4-custom_operator.py
[2023-05-11T23:52:02.252+0000] {logging_mixin.py:149} INFO - [2023-05-11T23:52:02.252+0000] {dag.py:2726} INFO - Sync 1 DAGs
[2023-05-11T23:52:02.300+0000] {logging_mixin.py:149} INFO - [2023-05-11T23:52:02.299+0000] {dag.py:3490} INFO - Setting next_dagrun for custom_operator to None, run_after=None
[2023-05-11T23:52:02.338+0000] {processor.py:178} INFO - Processing /opt/airflow/dags/4-custom_operator.py took 0.167 seconds
[2023-05-11T23:52:33.311+0000] {processor.py:156} INFO - Started process (PID=930) to work on /opt/airflow/dags/4-custom_operator.py
[2023-05-11T23:52:33.315+0000] {processor.py:799} INFO - Processing file /opt/airflow/dags/4-custom_operator.py for tasks to queue
[2023-05-11T23:52:33.318+0000] {logging_mixin.py:149} INFO - [2023-05-11T23:52:33.318+0000] {dagbag.py:541} INFO - Filling up the DagBag from /opt/airflow/dags/4-custom_operator.py
[2023-05-11T23:52:33.336+0000] {processor.py:809} INFO - DAG(s) dict_keys(['custom_operator']) retrieved from /opt/airflow/dags/4-custom_operator.py
[2023-05-11T23:52:33.398+0000] {logging_mixin.py:149} INFO - [2023-05-11T23:52:33.395+0000] {dag.py:2726} INFO - Sync 1 DAGs
[2023-05-11T23:52:33.467+0000] {logging_mixin.py:149} INFO - [2023-05-11T23:52:33.467+0000] {dag.py:3490} INFO - Setting next_dagrun for custom_operator to None, run_after=None
[2023-05-11T23:52:33.505+0000] {processor.py:178} INFO - Processing /opt/airflow/dags/4-custom_operator.py took 0.200 seconds
[2023-05-11T23:53:04.096+0000] {processor.py:156} INFO - Started process (PID=942) to work on /opt/airflow/dags/4-custom_operator.py
[2023-05-11T23:53:04.098+0000] {processor.py:799} INFO - Processing file /opt/airflow/dags/4-custom_operator.py for tasks to queue
[2023-05-11T23:53:04.099+0000] {logging_mixin.py:149} INFO - [2023-05-11T23:53:04.099+0000] {dagbag.py:541} INFO - Filling up the DagBag from /opt/airflow/dags/4-custom_operator.py
[2023-05-11T23:53:04.120+0000] {processor.py:809} INFO - DAG(s) dict_keys(['custom_operator']) retrieved from /opt/airflow/dags/4-custom_operator.py
[2023-05-11T23:53:04.213+0000] {logging_mixin.py:149} INFO - [2023-05-11T23:53:04.213+0000] {dag.py:2726} INFO - Sync 1 DAGs
[2023-05-11T23:53:04.337+0000] {logging_mixin.py:149} INFO - [2023-05-11T23:53:04.337+0000] {dag.py:3490} INFO - Setting next_dagrun for custom_operator to None, run_after=None
[2023-05-11T23:53:04.427+0000] {processor.py:178} INFO - Processing /opt/airflow/dags/4-custom_operator.py took 0.337 seconds
[2023-05-11T23:53:34.746+0000] {processor.py:156} INFO - Started process (PID=954) to work on /opt/airflow/dags/4-custom_operator.py
[2023-05-11T23:53:34.749+0000] {processor.py:799} INFO - Processing file /opt/airflow/dags/4-custom_operator.py for tasks to queue
[2023-05-11T23:53:34.751+0000] {logging_mixin.py:149} INFO - [2023-05-11T23:53:34.751+0000] {dagbag.py:541} INFO - Filling up the DagBag from /opt/airflow/dags/4-custom_operator.py
[2023-05-11T23:53:34.773+0000] {processor.py:809} INFO - DAG(s) dict_keys(['custom_operator']) retrieved from /opt/airflow/dags/4-custom_operator.py
[2023-05-11T23:53:34.814+0000] {logging_mixin.py:149} INFO - [2023-05-11T23:53:34.814+0000] {dag.py:2726} INFO - Sync 1 DAGs
[2023-05-11T23:53:34.854+0000] {logging_mixin.py:149} INFO - [2023-05-11T23:53:34.854+0000] {dag.py:3490} INFO - Setting next_dagrun for custom_operator to None, run_after=None
[2023-05-11T23:53:34.883+0000] {processor.py:178} INFO - Processing /opt/airflow/dags/4-custom_operator.py took 0.144 seconds
[2023-05-11T23:54:05.868+0000] {processor.py:156} INFO - Started process (PID=966) to work on /opt/airflow/dags/4-custom_operator.py
[2023-05-11T23:54:05.869+0000] {processor.py:799} INFO - Processing file /opt/airflow/dags/4-custom_operator.py for tasks to queue
[2023-05-11T23:54:05.870+0000] {logging_mixin.py:149} INFO - [2023-05-11T23:54:05.870+0000] {dagbag.py:541} INFO - Filling up the DagBag from /opt/airflow/dags/4-custom_operator.py
[2023-05-11T23:54:05.881+0000] {processor.py:809} INFO - DAG(s) dict_keys(['custom_operator']) retrieved from /opt/airflow/dags/4-custom_operator.py
[2023-05-11T23:54:05.919+0000] {logging_mixin.py:149} INFO - [2023-05-11T23:54:05.919+0000] {dag.py:2726} INFO - Sync 1 DAGs
[2023-05-11T23:54:05.959+0000] {logging_mixin.py:149} INFO - [2023-05-11T23:54:05.959+0000] {dag.py:3490} INFO - Setting next_dagrun for custom_operator to None, run_after=None
[2023-05-11T23:54:05.987+0000] {processor.py:178} INFO - Processing /opt/airflow/dags/4-custom_operator.py took 0.129 seconds
[2023-05-11T23:54:36.763+0000] {processor.py:156} INFO - Started process (PID=978) to work on /opt/airflow/dags/4-custom_operator.py
[2023-05-11T23:54:36.764+0000] {processor.py:799} INFO - Processing file /opt/airflow/dags/4-custom_operator.py for tasks to queue
[2023-05-11T23:54:36.764+0000] {logging_mixin.py:149} INFO - [2023-05-11T23:54:36.764+0000] {dagbag.py:541} INFO - Filling up the DagBag from /opt/airflow/dags/4-custom_operator.py
[2023-05-11T23:54:36.777+0000] {processor.py:809} INFO - DAG(s) dict_keys(['custom_operator']) retrieved from /opt/airflow/dags/4-custom_operator.py
[2023-05-11T23:54:36.819+0000] {logging_mixin.py:149} INFO - [2023-05-11T23:54:36.818+0000] {dag.py:2726} INFO - Sync 1 DAGs
[2023-05-11T23:54:36.858+0000] {logging_mixin.py:149} INFO - [2023-05-11T23:54:36.858+0000] {dag.py:3490} INFO - Setting next_dagrun for custom_operator to None, run_after=None
[2023-05-11T23:54:36.887+0000] {processor.py:178} INFO - Processing /opt/airflow/dags/4-custom_operator.py took 0.130 seconds
[2023-05-11T23:55:07.691+0000] {processor.py:156} INFO - Started process (PID=991) to work on /opt/airflow/dags/4-custom_operator.py
[2023-05-11T23:55:07.702+0000] {processor.py:799} INFO - Processing file /opt/airflow/dags/4-custom_operator.py for tasks to queue
[2023-05-11T23:55:07.704+0000] {logging_mixin.py:149} INFO - [2023-05-11T23:55:07.703+0000] {dagbag.py:541} INFO - Filling up the DagBag from /opt/airflow/dags/4-custom_operator.py
[2023-05-11T23:55:07.742+0000] {processor.py:809} INFO - DAG(s) dict_keys(['custom_operator']) retrieved from /opt/airflow/dags/4-custom_operator.py
[2023-05-11T23:55:07.832+0000] {logging_mixin.py:149} INFO - [2023-05-11T23:55:07.832+0000] {dag.py:2726} INFO - Sync 1 DAGs
[2023-05-11T23:55:07.940+0000] {logging_mixin.py:149} INFO - [2023-05-11T23:55:07.940+0000] {dag.py:3490} INFO - Setting next_dagrun for custom_operator to None, run_after=None
[2023-05-11T23:55:08.089+0000] {processor.py:178} INFO - Processing /opt/airflow/dags/4-custom_operator.py took 0.415 seconds
[2023-05-11T23:55:38.372+0000] {processor.py:156} INFO - Started process (PID=1003) to work on /opt/airflow/dags/4-custom_operator.py
[2023-05-11T23:55:38.373+0000] {processor.py:799} INFO - Processing file /opt/airflow/dags/4-custom_operator.py for tasks to queue
[2023-05-11T23:55:38.375+0000] {logging_mixin.py:149} INFO - [2023-05-11T23:55:38.375+0000] {dagbag.py:541} INFO - Filling up the DagBag from /opt/airflow/dags/4-custom_operator.py
[2023-05-11T23:55:38.420+0000] {processor.py:809} INFO - DAG(s) dict_keys(['custom_operator']) retrieved from /opt/airflow/dags/4-custom_operator.py
[2023-05-11T23:55:38.543+0000] {logging_mixin.py:149} INFO - [2023-05-11T23:55:38.542+0000] {dag.py:2726} INFO - Sync 1 DAGs
[2023-05-11T23:55:38.691+0000] {logging_mixin.py:149} INFO - [2023-05-11T23:55:38.691+0000] {dag.py:3490} INFO - Setting next_dagrun for custom_operator to None, run_after=None
[2023-05-11T23:55:38.740+0000] {processor.py:178} INFO - Processing /opt/airflow/dags/4-custom_operator.py took 0.383 seconds
[2023-05-11T23:56:12.954+0000] {processor.py:156} INFO - Started process (PID=1015) to work on /opt/airflow/dags/4-custom_operator.py
[2023-05-11T23:56:13.001+0000] {processor.py:799} INFO - Processing file /opt/airflow/dags/4-custom_operator.py for tasks to queue
[2023-05-11T23:56:13.003+0000] {logging_mixin.py:149} INFO - [2023-05-11T23:56:13.002+0000] {dagbag.py:541} INFO - Filling up the DagBag from /opt/airflow/dags/4-custom_operator.py
[2023-05-11T23:56:13.291+0000] {processor.py:809} INFO - DAG(s) dict_keys(['custom_operator']) retrieved from /opt/airflow/dags/4-custom_operator.py
[2023-05-11T23:56:13.647+0000] {logging_mixin.py:149} INFO - [2023-05-11T23:56:13.646+0000] {dag.py:2726} INFO - Sync 1 DAGs
[2023-05-11T23:56:14.070+0000] {logging_mixin.py:149} INFO - [2023-05-11T23:56:14.069+0000] {dag.py:3490} INFO - Setting next_dagrun for custom_operator to None, run_after=None
[2023-05-11T23:56:18.369+0000] {processor.py:178} INFO - Processing /opt/airflow/dags/4-custom_operator.py took 5.492 seconds
